<?xml version="1.0" encoding="UTF-8"?>
<testsuites name="Run all test cases" time="2215.682" tests="50" failures="8" errors="0">
   <testsuite name="Run all test cases" tests="50" failures="8" errors="0" time="2215.682" skipped="0" timestamp="2022-01-12 23:26:04" hostname="MDH - MSI" id="Test Suites/Run all test cases">
      <properties>
[...]
</properties>
      <testcase name="Test Cases/Student/Student_Enroll/Student_Enroll With Key_Failed" time="15.427" classname="Test Cases/Student/Student_Enroll/Student_Enroll With Key_Failed" status="PASSED">
         <system-out><![CDATA[2022-01-12 23:26:04 - [TEST_CASE][PASSED] - Test Cases/Student/Student_Enroll/Student_Enroll With Key_Failed: Test Cases/Student/Student_Enroll/Student_Enroll With Key_Failed

2022-01-12 23:26:04 - [TEST_STEP][PASSED] - openBrowser(""): Browser is opened with url: ''

2022-01-12 23:26:04 - [MESSAGE][INFO] - Starting 'Chrome' driver

2022-01-12 23:26:04 - [MESSAGE][INFO] - User set preference: ['args', '[window-size=1300,900]']

2022-01-12 23:26:04 - [MESSAGE][INFO] - Action delay is set to 0 milliseconds

2022-01-12 23:26:07 - [MESSAGE][PASSED] - Browser is opened with url: ''

2022-01-12 23:26:07 - [TEST_STEP][PASSED] - navigateToUrl("http://localhost:8080/moodle/"): Navigate to 'http://localhost:8080/moodle/' successfully

2022-01-12 23:26:07 - [MESSAGE][PASSED] - Navigate to 'http://localhost:8080/moodle/' successfully

2022-01-12 23:26:07 - [TEST_STEP][PASSED] - click(findTestObject("Object Repository/Page_BCS Moodle/a_Log in")): Object: 'Object Repository/Page_BCS Moodle/a_Log in' is clicked on

2022-01-12 23:26:08 - [MESSAGE][PASSED] - Object: 'Object Repository/Page_BCS Moodle/a_Log in' is clicked on

2022-01-12 23:26:08 - [TEST_STEP][PASSED] - setText(findTestObject("Object Repository/Page_BCS Moodle Log in to the site/input_Username_username"), "thaiduy"): Text 'thaiduy' is set on object 'Object Repository/Page_BCS Moodle Log in to the site/input_Username_username'

2022-01-12 23:26:09 - [MESSAGE][PASSED] - Text 'thaiduy' is set on object 'Object Repository/Page_BCS Moodle Log in to the site/input_Username_username'

2022-01-12 23:26:09 - [TEST_STEP][PASSED] - setEncryptedText(findTestObject("Object Repository/Page_BCS Moodle Log in to the site/input_Password_password"), "p4y+y39Ir5PR9RXlOHjWlj+CAJiYdX4g"): Text ****** has been set on object 'Object Repository/Page_BCS Moodle Log in to the site/input_Password_password'

2022-01-12 23:26:10 - [MESSAGE][PASSED] - Text ****** has been set on object 'Object Repository/Page_BCS Moodle Log in to the site/input_Password_password'

2022-01-12 23:26:10 - [TEST_STEP][PASSED] - click(findTestObject("Object Repository/Page_BCS Moodle Log in to the site/button_Log in")): Object: 'Object Repository/Page_BCS Moodle Log in to the site/button_Log in' is clicked on

2022-01-12 23:26:12 - [MESSAGE][PASSED] - Object: 'Object Repository/Page_BCS Moodle Log in to the site/button_Log in' is clicked on

2022-01-12 23:26:12 - [TEST_STEP][PASSED] - click(findTestObject("Object Repository/Page_Dashboard/a_Site home")): Object: 'Object Repository/Page_Dashboard/a_Site home' is clicked on

2022-01-12 23:26:15 - [MESSAGE][PASSED] - Object: 'Object Repository/Page_Dashboard/a_Site home' is clicked on

2022-01-12 23:26:15 - [TEST_STEP][PASSED] - click(findTestObject("Object Repository/Page_BCS Moodle/a_C s d liu 19CTT3")): Object: 'Object Repository/Page_BCS Moodle/a_C s d liu 19CTT3' is clicked on

2022-01-12 23:26:16 - [MESSAGE][PASSED] - Object: 'Object Repository/Page_BCS Moodle/a_C s d liu 19CTT3' is clicked on

2022-01-12 23:26:16 - [TEST_STEP][PASSED] - setEncryptedText(findTestObject("Object Repository/Page_CSDL/input_Enrolment key_enrolpassword"), "BV0dRoAgsGg="): Text ****** has been set on object 'Object Repository/Page_CSDL/input_Enrolment key_enrolpassword'

2022-01-12 23:26:17 - [MESSAGE][PASSED] - Text ****** has been set on object 'Object Repository/Page_CSDL/input_Enrolment key_enrolpassword'

2022-01-12 23:26:17 - [TEST_STEP][PASSED] - click(findTestObject("Object Repository/Page_CSDL/input_Enrolment key_submitbutton")): Object: 'Object Repository/Page_CSDL/input_Enrolment key_submitbutton' is clicked on

2022-01-12 23:26:18 - [MESSAGE][PASSED] - Object: 'Object Repository/Page_CSDL/input_Enrolment key_submitbutton' is clicked on

2022-01-12 23:26:18 - [TEST_STEP][PASSED] - verifyElementPresent(findTestObject("Object Repository/Page_CSDL/div_Incorrect enrolment key, please try again"), 0): Object 'Object Repository/Page_CSDL/div_Incorrect enrolment key, please try again' is present

2022-01-12 23:26:18 - [MESSAGE][WARNING] - Timeout '0' is invalid. Using default page load timeout: '30'

2022-01-12 23:26:19 - [MESSAGE][PASSED] - Object 'Object Repository/Page_CSDL/div_Incorrect enrolment key, please try again' is present

2022-01-12 23:26:19 - [TEST_STEP][PASSED] - closeBrowser(): Browser is closed

2022-01-12 23:26:19 - [MESSAGE][PASSED] - Browser is closed]]></system-out>
         <system-err><![CDATA[]]></system-err>
      </testcase>
      <testcase name="Test Cases/Student/Student_Enroll/Student_Self Enroll_Success_No Key" time="16.941" classname="Test Cases/Student/Student_Enroll/Student_Self Enroll_Success_No Key" status="PASSED">
         <system-out><![CDATA[2022-01-12 23:26:19 - [TEST_CASE][PASSED] - Test Cases/Student/Student_Enroll/Student_Self Enroll_Success_No Key: Test Cases/Student/Student_Enroll/Student_Self Enroll_Success_No Key

2022-01-12 23:26:20 - [TEST_STEP][PASSED] - openBrowser(""): Browser is opened with url: ''

2022-01-12 23:26:20 - [MESSAGE][INFO] - Starting 'Chrome' driver

2022-01-12 23:26:20 - [MESSAGE][INFO] - User set preference: ['args', '[window-size=1300,900]']

2022-01-12 23:26:20 - [MESSAGE][INFO] - Action delay is set to 0 milliseconds

2022-01-12 23:26:21 - [MESSAGE][PASSED] - Browser is opened with url: ''

2022-01-12 23:26:21 - [TEST_STEP][PASSED] - navigateToUrl("http://localhost:8080/moodle/"): Navigate to 'http://localhost:8080/moodle/' successfully

2022-01-12 23:26:22 - [MESSAGE][PASSED] - Navigate to 'http://localhost:8080/moodle/' successfully

2022-01-12 23:26:22 - [TEST_STEP][PASSED] - click(findTestObject("Object Repository/Page_BCS Moodle/a_Log in")): Object: 'Object Repository/Page_BCS Moodle/a_Log in' is clicked on

2022-01-12 23:26:22 - [MESSAGE][PASSED] - Object: 'Object Repository/Page_BCS Moodle/a_Log in' is clicked on

2022-01-12 23:26:22 - [TEST_STEP][PASSED] - setText(findTestObject("Object Repository/Page_BCS Moodle Log in to the site/input_Username_username"), "ydam"): Text 'ydam' is set on object 'Object Repository/Page_BCS Moodle Log in to the site/input_Username_username'

2022-01-12 23:26:23 - [MESSAGE][PASSED] - Text 'ydam' is set on object 'Object Repository/Page_BCS Moodle Log in to the site/input_Username_username'

2022-01-12 23:26:23 - [TEST_STEP][PASSED] - doubleClick(findTestObject("Object Repository/Page_BCS Moodle Log in to the site/input_Username_username")): Object: 'Object Repository/Page_BCS Moodle Log in to the site/input_Username_username' is double clicked on

2022-01-12 23:26:24 - [MESSAGE][PASSED] - Object: 'Object Repository/Page_BCS Moodle Log in to the site/input_Username_username' is double clicked on

2022-01-12 23:26:24 - [TEST_STEP][PASSED] - setText(findTestObject("Object Repository/Page_BCS Moodle Log in to the site/input_Username_username"), "xuany"): Text 'xuany' is set on object 'Object Repository/Page_BCS Moodle Log in to the site/input_Username_username'

2022-01-12 23:26:25 - [MESSAGE][PASSED] - Text 'xuany' is set on object 'Object Repository/Page_BCS Moodle Log in to the site/input_Username_username'

2022-01-12 23:26:25 - [TEST_STEP][PASSED] - setEncryptedText(findTestObject("Object Repository/Page_BCS Moodle Log in to the site/input_Password_password"), "p4y+y39Ir5PR9RXlOHjWlj+CAJiYdX4g"): Text ****** has been set on object 'Object Repository/Page_BCS Moodle Log in to the site/input_Password_password'

2022-01-12 23:26:25 - [MESSAGE][PASSED] - Text ****** has been set on object 'Object Repository/Page_BCS Moodle Log in to the site/input_Password_password'

2022-01-12 23:26:25 - [TEST_STEP][PASSED] - click(findTestObject("Object Repository/Page_BCS Moodle Log in to the site/button_Log in")): Object: 'Object Repository/Page_BCS Moodle Log in to the site/button_Log in' is clicked on

2022-01-12 23:26:27 - [MESSAGE][PASSED] - Object: 'Object Repository/Page_BCS Moodle Log in to the site/button_Log in' is clicked on

2022-01-12 23:26:27 - [TEST_STEP][PASSED] - click(findTestObject("Object Repository/Page_Dashboard/a_Site home")): Object: 'Object Repository/Page_Dashboard/a_Site home' is clicked on

2022-01-12 23:26:30 - [MESSAGE][PASSED] - Object: 'Object Repository/Page_Dashboard/a_Site home' is clicked on

2022-01-12 23:26:30 - [TEST_STEP][PASSED] - click(findTestObject("Object Repository/Page_BCS Moodle/a_Lp trnh hng i tng 19CTT3")): Object: 'Object Repository/Page_BCS Moodle/a_Lp trnh hng i tng 19CTT3' is clicked on

2022-01-12 23:26:31 - [MESSAGE][PASSED] - Object: 'Object Repository/Page_BCS Moodle/a_Lp trnh hng i tng 19CTT3' is clicked on

2022-01-12 23:26:31 - [TEST_STEP][PASSED] - click(findTestObject("Object Repository/Page_OOP/input_No enrolment key required_submitbutton")): Object: 'Object Repository/Page_OOP/input_No enrolment key required_submitbutton' is clicked on

2022-01-12 23:26:35 - [MESSAGE][PASSED] - Object: 'Object Repository/Page_OOP/input_No enrolment key required_submitbutton' is clicked on

2022-01-12 23:26:35 - [TEST_STEP][PASSED] - verifyElementPresent(findTestObject("Object Repository/Page_Course Lp trnh hng i tng 19CTT3/div_You are enrolled in the course_1"), 0): Object 'Object Repository/Page_Course Lp trnh hng i tng 19CTT3/div_You are enrolled in the course_1' is present

2022-01-12 23:26:35 - [MESSAGE][WARNING] - Timeout '0' is invalid. Using default page load timeout: '30'

2022-01-12 23:26:35 - [MESSAGE][PASSED] - Object 'Object Repository/Page_Course Lp trnh hng i tng 19CTT3/div_You are enrolled in the course_1' is present

2022-01-12 23:26:35 - [TEST_STEP][PASSED] - closeBrowser(): Browser is closed

2022-01-12 23:26:36 - [MESSAGE][PASSED] - Browser is closed]]></system-out>
         <system-err><![CDATA[]]></system-err>
      </testcase>
      <testcase name="Test Cases/Student/Student_Enroll/Student_Enroll With Key_Success" time="15.456" classname="Test Cases/Student/Student_Enroll/Student_Enroll With Key_Success" status="PASSED">
         <system-out><![CDATA[2022-01-12 23:26:36 - [TEST_CASE][PASSED] - Test Cases/Student/Student_Enroll/Student_Enroll With Key_Success: Test Cases/Student/Student_Enroll/Student_Enroll With Key_Success

2022-01-12 23:26:36 - [TEST_STEP][PASSED] - openBrowser(""): Browser is opened with url: ''

2022-01-12 23:26:36 - [MESSAGE][INFO] - Starting 'Chrome' driver

2022-01-12 23:26:36 - [MESSAGE][INFO] - User set preference: ['args', '[window-size=1300,900]']

2022-01-12 23:26:36 - [MESSAGE][INFO] - Action delay is set to 0 milliseconds

2022-01-12 23:26:38 - [MESSAGE][PASSED] - Browser is opened with url: ''

2022-01-12 23:26:38 - [TEST_STEP][PASSED] - navigateToUrl("http://localhost:8080/moodle/"): Navigate to 'http://localhost:8080/moodle/' successfully

2022-01-12 23:26:38 - [MESSAGE][PASSED] - Navigate to 'http://localhost:8080/moodle/' successfully

2022-01-12 23:26:38 - [TEST_STEP][PASSED] - click(findTestObject("Object Repository/Page_BCS Moodle/a_Log in")): Object: 'Object Repository/Page_BCS Moodle/a_Log in' is clicked on

2022-01-12 23:26:39 - [MESSAGE][PASSED] - Object: 'Object Repository/Page_BCS Moodle/a_Log in' is clicked on

2022-01-12 23:26:39 - [TEST_STEP][PASSED] - setText(findTestObject("Object Repository/Page_BCS Moodle Log in to the site/input_Username_username"), "xuany"): Text 'xuany' is set on object 'Object Repository/Page_BCS Moodle Log in to the site/input_Username_username'

2022-01-12 23:26:40 - [MESSAGE][PASSED] - Text 'xuany' is set on object 'Object Repository/Page_BCS Moodle Log in to the site/input_Username_username'

2022-01-12 23:26:40 - [TEST_STEP][PASSED] - setEncryptedText(findTestObject("Object Repository/Page_BCS Moodle Log in to the site/input_Password_password"), "p4y+y39Ir5PR9RXlOHjWlj+CAJiYdX4g"): Text ****** has been set on object 'Object Repository/Page_BCS Moodle Log in to the site/input_Password_password'

2022-01-12 23:26:41 - [MESSAGE][PASSED] - Text ****** has been set on object 'Object Repository/Page_BCS Moodle Log in to the site/input_Password_password'

2022-01-12 23:26:41 - [TEST_STEP][PASSED] - click(findTestObject("Object Repository/Page_BCS Moodle Log in to the site/button_Log in")): Object: 'Object Repository/Page_BCS Moodle Log in to the site/button_Log in' is clicked on

2022-01-12 23:26:42 - [MESSAGE][PASSED] - Object: 'Object Repository/Page_BCS Moodle Log in to the site/button_Log in' is clicked on

2022-01-12 23:26:42 - [TEST_STEP][PASSED] - click(findTestObject("Object Repository/Page_Dashboard/a_Site home")): Object: 'Object Repository/Page_Dashboard/a_Site home' is clicked on

2022-01-12 23:26:45 - [MESSAGE][PASSED] - Object: 'Object Repository/Page_Dashboard/a_Site home' is clicked on

2022-01-12 23:26:45 - [TEST_STEP][PASSED] - click(findTestObject("Object Repository/Page_BCS Moodle/a_C s d liu 19CTT3")): Object: 'Object Repository/Page_BCS Moodle/a_C s d liu 19CTT3' is clicked on

2022-01-12 23:26:46 - [MESSAGE][PASSED] - Object: 'Object Repository/Page_BCS Moodle/a_C s d liu 19CTT3' is clicked on

2022-01-12 23:26:46 - [TEST_STEP][PASSED] - setEncryptedText(findTestObject("Object Repository/Page_CSDL/input_Enrolment key_enrolpassword"), "gUaxq7gw5s0="): Text ****** has been set on object 'Object Repository/Page_CSDL/input_Enrolment key_enrolpassword'

2022-01-12 23:26:47 - [MESSAGE][PASSED] - Text ****** has been set on object 'Object Repository/Page_CSDL/input_Enrolment key_enrolpassword'

2022-01-12 23:26:47 - [TEST_STEP][PASSED] - click(findTestObject("Object Repository/Page_CSDL/input_Enrolment key_submitbutton")): Object: 'Object Repository/Page_CSDL/input_Enrolment key_submitbutton' is clicked on

2022-01-12 23:26:50 - [MESSAGE][PASSED] - Object: 'Object Repository/Page_CSDL/input_Enrolment key_submitbutton' is clicked on

2022-01-12 23:26:50 - [TEST_STEP][PASSED] - navigateToUrl("http://localhost:8080/moodle/course/view.php?id=3"): Navigate to 'http://localhost:8080/moodle/course/view.php?id=3' successfully

2022-01-12 23:26:51 - [MESSAGE][PASSED] - Navigate to 'http://localhost:8080/moodle/course/view.php?id=3' successfully

2022-01-12 23:26:51 - [TEST_STEP][PASSED] - closeBrowser(): Browser is closed

2022-01-12 23:26:52 - [MESSAGE][PASSED] - Browser is closed]]></system-out>
         <system-err><![CDATA[]]></system-err>
      </testcase>
      <testcase name="Test Cases/Student/Student_Calendar/Student_Click on Day_Monthly View" time="13.786" classname="Test Cases/Student/Student_Calendar/Student_Click on Day_Monthly View" status="PASSED">
         <system-out><![CDATA[2022-01-12 23:26:52 - [TEST_CASE][PASSED] - Test Cases/Student/Student_Calendar/Student_Click on Day_Monthly View: Test Cases/Student/Student_Calendar/Student_Click on Day_Monthly View

2022-01-12 23:26:52 - [TEST_STEP][PASSED] - openBrowser(""): Browser is opened with url: ''

2022-01-12 23:26:52 - [MESSAGE][INFO] - Starting 'Chrome' driver

2022-01-12 23:26:52 - [MESSAGE][INFO] - User set preference: ['args', '[window-size=1300,900]']

2022-01-12 23:26:52 - [MESSAGE][INFO] - Action delay is set to 0 milliseconds

2022-01-12 23:26:53 - [MESSAGE][PASSED] - Browser is opened with url: ''

2022-01-12 23:26:53 - [TEST_STEP][PASSED] - navigateToUrl("http://localhost:8080/moodle/"): Navigate to 'http://localhost:8080/moodle/' successfully

2022-01-12 23:26:54 - [MESSAGE][PASSED] - Navigate to 'http://localhost:8080/moodle/' successfully

2022-01-12 23:26:54 - [TEST_STEP][PASSED] - click(findTestObject("Object Repository/Page_BCS Moodle/a_Log in")): Object: 'Object Repository/Page_BCS Moodle/a_Log in' is clicked on

2022-01-12 23:26:55 - [MESSAGE][PASSED] - Object: 'Object Repository/Page_BCS Moodle/a_Log in' is clicked on

2022-01-12 23:26:55 - [TEST_STEP][PASSED] - setText(findTestObject("Object Repository/Page_BCS Moodle Log in to the site/input_Username_username"), "hoangvu"): Text 'hoangvu' is set on object 'Object Repository/Page_BCS Moodle Log in to the site/input_Username_username'

2022-01-12 23:26:56 - [MESSAGE][PASSED] - Text 'hoangvu' is set on object 'Object Repository/Page_BCS Moodle Log in to the site/input_Username_username'

2022-01-12 23:26:56 - [TEST_STEP][PASSED] - setEncryptedText(findTestObject("Object Repository/Page_BCS Moodle Log in to the site/input_Password_password"), "p4y+y39Ir5PR9RXlOHjWlj+CAJiYdX4g"): Text ****** has been set on object 'Object Repository/Page_BCS Moodle Log in to the site/input_Password_password'

2022-01-12 23:26:56 - [MESSAGE][PASSED] - Text ****** has been set on object 'Object Repository/Page_BCS Moodle Log in to the site/input_Password_password'

2022-01-12 23:26:56 - [TEST_STEP][PASSED] - click(findTestObject("Object Repository/Page_BCS Moodle Log in to the site/button_Log in")): Object: 'Object Repository/Page_BCS Moodle Log in to the site/button_Log in' is clicked on

2022-01-12 23:26:58 - [MESSAGE][PASSED] - Object: 'Object Repository/Page_BCS Moodle Log in to the site/button_Log in' is clicked on

2022-01-12 23:26:58 - [TEST_STEP][PASSED] - click(findTestObject("Object Repository/Page_Dashboard/span_Calendar")): Object: 'Object Repository/Page_Dashboard/span_Calendar' is clicked on

2022-01-12 23:27:01 - [MESSAGE][PASSED] - Object: 'Object Repository/Page_Dashboard/span_Calendar' is clicked on

2022-01-12 23:27:01 - [TEST_STEP][PASSED] - click(findTestObject("Object Repository/Page_Moodle Calendar Detailed month view Ja_713ca6/a_4 (1)")): Object: 'Object Repository/Page_Moodle Calendar Detailed month view Ja_713ca6/a_4 (1)' is clicked on

2022-01-12 23:27:02 - [MESSAGE][PASSED] - Object: 'Object Repository/Page_Moodle Calendar Detailed month view Ja_713ca6/a_4 (1)' is clicked on

2022-01-12 23:27:02 - [TEST_STEP][PASSED] - click(findTestObject("Object Repository/Page_Moodle Calendar Detailed month view Ja_713ca6/a_Add submission (2)")): Object: 'Object Repository/Page_Moodle Calendar Detailed month view Ja_713ca6/a_Add submission (2)' is clicked on

2022-01-12 23:27:04 - [MESSAGE][PASSED] - Object: 'Object Repository/Page_Moodle Calendar Detailed month view Ja_713ca6/a_Add submission (2)' is clicked on

2022-01-12 23:27:04 - [TEST_STEP][PASSED] - verifyElementText(findTestObject("Page_OOP Bi tp 2 - Edit submission/h2_Bi tp 2 (2)"), "Bài tập 2"): Actual text and expected text of test object 'Object Repository/Page_OOP Bi tp 2 - Edit submission/h2_Bi tp 2 (2)' are matched.

2022-01-12 23:27:05 - [MESSAGE][PASSED] - Actual text and expected text of test object 'Object Repository/Page_OOP Bi tp 2 - Edit submission/h2_Bi tp 2 (2)' are matched.

2022-01-12 23:27:05 - [TEST_STEP][PASSED] - closeBrowser(): Browser is closed

2022-01-12 23:27:05 - [MESSAGE][PASSED] - Browser is closed]]></system-out>
         <system-err><![CDATA[]]></system-err>
      </testcase>
      <testcase name="Test Cases/Student/Student_Calendar/Student_Click to Event" time="13.904" classname="Test Cases/Student/Student_Calendar/Student_Click to Event" status="PASSED">
         <system-out><![CDATA[2022-01-12 23:27:05 - [TEST_CASE][PASSED] - Test Cases/Student/Student_Calendar/Student_Click to Event: Test Cases/Student/Student_Calendar/Student_Click to Event

2022-01-12 23:27:06 - [TEST_STEP][PASSED] - openBrowser(""): Browser is opened with url: ''

2022-01-12 23:27:06 - [MESSAGE][INFO] - Starting 'Chrome' driver

2022-01-12 23:27:06 - [MESSAGE][INFO] - User set preference: ['args', '[window-size=1300,900]']

2022-01-12 23:27:06 - [MESSAGE][INFO] - Action delay is set to 0 milliseconds

2022-01-12 23:27:07 - [MESSAGE][PASSED] - Browser is opened with url: ''

2022-01-12 23:27:07 - [TEST_STEP][PASSED] - navigateToUrl("http://localhost:8080/moodle/"): Navigate to 'http://localhost:8080/moodle/' successfully

2022-01-12 23:27:08 - [MESSAGE][PASSED] - Navigate to 'http://localhost:8080/moodle/' successfully

2022-01-12 23:27:08 - [TEST_STEP][PASSED] - click(findTestObject("Object Repository/Page_BCS Moodle/a_Log in")): Object: 'Object Repository/Page_BCS Moodle/a_Log in' is clicked on

2022-01-12 23:27:09 - [MESSAGE][PASSED] - Object: 'Object Repository/Page_BCS Moodle/a_Log in' is clicked on

2022-01-12 23:27:09 - [TEST_STEP][PASSED] - setText(findTestObject("Object Repository/Page_BCS Moodle Log in to the site/input_Username_username"), "hoangvu"): Text 'hoangvu' is set on object 'Object Repository/Page_BCS Moodle Log in to the site/input_Username_username'

2022-01-12 23:27:10 - [MESSAGE][PASSED] - Text 'hoangvu' is set on object 'Object Repository/Page_BCS Moodle Log in to the site/input_Username_username'

2022-01-12 23:27:10 - [TEST_STEP][PASSED] - setEncryptedText(findTestObject("Object Repository/Page_BCS Moodle Log in to the site/input_Password_password"), "p4y+y39Ir5PR9RXlOHjWlj+CAJiYdX4g"): Text ****** has been set on object 'Object Repository/Page_BCS Moodle Log in to the site/input_Password_password'

2022-01-12 23:27:10 - [MESSAGE][PASSED] - Text ****** has been set on object 'Object Repository/Page_BCS Moodle Log in to the site/input_Password_password'

2022-01-12 23:27:10 - [TEST_STEP][PASSED] - click(findTestObject("Object Repository/Page_BCS Moodle Log in to the site/button_Log in")): Object: 'Object Repository/Page_BCS Moodle Log in to the site/button_Log in' is clicked on

2022-01-12 23:27:12 - [MESSAGE][PASSED] - Object: 'Object Repository/Page_BCS Moodle Log in to the site/button_Log in' is clicked on

2022-01-12 23:27:12 - [TEST_STEP][PASSED] - click(findTestObject("Object Repository/Page_Dashboard/span_Calendar")): Object: 'Object Repository/Page_Dashboard/span_Calendar' is clicked on

2022-01-12 23:27:14 - [MESSAGE][PASSED] - Object: 'Object Repository/Page_Dashboard/span_Calendar' is clicked on

2022-01-12 23:27:14 - [TEST_STEP][PASSED] - click(findTestObject("Object Repository/Page_Moodle Calendar Detailed month view Ja_713ca6/span_Bi tp 2 is due (1)")): Object: 'Object Repository/Page_Moodle Calendar Detailed month view Ja_713ca6/span_Bi tp 2 is due (1)' is clicked on

2022-01-12 23:27:16 - [MESSAGE][PASSED] - Object: 'Object Repository/Page_Moodle Calendar Detailed month view Ja_713ca6/span_Bi tp 2 is due (1)' is clicked on

2022-01-12 23:27:16 - [TEST_STEP][PASSED] - click(findTestObject("Object Repository/Page_Moodle Calendar Detailed month view Ja_713ca6/a_Add submission (1)")): Object: 'Object Repository/Page_Moodle Calendar Detailed month view Ja_713ca6/a_Add submission (1)' is clicked on

2022-01-12 23:27:18 - [MESSAGE][PASSED] - Object: 'Object Repository/Page_Moodle Calendar Detailed month view Ja_713ca6/a_Add submission (1)' is clicked on

2022-01-12 23:27:18 - [TEST_STEP][PASSED] - verifyElementText(findTestObject("Object Repository/Page_OOP Bi tp 2 - Edit submission/h2_Bi tp 2 (1)"), "Bài tập 2"): Actual text and expected text of test object 'Object Repository/Page_OOP Bi tp 2 - Edit submission/h2_Bi tp 2 (1)' are matched.

2022-01-12 23:27:19 - [MESSAGE][PASSED] - Actual text and expected text of test object 'Object Repository/Page_OOP Bi tp 2 - Edit submission/h2_Bi tp 2 (1)' are matched.

2022-01-12 23:27:19 - [TEST_STEP][PASSED] - closeBrowser(): Browser is closed

2022-01-12 23:27:19 - [MESSAGE][PASSED] - Browser is closed]]></system-out>
         <system-err><![CDATA[]]></system-err>
      </testcase>
      <testcase name="Test Cases/Student/Student_Calendar/Student_Export Calendar URL" time="16.02" classname="Test Cases/Student/Student_Calendar/Student_Export Calendar URL" status="PASSED">
         <system-out><![CDATA[2022-01-12 23:27:19 - [TEST_CASE][PASSED] - Test Cases/Student/Student_Calendar/Student_Export Calendar URL: Test Cases/Student/Student_Calendar/Student_Export Calendar URL

2022-01-12 23:27:20 - [TEST_STEP][PASSED] - openBrowser(""): Browser is opened with url: ''

2022-01-12 23:27:20 - [MESSAGE][INFO] - Starting 'Chrome' driver

2022-01-12 23:27:20 - [MESSAGE][INFO] - User set preference: ['args', '[window-size=1300,900]']

2022-01-12 23:27:20 - [MESSAGE][INFO] - Action delay is set to 0 milliseconds

2022-01-12 23:27:21 - [MESSAGE][PASSED] - Browser is opened with url: ''

2022-01-12 23:27:21 - [TEST_STEP][PASSED] - navigateToUrl("http://localhost:8080/moodle/"): Navigate to 'http://localhost:8080/moodle/' successfully

2022-01-12 23:27:22 - [MESSAGE][PASSED] - Navigate to 'http://localhost:8080/moodle/' successfully

2022-01-12 23:27:22 - [TEST_STEP][PASSED] - click(findTestObject("Object Repository/Page_BCS Moodle/a_Log in")): Object: 'Object Repository/Page_BCS Moodle/a_Log in' is clicked on

2022-01-12 23:27:23 - [MESSAGE][PASSED] - Object: 'Object Repository/Page_BCS Moodle/a_Log in' is clicked on

2022-01-12 23:27:23 - [TEST_STEP][PASSED] - setText(findTestObject("Object Repository/Page_BCS Moodle Log in to the site/input_Username_username"), "hoangvu"): Text 'hoangvu' is set on object 'Object Repository/Page_BCS Moodle Log in to the site/input_Username_username'

2022-01-12 23:27:23 - [MESSAGE][PASSED] - Text 'hoangvu' is set on object 'Object Repository/Page_BCS Moodle Log in to the site/input_Username_username'

2022-01-12 23:27:23 - [TEST_STEP][PASSED] - setEncryptedText(findTestObject("Object Repository/Page_BCS Moodle Log in to the site/input_Password_password"), "p4y+y39Ir5PR9RXlOHjWlj+CAJiYdX4g"): Text ****** has been set on object 'Object Repository/Page_BCS Moodle Log in to the site/input_Password_password'

2022-01-12 23:27:24 - [MESSAGE][PASSED] - Text ****** has been set on object 'Object Repository/Page_BCS Moodle Log in to the site/input_Password_password'

2022-01-12 23:27:24 - [TEST_STEP][PASSED] - click(findTestObject("Object Repository/Page_BCS Moodle Log in to the site/button_Log in")): Object: 'Object Repository/Page_BCS Moodle Log in to the site/button_Log in' is clicked on

2022-01-12 23:27:25 - [MESSAGE][PASSED] - Object: 'Object Repository/Page_BCS Moodle Log in to the site/button_Log in' is clicked on

2022-01-12 23:27:25 - [TEST_STEP][PASSED] - click(findTestObject("Object Repository/Page_Dashboard/a_Calendar")): Object: 'Object Repository/Page_Dashboard/a_Calendar' is clicked on

2022-01-12 23:27:28 - [MESSAGE][PASSED] - Object: 'Object Repository/Page_Dashboard/a_Calendar' is clicked on

2022-01-12 23:27:28 - [TEST_STEP][PASSED] - click(findTestObject("Object Repository/Page_Moodle Calendar Detailed month view Ja_713ca6/button_Export calendar")): Object: 'Object Repository/Page_Moodle Calendar Detailed month view Ja_713ca6/button_Export calendar' is clicked on

2022-01-12 23:27:30 - [MESSAGE][PASSED] - Object: 'Object Repository/Page_Moodle Calendar Detailed month view Ja_713ca6/button_Export calendar' is clicked on

2022-01-12 23:27:30 - [TEST_STEP][PASSED] - click(findTestObject("Object Repository/Page_Moodle Calendar Export/input_Events related to courses_eventsexportevents")): Object: 'Object Repository/Page_Moodle Calendar Export/input_Events related to courses_eventsexportevents' is clicked on

2022-01-12 23:27:31 - [MESSAGE][PASSED] - Object: 'Object Repository/Page_Moodle Calendar Export/input_Events related to courses_eventsexportevents' is clicked on

2022-01-12 23:27:31 - [TEST_STEP][PASSED] - click(findTestObject("Object Repository/Page_Moodle Calendar Export/input_This month_periodtimeperiod")): Object: 'Object Repository/Page_Moodle Calendar Export/input_This month_periodtimeperiod' is clicked on

2022-01-12 23:27:32 - [MESSAGE][PASSED] - Object: 'Object Repository/Page_Moodle Calendar Export/input_This month_periodtimeperiod' is clicked on

2022-01-12 23:27:32 - [TEST_STEP][PASSED] - click(findTestObject("Object Repository/Page_Moodle Calendar Export/input_Custom range (30122 - 80123)_generateurl")): Object: 'Object Repository/Page_Moodle Calendar Export/input_Custom range (30122 - 80123)_generateurl' is clicked on

2022-01-12 23:27:33 - [MESSAGE][PASSED] - Object: 'Object Repository/Page_Moodle Calendar Export/input_Custom range (30122 - 80123)_generateurl' is clicked on

2022-01-12 23:27:33 - [TEST_STEP][PASSED] - click(findTestObject("Object Repository/Page_Moodle Calendar Export/div_Calendar URL httplocalhost8080moodlecal_fcc980")): Object: 'Object Repository/Page_Moodle Calendar Export/div_Calendar URL httplocalhost8080moodlecal_fcc980' is clicked on

2022-01-12 23:27:34 - [MESSAGE][PASSED] - Object: 'Object Repository/Page_Moodle Calendar Export/div_Calendar URL httplocalhost8080moodlecal_fcc980' is clicked on

2022-01-12 23:27:34 - [TEST_STEP][PASSED] - verifyElementPresent(findTestObject("Page_Moodle Calendar Export/div_Calendar URL httplocalhost8080moodlecal_fcc980"), 0): Object 'Object Repository/Page_Moodle Calendar Export/div_Calendar URL httplocalhost8080moodlecal_fcc980' is present

2022-01-12 23:27:34 - [MESSAGE][WARNING] - Timeout '0' is invalid. Using default page load timeout: '30'

2022-01-12 23:27:35 - [MESSAGE][PASSED] - Object 'Object Repository/Page_Moodle Calendar Export/div_Calendar URL httplocalhost8080moodlecal_fcc980' is present

2022-01-12 23:27:35 - [TEST_STEP][PASSED] - closeBrowser(): Browser is closed

2022-01-12 23:27:35 - [MESSAGE][PASSED] - Browser is closed]]></system-out>
         <system-err><![CDATA[]]></system-err>
      </testcase>
      <testcase name="Test Cases/Student/Student_Choice/Student_Multitple Choice" time="13.948" classname="Test Cases/Student/Student_Choice/Student_Multitple Choice" status="PASSED">
         <system-out><![CDATA[2022-01-12 23:27:35 - [TEST_CASE][PASSED] - Test Cases/Student/Student_Choice/Student_Multitple Choice: Test Cases/Student/Student_Choice/Student_Multitple Choice

2022-01-12 23:27:36 - [TEST_STEP][PASSED] - openBrowser(""): Browser is opened with url: ''

2022-01-12 23:27:36 - [MESSAGE][INFO] - Starting 'Chrome' driver

2022-01-12 23:27:36 - [MESSAGE][INFO] - User set preference: ['args', '[window-size=1300,900]']

2022-01-12 23:27:36 - [MESSAGE][INFO] - Action delay is set to 0 milliseconds

2022-01-12 23:27:37 - [MESSAGE][PASSED] - Browser is opened with url: ''

2022-01-12 23:27:37 - [TEST_STEP][PASSED] - navigateToUrl("http://localhost:8080/moodle/"): Navigate to 'http://localhost:8080/moodle/' successfully

2022-01-12 23:27:38 - [MESSAGE][PASSED] - Navigate to 'http://localhost:8080/moodle/' successfully

2022-01-12 23:27:38 - [TEST_STEP][PASSED] - click(findTestObject("Object Repository/Page_BCS Moodle/a_Log in")): Object: 'Object Repository/Page_BCS Moodle/a_Log in' is clicked on

2022-01-12 23:27:38 - [MESSAGE][PASSED] - Object: 'Object Repository/Page_BCS Moodle/a_Log in' is clicked on

2022-01-12 23:27:38 - [TEST_STEP][PASSED] - setText(findTestObject("Object Repository/Page_BCS Moodle Log in to the site/input_Username_username"), "hoangvu"): Text 'hoangvu' is set on object 'Object Repository/Page_BCS Moodle Log in to the site/input_Username_username'

2022-01-12 23:27:39 - [MESSAGE][PASSED] - Text 'hoangvu' is set on object 'Object Repository/Page_BCS Moodle Log in to the site/input_Username_username'

2022-01-12 23:27:39 - [TEST_STEP][PASSED] - setEncryptedText(findTestObject("Object Repository/Page_BCS Moodle Log in to the site/input_Password_password"), "p4y+y39Ir5PR9RXlOHjWlj+CAJiYdX4g"): Text ****** has been set on object 'Object Repository/Page_BCS Moodle Log in to the site/input_Password_password'

2022-01-12 23:27:40 - [MESSAGE][PASSED] - Text ****** has been set on object 'Object Repository/Page_BCS Moodle Log in to the site/input_Password_password'

2022-01-12 23:27:40 - [TEST_STEP][PASSED] - click(findTestObject("Object Repository/Page_BCS Moodle Log in to the site/button_Log in")): Object: 'Object Repository/Page_BCS Moodle Log in to the site/button_Log in' is clicked on

2022-01-12 23:27:41 - [MESSAGE][PASSED] - Object: 'Object Repository/Page_BCS Moodle Log in to the site/button_Log in' is clicked on

2022-01-12 23:27:41 - [TEST_STEP][PASSED] - click(findTestObject("Object Repository/Page_Dashboard/span_OOP")): Object: 'Object Repository/Page_Dashboard/span_OOP' is clicked on

2022-01-12 23:27:44 - [MESSAGE][PASSED] - Object: 'Object Repository/Page_Dashboard/span_OOP' is clicked on

2022-01-12 23:27:44 - [TEST_STEP][PASSED] - click(findTestObject("Object Repository/Page_Course Lp trnh hng i tng 19CTT3/span_Chn ngy thi Choice")): Object: 'Object Repository/Page_Course Lp trnh hng i tng 19CTT3/span_Chn ngy thi Choice' is clicked on

2022-01-12 23:27:45 - [MESSAGE][PASSED] - Object: 'Object Repository/Page_Course Lp trnh hng i tng 19CTT3/span_Chn ngy thi Choice' is clicked on

2022-01-12 23:27:45 - [TEST_STEP][PASSED] - click(findTestObject("Object Repository/Page_Chn ngy thi/input__answer")): Object: 'Object Repository/Page_Chn ngy thi/input__answer' is clicked on

2022-01-12 23:27:46 - [MESSAGE][PASSED] - Object: 'Object Repository/Page_Chn ngy thi/input__answer' is clicked on

2022-01-12 23:27:46 - [TEST_STEP][PASSED] - click(findTestObject("Object Repository/Page_Chn ngy thi/input__answer_1")): Object: 'Object Repository/Page_Chn ngy thi/input__answer_1' is clicked on

2022-01-12 23:27:47 - [MESSAGE][PASSED] - Object: 'Object Repository/Page_Chn ngy thi/input__answer_1' is clicked on

2022-01-12 23:27:47 - [TEST_STEP][PASSED] - click(findTestObject("Object Repository/Page_Chn ngy thi/input__btn btn-primary")): Object: 'Object Repository/Page_Chn ngy thi/input__btn btn-primary' is clicked on

2022-01-12 23:27:48 - [MESSAGE][PASSED] - Object: 'Object Repository/Page_Chn ngy thi/input__btn btn-primary' is clicked on

2022-01-12 23:27:48 - [TEST_STEP][PASSED] - verifyElementText(findTestObject("Object Repository/Page_Chn ngy thi/div_Your selection 211 241"), "Your selection: 21/1; 24/1"): Actual text and expected text of test object 'Object Repository/Page_Chn ngy thi/div_Your selection 211 241' are matched.

2022-01-12 23:27:49 - [MESSAGE][PASSED] - Actual text and expected text of test object 'Object Repository/Page_Chn ngy thi/div_Your selection 211 241' are matched.

2022-01-12 23:27:49 - [TEST_STEP][PASSED] - closeBrowser(): Browser is closed

2022-01-12 23:27:49 - [MESSAGE][PASSED] - Browser is closed]]></system-out>
         <system-err><![CDATA[]]></system-err>
      </testcase>
      <testcase name="Test Cases/Student/Student_Choice/Student_Single Choice" time="13.955" classname="Test Cases/Student/Student_Choice/Student_Single Choice" status="PASSED">
         <system-out><![CDATA[2022-01-12 23:27:49 - [TEST_CASE][PASSED] - Test Cases/Student/Student_Choice/Student_Single Choice: Test Cases/Student/Student_Choice/Student_Single Choice

2022-01-12 23:27:50 - [TEST_STEP][PASSED] - openBrowser(""): Browser is opened with url: ''

2022-01-12 23:27:50 - [MESSAGE][INFO] - Starting 'Chrome' driver

2022-01-12 23:27:50 - [MESSAGE][INFO] - User set preference: ['args', '[window-size=1300,900]']

2022-01-12 23:27:50 - [MESSAGE][INFO] - Action delay is set to 0 milliseconds

2022-01-12 23:27:51 - [MESSAGE][PASSED] - Browser is opened with url: ''

2022-01-12 23:27:51 - [TEST_STEP][PASSED] - navigateToUrl("http://localhost:8080/moodle/"): Navigate to 'http://localhost:8080/moodle/' successfully

2022-01-12 23:27:51 - [MESSAGE][PASSED] - Navigate to 'http://localhost:8080/moodle/' successfully

2022-01-12 23:27:51 - [TEST_STEP][PASSED] - click(findTestObject("Object Repository/Page_BCS Moodle/a_Log in")): Object: 'Object Repository/Page_BCS Moodle/a_Log in' is clicked on

2022-01-12 23:27:52 - [MESSAGE][PASSED] - Object: 'Object Repository/Page_BCS Moodle/a_Log in' is clicked on

2022-01-12 23:27:52 - [TEST_STEP][PASSED] - click(findTestObject("Object Repository/Page_BCS Moodle Log in to the site/form_document.getElementById(anchor).value _70e5d4")): Object: 'Object Repository/Page_BCS Moodle Log in to the site/form_document.getElementById(anchor).value _70e5d4' is clicked on

2022-01-12 23:27:53 - [MESSAGE][PASSED] - Object: 'Object Repository/Page_BCS Moodle Log in to the site/form_document.getElementById(anchor).value _70e5d4' is clicked on

2022-01-12 23:27:53 - [TEST_STEP][PASSED] - setText(findTestObject("Object Repository/Page_BCS Moodle Log in to the site/input_Username_username"), "hoangvu"): Text 'hoangvu' is set on object 'Object Repository/Page_BCS Moodle Log in to the site/input_Username_username'

2022-01-12 23:27:54 - [MESSAGE][PASSED] - Text 'hoangvu' is set on object 'Object Repository/Page_BCS Moodle Log in to the site/input_Username_username'

2022-01-12 23:27:54 - [TEST_STEP][PASSED] - setEncryptedText(findTestObject("Object Repository/Page_BCS Moodle Log in to the site/input_Password_password"), "p4y+y39Ir5PR9RXlOHjWlj+CAJiYdX4g"): Text ****** has been set on object 'Object Repository/Page_BCS Moodle Log in to the site/input_Password_password'

2022-01-12 23:27:54 - [MESSAGE][PASSED] - Text ****** has been set on object 'Object Repository/Page_BCS Moodle Log in to the site/input_Password_password'

2022-01-12 23:27:54 - [TEST_STEP][PASSED] - click(findTestObject("Object Repository/Page_BCS Moodle Log in to the site/button_Log in")): Object: 'Object Repository/Page_BCS Moodle Log in to the site/button_Log in' is clicked on

2022-01-12 23:27:56 - [MESSAGE][PASSED] - Object: 'Object Repository/Page_BCS Moodle Log in to the site/button_Log in' is clicked on

2022-01-12 23:27:56 - [TEST_STEP][PASSED] - click(findTestObject("Object Repository/Page_Dashboard/span_OOP")): Object: 'Object Repository/Page_Dashboard/span_OOP' is clicked on

2022-01-12 23:27:58 - [MESSAGE][PASSED] - Object: 'Object Repository/Page_Dashboard/span_OOP' is clicked on

2022-01-12 23:27:58 - [TEST_STEP][PASSED] - click(findTestObject("Object Repository/Page_Course Lp trnh hng i tng 19CTT3/span_Chn 1 bui hc b Choice")): Object: 'Object Repository/Page_Course Lp trnh hng i tng 19CTT3/span_Chn 1 bui hc b Choice' is clicked on

2022-01-12 23:28:00 - [MESSAGE][PASSED] - Object: 'Object Repository/Page_Course Lp trnh hng i tng 19CTT3/span_Chn 1 bui hc b Choice' is clicked on

2022-01-12 23:28:00 - [TEST_STEP][PASSED] - click(findTestObject("Object Repository/Page_Chn 1 bui hc b/input__answer (1)")): Object: 'Object Repository/Page_Chn 1 bui hc b/input__answer (1)' is clicked on

2022-01-12 23:28:00 - [MESSAGE][PASSED] - Object: 'Object Repository/Page_Chn 1 bui hc b/input__answer (1)' is clicked on

2022-01-12 23:28:00 - [TEST_STEP][PASSED] - click(findTestObject("Object Repository/Page_Chn 1 bui hc b/input__btn btn-primary (1)")): Object: 'Object Repository/Page_Chn 1 bui hc b/input__btn btn-primary (1)' is clicked on

2022-01-12 23:28:02 - [MESSAGE][PASSED] - Object: 'Object Repository/Page_Chn 1 bui hc b/input__btn btn-primary (1)' is clicked on

2022-01-12 23:28:02 - [TEST_STEP][PASSED] - verifyElementText(findTestObject("Object Repository/Page_Chn 1 bui hc b/div_Your selection 141"), "Your selection: 14/1"): Actual text and expected text of test object 'Object Repository/Page_Chn 1 bui hc b/div_Your selection 141' are matched.

2022-01-12 23:28:03 - [MESSAGE][PASSED] - Actual text and expected text of test object 'Object Repository/Page_Chn 1 bui hc b/div_Your selection 141' are matched.

2022-01-12 23:28:03 - [TEST_STEP][PASSED] - closeBrowser(): Browser is closed

2022-01-12 23:28:03 - [MESSAGE][PASSED] - Browser is closed]]></system-out>
         <system-err><![CDATA[]]></system-err>
      </testcase>
      <testcase name="Test Cases/Student/Student_Click Url/Student_ Click link url raw" time="16.101" classname="Test Cases/Student/Student_Click Url/Student_ Click link url raw" status="PASSED">
         <system-out><![CDATA[2022-01-12 23:28:03 - [TEST_CASE][PASSED] - Test Cases/Student/Student_Click Url/Student_ Click link url raw: Test Cases/Student/Student_Click Url/Student_ Click link url raw

2022-01-12 23:28:04 - [TEST_STEP][PASSED] - openBrowser(""): Browser is opened with url: ''

2022-01-12 23:28:04 - [MESSAGE][INFO] - Starting 'Chrome' driver

2022-01-12 23:28:04 - [MESSAGE][INFO] - User set preference: ['args', '[window-size=1300,900]']

2022-01-12 23:28:04 - [MESSAGE][INFO] - Action delay is set to 0 milliseconds

2022-01-12 23:28:05 - [MESSAGE][PASSED] - Browser is opened with url: ''

2022-01-12 23:28:05 - [TEST_STEP][PASSED] - navigateToUrl("http://localhost:8080/moodle/"): Navigate to 'http://localhost:8080/moodle/' successfully

2022-01-12 23:28:05 - [MESSAGE][PASSED] - Navigate to 'http://localhost:8080/moodle/' successfully

2022-01-12 23:28:05 - [TEST_STEP][PASSED] - click(findTestObject("Object Repository/Page_BCS Moodle/a_Log in")): Object: 'Object Repository/Page_BCS Moodle/a_Log in' is clicked on

2022-01-12 23:28:06 - [MESSAGE][PASSED] - Object: 'Object Repository/Page_BCS Moodle/a_Log in' is clicked on

2022-01-12 23:28:06 - [TEST_STEP][PASSED] - click(findTestObject("Object Repository/Page_BCS Moodle Log in to the site/form_document.getElementById(anchor).value _70e5d4")): Object: 'Object Repository/Page_BCS Moodle Log in to the site/form_document.getElementById(anchor).value _70e5d4' is clicked on

2022-01-12 23:28:07 - [MESSAGE][PASSED] - Object: 'Object Repository/Page_BCS Moodle Log in to the site/form_document.getElementById(anchor).value _70e5d4' is clicked on

2022-01-12 23:28:07 - [TEST_STEP][PASSED] - setText(findTestObject("Object Repository/Page_BCS Moodle Log in to the site/input_Username_username"), "hoangvu"): Text 'hoangvu' is set on object 'Object Repository/Page_BCS Moodle Log in to the site/input_Username_username'

2022-01-12 23:28:08 - [MESSAGE][PASSED] - Text 'hoangvu' is set on object 'Object Repository/Page_BCS Moodle Log in to the site/input_Username_username'

2022-01-12 23:28:08 - [TEST_STEP][PASSED] - setEncryptedText(findTestObject("Object Repository/Page_BCS Moodle Log in to the site/input_Password_password"), "p4y+y39Ir5PR9RXlOHjWlj+CAJiYdX4g"): Text ****** has been set on object 'Object Repository/Page_BCS Moodle Log in to the site/input_Password_password'

2022-01-12 23:28:08 - [MESSAGE][PASSED] - Text ****** has been set on object 'Object Repository/Page_BCS Moodle Log in to the site/input_Password_password'

2022-01-12 23:28:08 - [TEST_STEP][PASSED] - click(findTestObject("Object Repository/Page_BCS Moodle Log in to the site/button_Log in")): Object: 'Object Repository/Page_BCS Moodle Log in to the site/button_Log in' is clicked on

2022-01-12 23:28:10 - [MESSAGE][PASSED] - Object: 'Object Repository/Page_BCS Moodle Log in to the site/button_Log in' is clicked on

2022-01-12 23:28:10 - [TEST_STEP][PASSED] - click(findTestObject("Object Repository/Page_Dashboard/span_OOP")): Object: 'Object Repository/Page_Dashboard/span_OOP' is clicked on

2022-01-12 23:28:12 - [MESSAGE][PASSED] - Object: 'Object Repository/Page_Dashboard/span_OOP' is clicked on

2022-01-12 23:28:12 - [TEST_STEP][PASSED] - click(findTestObject("Object Repository/Page_Course Lp trnh hng i tng 19CTT3/span_Link Zoom mn hc URL")): Object: 'Object Repository/Page_Course Lp trnh hng i tng 19CTT3/span_Link Zoom mn hc URL' is clicked on

2022-01-12 23:28:14 - [MESSAGE][PASSED] - Object: 'Object Repository/Page_Course Lp trnh hng i tng 19CTT3/span_Link Zoom mn hc URL' is clicked on

2022-01-12 23:28:14 - [TEST_STEP][PASSED] - navigateToUrl("http://localhost:8080/moodle/mod/url/view.php?id=14"): Navigate to 'http://localhost:8080/moodle/mod/url/view.php?id=14' successfully

2022-01-12 23:28:14 - [MESSAGE][PASSED] - Navigate to 'http://localhost:8080/moodle/mod/url/view.php?id=14' successfully

2022-01-12 23:28:14 - [TEST_STEP][PASSED] - click(findTestObject("Object Repository/Page_OOP Link Zoom mn hc/a_httpsfithcmus.zoom.usj97609347249pwdb3NsN_96082d")): Object: 'Object Repository/Page_OOP Link Zoom mn hc/a_httpsfithcmus.zoom.usj97609347249pwdb3NsN_96082d' is clicked on

2022-01-12 23:28:19 - [MESSAGE][PASSED] - Object: 'Object Repository/Page_OOP Link Zoom mn hc/a_httpsfithcmus.zoom.usj97609347249pwdb3NsN_96082d' is clicked on

2022-01-12 23:28:19 - [TEST_STEP][PASSED] - closeBrowser(): Browser is closed

2022-01-12 23:28:19 - [MESSAGE][PASSED] - Browser is closed]]></system-out>
         <system-err><![CDATA[]]></system-err>
      </testcase>
      <testcase name="Test Cases/Student/Student_Event/Student_Create Event Success" time="14.326" classname="Test Cases/Student/Student_Event/Student_Create Event Success" status="PASSED">
         <system-out><![CDATA[2022-01-12 23:28:19 - [TEST_CASE][PASSED] - Test Cases/Student/Student_Event/Student_Create Event Success: Test Cases/Student/Student_Event/Student_Create Event Success

2022-01-12 23:28:20 - [TEST_STEP][PASSED] - openBrowser(""): Browser is opened with url: ''

2022-01-12 23:28:20 - [MESSAGE][INFO] - Starting 'Chrome' driver

2022-01-12 23:28:20 - [MESSAGE][INFO] - User set preference: ['args', '[window-size=1300,900]']

2022-01-12 23:28:20 - [MESSAGE][INFO] - Action delay is set to 0 milliseconds

2022-01-12 23:28:21 - [MESSAGE][PASSED] - Browser is opened with url: ''

2022-01-12 23:28:21 - [TEST_STEP][PASSED] - navigateToUrl("http://localhost:8080/moodle/"): Navigate to 'http://localhost:8080/moodle/' successfully

2022-01-12 23:28:22 - [MESSAGE][PASSED] - Navigate to 'http://localhost:8080/moodle/' successfully

2022-01-12 23:28:22 - [TEST_STEP][PASSED] - click(findTestObject("Object Repository/Page_BCS Moodle/a_Log in")): Object: 'Object Repository/Page_BCS Moodle/a_Log in' is clicked on

2022-01-12 23:28:23 - [MESSAGE][PASSED] - Object: 'Object Repository/Page_BCS Moodle/a_Log in' is clicked on

2022-01-12 23:28:23 - [TEST_STEP][PASSED] - setText(findTestObject("Object Repository/Page_BCS Moodle Log in to the site/input_Username_username"), "hoangvu"): Text 'hoangvu' is set on object 'Object Repository/Page_BCS Moodle Log in to the site/input_Username_username'

2022-01-12 23:28:23 - [MESSAGE][PASSED] - Text 'hoangvu' is set on object 'Object Repository/Page_BCS Moodle Log in to the site/input_Username_username'

2022-01-12 23:28:23 - [TEST_STEP][PASSED] - setEncryptedText(findTestObject("Object Repository/Page_BCS Moodle Log in to the site/input_Password_password"), "p4y+y39Ir5PR9RXlOHjWlj+CAJiYdX4g"): Text ****** has been set on object 'Object Repository/Page_BCS Moodle Log in to the site/input_Password_password'

2022-01-12 23:28:24 - [MESSAGE][PASSED] - Text ****** has been set on object 'Object Repository/Page_BCS Moodle Log in to the site/input_Password_password'

2022-01-12 23:28:24 - [TEST_STEP][PASSED] - click(findTestObject("Object Repository/Page_BCS Moodle Log in to the site/button_Log in")): Object: 'Object Repository/Page_BCS Moodle Log in to the site/button_Log in' is clicked on

2022-01-12 23:28:25 - [MESSAGE][PASSED] - Object: 'Object Repository/Page_BCS Moodle Log in to the site/button_Log in' is clicked on

2022-01-12 23:28:25 - [TEST_STEP][PASSED] - click(findTestObject("Object Repository/Page_Dashboard/span_Calendar")): Object: 'Object Repository/Page_Dashboard/span_Calendar' is clicked on

2022-01-12 23:28:28 - [MESSAGE][PASSED] - Object: 'Object Repository/Page_Dashboard/span_Calendar' is clicked on

2022-01-12 23:28:28 - [TEST_STEP][PASSED] - click(findTestObject("Object Repository/Page_Moodle Calendar Detailed month view Ja_713ca6/button_New event")): Object: 'Object Repository/Page_Moodle Calendar Detailed month view Ja_713ca6/button_New event' is clicked on

2022-01-12 23:28:29 - [MESSAGE][PASSED] - Object: 'Object Repository/Page_Moodle Calendar Detailed month view Ja_713ca6/button_New event' is clicked on

2022-01-12 23:28:29 - [TEST_STEP][PASSED] - setText(findTestObject("Object Repository/Page_Moodle Calendar Detailed month view Ja_713ca6/input_Event title_name"), "Homework 1"): Text 'Homework 1' is set on object 'Object Repository/Page_Moodle Calendar Detailed month view Ja_713ca6/input_Event title_name'

2022-01-12 23:28:31 - [MESSAGE][PASSED] - Text 'Homework 1' is set on object 'Object Repository/Page_Moodle Calendar Detailed month view Ja_713ca6/input_Event title_name'

2022-01-12 23:28:31 - [TEST_STEP][PASSED] - selectOptionByValue(findTestObject("Object Repository/Page_Moodle Calendar Detailed month view Ja_713ca6/select_1        2        3        4        _45ea30"), "9", true): All options with value '9' are selected in object 'Object Repository/Page_Moodle Calendar Detailed month view Ja_713ca6/select_1        2        3        4        _45ea30'  using regular expression

2022-01-12 23:28:33 - [MESSAGE][PASSED] - All options with value '9' are selected in object 'Object Repository/Page_Moodle Calendar Detailed month view Ja_713ca6/select_1        2        3        4        _45ea30'  using regular expression

2022-01-12 23:28:33 - [TEST_STEP][PASSED] - click(findTestObject("Object Repository/Page_Moodle Calendar Detailed month view Ja_713ca6/button_Save")): Object: 'Object Repository/Page_Moodle Calendar Detailed month view Ja_713ca6/button_Save' is clicked on

2022-01-12 23:28:33 - [MESSAGE][PASSED] - Object: 'Object Repository/Page_Moodle Calendar Detailed month view Ja_713ca6/button_Save' is clicked on

2022-01-12 23:28:33 - [TEST_STEP][PASSED] - closeBrowser(): Browser is closed

2022-01-12 23:28:34 - [MESSAGE][PASSED] - Browser is closed]]></system-out>
         <system-err><![CDATA[]]></system-err>
      </testcase>
      <testcase name="Test Cases/Student/Student_Event/Student_Create Event without name" time="14.91" classname="Test Cases/Student/Student_Event/Student_Create Event without name" status="PASSED">
         <system-out><![CDATA[2022-01-12 23:28:34 - [TEST_CASE][PASSED] - Test Cases/Student/Student_Event/Student_Create Event without name: Test Cases/Student/Student_Event/Student_Create Event without name

2022-01-12 23:28:34 - [TEST_STEP][PASSED] - openBrowser(""): Browser is opened with url: ''

2022-01-12 23:28:34 - [MESSAGE][INFO] - Starting 'Chrome' driver

2022-01-12 23:28:34 - [MESSAGE][INFO] - User set preference: ['args', '[window-size=1300,900]']

2022-01-12 23:28:34 - [MESSAGE][INFO] - Action delay is set to 0 milliseconds

2022-01-12 23:28:35 - [MESSAGE][PASSED] - Browser is opened with url: ''

2022-01-12 23:28:35 - [TEST_STEP][PASSED] - navigateToUrl("http://localhost:8080/moodle/"): Navigate to 'http://localhost:8080/moodle/' successfully

2022-01-12 23:28:36 - [MESSAGE][PASSED] - Navigate to 'http://localhost:8080/moodle/' successfully

2022-01-12 23:28:36 - [TEST_STEP][PASSED] - click(findTestObject("Object Repository/Page_BCS Moodle/a_Log in")): Object: 'Object Repository/Page_BCS Moodle/a_Log in' is clicked on

2022-01-12 23:28:37 - [MESSAGE][PASSED] - Object: 'Object Repository/Page_BCS Moodle/a_Log in' is clicked on

2022-01-12 23:28:37 - [TEST_STEP][PASSED] - click(findTestObject("Object Repository/Page_BCS Moodle Log in to the site/input_Username_username")): Object: 'Object Repository/Page_BCS Moodle Log in to the site/input_Username_username' is clicked on

2022-01-12 23:28:37 - [MESSAGE][PASSED] - Object: 'Object Repository/Page_BCS Moodle Log in to the site/input_Username_username' is clicked on

2022-01-12 23:28:37 - [TEST_STEP][PASSED] - doubleClick(findTestObject("Object Repository/Page_BCS Moodle Log in to the site/input_Username_username")): Object: 'Object Repository/Page_BCS Moodle Log in to the site/input_Username_username' is double clicked on

2022-01-12 23:28:38 - [MESSAGE][PASSED] - Object: 'Object Repository/Page_BCS Moodle Log in to the site/input_Username_username' is double clicked on

2022-01-12 23:28:38 - [TEST_STEP][PASSED] - setText(findTestObject("Object Repository/Page_BCS Moodle Log in to the site/input_Username_username"), "hoangvu"): Text 'hoangvu' is set on object 'Object Repository/Page_BCS Moodle Log in to the site/input_Username_username'

2022-01-12 23:28:39 - [MESSAGE][PASSED] - Text 'hoangvu' is set on object 'Object Repository/Page_BCS Moodle Log in to the site/input_Username_username'

2022-01-12 23:28:39 - [TEST_STEP][PASSED] - setEncryptedText(findTestObject("Object Repository/Page_BCS Moodle Log in to the site/input_Password_password"), "p4y+y39Ir5PR9RXlOHjWlj+CAJiYdX4g"): Text ****** has been set on object 'Object Repository/Page_BCS Moodle Log in to the site/input_Password_password'

2022-01-12 23:28:39 - [MESSAGE][PASSED] - Text ****** has been set on object 'Object Repository/Page_BCS Moodle Log in to the site/input_Password_password'

2022-01-12 23:28:39 - [TEST_STEP][PASSED] - click(findTestObject("Object Repository/Page_BCS Moodle Log in to the site/button_Log in")): Object: 'Object Repository/Page_BCS Moodle Log in to the site/button_Log in' is clicked on

2022-01-12 23:28:41 - [MESSAGE][PASSED] - Object: 'Object Repository/Page_BCS Moodle Log in to the site/button_Log in' is clicked on

2022-01-12 23:28:41 - [TEST_STEP][PASSED] - click(findTestObject("Object Repository/Page_Dashboard/span_Calendar")): Object: 'Object Repository/Page_Dashboard/span_Calendar' is clicked on

2022-01-12 23:28:43 - [MESSAGE][PASSED] - Object: 'Object Repository/Page_Dashboard/span_Calendar' is clicked on

2022-01-12 23:28:43 - [TEST_STEP][PASSED] - click(findTestObject("Object Repository/Page_Moodle Calendar Detailed month view Ja_713ca6/button_New event")): Object: 'Object Repository/Page_Moodle Calendar Detailed month view Ja_713ca6/button_New event' is clicked on

2022-01-12 23:28:45 - [MESSAGE][PASSED] - Object: 'Object Repository/Page_Moodle Calendar Detailed month view Ja_713ca6/button_New event' is clicked on

2022-01-12 23:28:45 - [TEST_STEP][PASSED] - selectOptionByValue(findTestObject("Object Repository/Page_Moodle Calendar Detailed month view Ja_713ca6/select_January        February        March_78ea2e"), "5", true): All options with value '5' are selected in object 'Object Repository/Page_Moodle Calendar Detailed month view Ja_713ca6/select_January        February        March_78ea2e'  using regular expression

2022-01-12 23:28:47 - [MESSAGE][PASSED] - All options with value '5' are selected in object 'Object Repository/Page_Moodle Calendar Detailed month view Ja_713ca6/select_January        February        March_78ea2e'  using regular expression

2022-01-12 23:28:47 - [TEST_STEP][PASSED] - click(findTestObject("Object Repository/Page_Moodle Calendar Detailed month view Ja_713ca6/button_Save")): Object: 'Object Repository/Page_Moodle Calendar Detailed month view Ja_713ca6/button_Save' is clicked on

2022-01-12 23:28:47 - [MESSAGE][PASSED] - Object: 'Object Repository/Page_Moodle Calendar Detailed month view Ja_713ca6/button_Save' is clicked on

2022-01-12 23:28:47 - [TEST_STEP][PASSED] - verifyElementText(findTestObject("Object Repository/Page_Moodle Calendar Detailed month view Ja_713ca6/div_- Required"), "- Required"): Actual text and expected text of test object 'Object Repository/Page_Moodle Calendar Detailed month view Ja_713ca6/div_- Required' are matched.

2022-01-12 23:28:48 - [MESSAGE][PASSED] - Actual text and expected text of test object 'Object Repository/Page_Moodle Calendar Detailed month view Ja_713ca6/div_- Required' are matched.

2022-01-12 23:28:48 - [TEST_STEP][PASSED] - closeBrowser(): Browser is closed

2022-01-12 23:28:49 - [MESSAGE][PASSED] - Browser is closed]]></system-out>
         <system-err><![CDATA[]]></system-err>
      </testcase>
      <testcase name="Test Cases/Teacher/Teacher_Quiz Result/Teacher_Review An Attempt" time="17.292" classname="Test Cases/Teacher/Teacher_Quiz Result/Teacher_Review An Attempt" status="PASSED">
         <system-out><![CDATA[2022-01-12 23:28:49 - [TEST_CASE][PASSED] - Test Cases/Teacher/Teacher_Quiz Result/Teacher_Review An Attempt: Test Cases/Teacher/Teacher_Quiz Result/Teacher_Review An Attempt

2022-01-12 23:28:49 - [TEST_STEP][PASSED] - openBrowser(""): Browser is opened with url: ''

2022-01-12 23:28:49 - [MESSAGE][INFO] - Starting 'Chrome' driver

2022-01-12 23:28:49 - [MESSAGE][INFO] - User set preference: ['args', '[window-size=1300,900]']

2022-01-12 23:28:49 - [MESSAGE][INFO] - Action delay is set to 0 milliseconds

2022-01-12 23:28:50 - [MESSAGE][PASSED] - Browser is opened with url: ''

2022-01-12 23:28:50 - [TEST_STEP][PASSED] - navigateToUrl("http://localhost:8080/moodle/"): Navigate to 'http://localhost:8080/moodle/' successfully

2022-01-12 23:28:51 - [MESSAGE][PASSED] - Navigate to 'http://localhost:8080/moodle/' successfully

2022-01-12 23:28:51 - [TEST_STEP][PASSED] - click(findTestObject("Object Repository/Page_BCS Moodle/a_Log in")): Object: 'Object Repository/Page_BCS Moodle/a_Log in' is clicked on

2022-01-12 23:28:52 - [MESSAGE][PASSED] - Object: 'Object Repository/Page_BCS Moodle/a_Log in' is clicked on

2022-01-12 23:28:52 - [TEST_STEP][PASSED] - setText(findTestObject("Object Repository/Page_BCS Moodle Log in to the site/input_Username_username"), "onix"): Text 'onix' is set on object 'Object Repository/Page_BCS Moodle Log in to the site/input_Username_username'

2022-01-12 23:28:53 - [MESSAGE][PASSED] - Text 'onix' is set on object 'Object Repository/Page_BCS Moodle Log in to the site/input_Username_username'

2022-01-12 23:28:53 - [TEST_STEP][PASSED] - setEncryptedText(findTestObject("Object Repository/Page_BCS Moodle Log in to the site/input_Password_password"), "uw4zQNl2RedGtkZxJt1B2nZNxIOg3YnT"): Text ****** has been set on object 'Object Repository/Page_BCS Moodle Log in to the site/input_Password_password'

2022-01-12 23:28:53 - [MESSAGE][PASSED] - Text ****** has been set on object 'Object Repository/Page_BCS Moodle Log in to the site/input_Password_password'

2022-01-12 23:28:53 - [TEST_STEP][PASSED] - click(findTestObject("Object Repository/Page_BCS Moodle Log in to the site/button_Log in")): Object: 'Object Repository/Page_BCS Moodle Log in to the site/button_Log in' is clicked on

2022-01-12 23:28:55 - [MESSAGE][PASSED] - Object: 'Object Repository/Page_BCS Moodle Log in to the site/button_Log in' is clicked on

2022-01-12 23:28:55 - [TEST_STEP][PASSED] - click(findTestObject("Object Repository/Page_Dashboard/div_Course image")): Object: 'Object Repository/Page_Dashboard/div_Course image' is clicked on

2022-01-12 23:28:57 - [MESSAGE][PASSED] - Object: 'Object Repository/Page_Dashboard/div_Course image' is clicked on

2022-01-12 23:28:57 - [TEST_STEP][PASSED] - click(findTestObject("Object Repository/Page_Course Ton t hp/span_Quiz Nhiu cu  nhiu la chn")): Object: 'Object Repository/Page_Course Ton t hp/span_Quiz Nhiu cu  nhiu la chn' is clicked on

2022-01-12 23:28:58 - [MESSAGE][PASSED] - Object: 'Object Repository/Page_Course Ton t hp/span_Quiz Nhiu cu  nhiu la chn' is clicked on

2022-01-12 23:28:58 - [TEST_STEP][PASSED] - click(findTestObject("Object Repository/Page_TTH Quiz Nhiu cu  nhiu la chn/a_Quiz Nhiu cu  nhiu la chn_action-menu-toggle-3")): Object: 'Object Repository/Page_TTH Quiz Nhiu cu  nhiu la chn/a_Quiz Nhiu cu  nhiu la chn_action-menu-toggle-3' is clicked on

2022-01-12 23:28:59 - [MESSAGE][PASSED] - Object: 'Object Repository/Page_TTH Quiz Nhiu cu  nhiu la chn/a_Quiz Nhiu cu  nhiu la chn_action-menu-toggle-3' is clicked on

2022-01-12 23:28:59 - [TEST_STEP][PASSED] - click(findTestObject("Object Repository/Page_TTH Quiz Nhiu cu  nhiu la chn/a_Responses")): Object: 'Object Repository/Page_TTH Quiz Nhiu cu  nhiu la chn/a_Responses' is clicked on

2022-01-12 23:29:01 - [MESSAGE][PASSED] - Object: 'Object Repository/Page_TTH Quiz Nhiu cu  nhiu la chn/a_Responses' is clicked on

2022-01-12 23:29:01 - [TEST_STEP][PASSED] - navigateToUrl("http://localhost:8080/moodle/mod/quiz/report.php?id=21&mode=responses"): Navigate to 'http://localhost:8080/moodle/mod/quiz/report.php?id=21&mode=responses' successfully

2022-01-12 23:29:02 - [MESSAGE][PASSED] - Navigate to 'http://localhost:8080/moodle/mod/quiz/report.php?id=21&mode=responses' successfully

2022-01-12 23:29:02 - [TEST_STEP][PASSED] - click(findTestObject("Object Repository/Page_Quiz Nhiu cu  nhiu la chn/a_Review attempt")): Object: 'Object Repository/Page_Quiz Nhiu cu  nhiu la chn/a_Review attempt' is clicked on

2022-01-12 23:29:03 - [MESSAGE][PASSED] - Object: 'Object Repository/Page_Quiz Nhiu cu  nhiu la chn/a_Review attempt' is clicked on

2022-01-12 23:29:03 - [TEST_STEP][PASSED] - click(findTestObject("Object Repository/Page_Quiz Nhiu cu  nhiu la chn Attempt review/a_Finish review")): Object: 'Object Repository/Page_Quiz Nhiu cu  nhiu la chn Attempt review/a_Finish review' is clicked on

2022-01-12 23:29:05 - [MESSAGE][PASSED] - Object: 'Object Repository/Page_Quiz Nhiu cu  nhiu la chn Attempt review/a_Finish review' is clicked on

2022-01-12 23:29:05 - [TEST_STEP][PASSED] - verifyElementText(findTestObject("Object Repository/Page_TTH Quiz Nhiu cu  nhiu la chn/h2_Quiz Nhiu cu  nhiu la chn"), "Quiz Nhiều câu + nhiều lựa chọn"): Actual text and expected text of test object 'Object Repository/Page_TTH Quiz Nhiu cu  nhiu la chn/h2_Quiz Nhiu cu  nhiu la chn' are matched.

2022-01-12 23:29:05 - [MESSAGE][PASSED] - Actual text and expected text of test object 'Object Repository/Page_TTH Quiz Nhiu cu  nhiu la chn/h2_Quiz Nhiu cu  nhiu la chn' are matched.

2022-01-12 23:29:05 - [TEST_STEP][PASSED] - closeBrowser(): Browser is closed

2022-01-12 23:29:06 - [MESSAGE][PASSED] - Browser is closed]]></system-out>
         <system-err><![CDATA[]]></system-err>
      </testcase>
      <testcase name="Test Cases/Teacher/Teacher_Quiz Result/Teacher_See The Statistics Of A Question" time="16.68" classname="Test Cases/Teacher/Teacher_Quiz Result/Teacher_See The Statistics Of A Question" status="PASSED">
         <system-out><![CDATA[2022-01-12 23:29:06 - [TEST_CASE][PASSED] - Test Cases/Teacher/Teacher_Quiz Result/Teacher_See The Statistics Of A Question: Test Cases/Teacher/Teacher_Quiz Result/Teacher_See The Statistics Of A Question

2022-01-12 23:29:06 - [TEST_STEP][PASSED] - openBrowser(""): Browser is opened with url: ''

2022-01-12 23:29:06 - [MESSAGE][INFO] - Starting 'Chrome' driver

2022-01-12 23:29:06 - [MESSAGE][INFO] - User set preference: ['args', '[window-size=1300,900]']

2022-01-12 23:29:06 - [MESSAGE][INFO] - Action delay is set to 0 milliseconds

2022-01-12 23:29:07 - [MESSAGE][PASSED] - Browser is opened with url: ''

2022-01-12 23:29:07 - [TEST_STEP][PASSED] - navigateToUrl("http://localhost:8080/moodle/"): Navigate to 'http://localhost:8080/moodle/' successfully

2022-01-12 23:29:08 - [MESSAGE][PASSED] - Navigate to 'http://localhost:8080/moodle/' successfully

2022-01-12 23:29:08 - [TEST_STEP][PASSED] - click(findTestObject("Object Repository/Page_BCS Moodle/a_Log in")): Object: 'Object Repository/Page_BCS Moodle/a_Log in' is clicked on

2022-01-12 23:29:09 - [MESSAGE][PASSED] - Object: 'Object Repository/Page_BCS Moodle/a_Log in' is clicked on

2022-01-12 23:29:09 - [TEST_STEP][PASSED] - setText(findTestObject("Object Repository/Page_BCS Moodle Log in to the site/input_Username_username"), "onix"): Text 'onix' is set on object 'Object Repository/Page_BCS Moodle Log in to the site/input_Username_username'

2022-01-12 23:29:10 - [MESSAGE][PASSED] - Text 'onix' is set on object 'Object Repository/Page_BCS Moodle Log in to the site/input_Username_username'

2022-01-12 23:29:10 - [TEST_STEP][PASSED] - setEncryptedText(findTestObject("Object Repository/Page_BCS Moodle Log in to the site/input_Password_password"), "uw4zQNl2RedGtkZxJt1B2nZNxIOg3YnT"): Text ****** has been set on object 'Object Repository/Page_BCS Moodle Log in to the site/input_Password_password'

2022-01-12 23:29:10 - [MESSAGE][PASSED] - Text ****** has been set on object 'Object Repository/Page_BCS Moodle Log in to the site/input_Password_password'

2022-01-12 23:29:10 - [TEST_STEP][PASSED] - click(findTestObject("Object Repository/Page_BCS Moodle Log in to the site/button_Log in")): Object: 'Object Repository/Page_BCS Moodle Log in to the site/button_Log in' is clicked on

2022-01-12 23:29:12 - [MESSAGE][PASSED] - Object: 'Object Repository/Page_BCS Moodle Log in to the site/button_Log in' is clicked on

2022-01-12 23:29:12 - [TEST_STEP][PASSED] - click(findTestObject("Object Repository/Page_Dashboard/div_Course image")): Object: 'Object Repository/Page_Dashboard/div_Course image' is clicked on

2022-01-12 23:29:14 - [MESSAGE][PASSED] - Object: 'Object Repository/Page_Dashboard/div_Course image' is clicked on

2022-01-12 23:29:14 - [TEST_STEP][PASSED] - click(findTestObject("Object Repository/Page_Course Ton t hp/span_Quiz Nhiu cu  nhiu la chn")): Object: 'Object Repository/Page_Course Ton t hp/span_Quiz Nhiu cu  nhiu la chn' is clicked on

2022-01-12 23:29:16 - [MESSAGE][PASSED] - Object: 'Object Repository/Page_Course Ton t hp/span_Quiz Nhiu cu  nhiu la chn' is clicked on

2022-01-12 23:29:16 - [TEST_STEP][PASSED] - click(findTestObject("Object Repository/Page_TTH Quiz Nhiu cu  nhiu la chn/a_Quiz Nhiu cu  nhiu la chn_action-menu-toggle-3")): Object: 'Object Repository/Page_TTH Quiz Nhiu cu  nhiu la chn/a_Quiz Nhiu cu  nhiu la chn_action-menu-toggle-3' is clicked on

2022-01-12 23:29:16 - [MESSAGE][PASSED] - Object: 'Object Repository/Page_TTH Quiz Nhiu cu  nhiu la chn/a_Quiz Nhiu cu  nhiu la chn_action-menu-toggle-3' is clicked on

2022-01-12 23:29:16 - [TEST_STEP][PASSED] - click(findTestObject("Object Repository/Page_TTH Quiz Nhiu cu  nhiu la chn/a_Statistics")): Object: 'Object Repository/Page_TTH Quiz Nhiu cu  nhiu la chn/a_Statistics' is clicked on

2022-01-12 23:29:18 - [MESSAGE][PASSED] - Object: 'Object Repository/Page_TTH Quiz Nhiu cu  nhiu la chn/a_Statistics' is clicked on

2022-01-12 23:29:18 - [TEST_STEP][PASSED] - navigateToUrl("http://localhost:8080/moodle/mod/quiz/report.php?id=21&mode=statistics"): Navigate to 'http://localhost:8080/moodle/mod/quiz/report.php?id=21&mode=statistics' successfully

2022-01-12 23:29:19 - [MESSAGE][PASSED] - Navigate to 'http://localhost:8080/moodle/mod/quiz/report.php?id=21&mode=statistics' successfully

2022-01-12 23:29:19 - [TEST_STEP][PASSED] - click(findTestObject("Object Repository/Page_Quiz Nhiu cu  nhiu la chn/a_Question 2")): Object: 'Object Repository/Page_Quiz Nhiu cu  nhiu la chn/a_Question 2' is clicked on

2022-01-12 23:29:20 - [MESSAGE][PASSED] - Object: 'Object Repository/Page_Quiz Nhiu cu  nhiu la chn/a_Question 2' is clicked on

2022-01-12 23:29:20 - [TEST_STEP][PASSED] - verifyElementText(findTestObject("Object Repository/Page_Quiz Nhiu cu  nhiu la chn/td_Question 2"), "Question 2 "): Actual text and expected text of test object 'Object Repository/Page_Quiz Nhiu cu  nhiu la chn/td_Question 2' are matched.

2022-01-12 23:29:20 - [MESSAGE][PASSED] - Actual text and expected text of test object 'Object Repository/Page_Quiz Nhiu cu  nhiu la chn/td_Question 2' are matched.

2022-01-12 23:29:20 - [TEST_STEP][PASSED] - verifyElementText(findTestObject("Object Repository/Page_Quiz Nhiu cu  nhiu la chn/h3_Question statistics"), "Question statistics"): Actual text and expected text of test object 'Object Repository/Page_Quiz Nhiu cu  nhiu la chn/h3_Question statistics' are matched.

2022-01-12 23:29:21 - [MESSAGE][PASSED] - Actual text and expected text of test object 'Object Repository/Page_Quiz Nhiu cu  nhiu la chn/h3_Question statistics' are matched.

2022-01-12 23:29:21 - [TEST_STEP][PASSED] - verifyElementText(findTestObject("Object Repository/Page_Quiz Nhiu cu  nhiu la chn/h3_Analysis of responses"), "Analysis of responses"): Actual text and expected text of test object 'Object Repository/Page_Quiz Nhiu cu  nhiu la chn/h3_Analysis of responses' are matched.

2022-01-12 23:29:21 - [MESSAGE][PASSED] - Actual text and expected text of test object 'Object Repository/Page_Quiz Nhiu cu  nhiu la chn/h3_Analysis of responses' are matched.

2022-01-12 23:29:21 - [TEST_STEP][PASSED] - click(findTestObject("Object Repository/Page_Quiz Nhiu cu  nhiu la chn/a_Back to main statistics report page")): Object: 'Object Repository/Page_Quiz Nhiu cu  nhiu la chn/a_Back to main statistics report page' is clicked on

2022-01-12 23:29:22 - [MESSAGE][PASSED] - Object: 'Object Repository/Page_Quiz Nhiu cu  nhiu la chn/a_Back to main statistics report page' is clicked on

2022-01-12 23:29:22 - [TEST_STEP][PASSED] - closeBrowser(): Browser is closed

2022-01-12 23:29:23 - [MESSAGE][PASSED] - Browser is closed]]></system-out>
         <system-err><![CDATA[]]></system-err>
      </testcase>
      <testcase name="Test Cases/Teacher/Teacher_Quiz Result/Teacher_See Unattempted Students In A Quiz" time="44.063" classname="Test Cases/Teacher/Teacher_Quiz Result/Teacher_See Unattempted Students In A Quiz" status="FAILED">
         <failure type="FAILED" message="Test Cases/Teacher/Teacher_Quiz Result/Teacher_See Unattempted Students In A Quiz FAILED.
Reason:
com.kms.katalon.core.exception.StepFailedException: Unable to select option by value 'enrolled_without' of object 'Object Repository/Page_Quiz Nhiu cu  nhiu la chn/select_enrolled users who have attempted th_e23a5c'  using regular expression
	at com.kms.katalon.core.webui.keyword.internal.WebUIKeywordMain.stepFailed(WebUIKeywordMain.groovy:64)
	at com.kms.katalon.core.webui.keyword.internal.WebUIKeywordMain.runKeyword(WebUIKeywordMain.groovy:26)
	at com.kms.katalon.core.webui.keyword.builtin.SelectOptionByValueKeyword.selectOptionByValue(SelectOptionByValueKeyword.groovy:99)
	at com.kms.katalon.core.webui.keyword.builtin.SelectOptionByValueKeyword.execute(SelectOptionByValueKeyword.groovy:71)
	at com.kms.katalon.core.keyword.internal.KeywordExecutor.executeKeywordForPlatform(KeywordExecutor.groovy:74)
	at com.kms.katalon.core.webui.keyword.WebUiBuiltInKeywords.selectOptionByValue(WebUiBuiltInKeywords.groovy:1168)
	at com.kms.katalon.core.webui.keyword.WebUiBuiltInKeywords$selectOptionByValue$8.call(Unknown Source)
	at Teacher_See Unattempted Students In A Quiz.run(Teacher_See Unattempted Students In A Quiz:42)
	at com.kms.katalon.core.main.ScriptEngine.run(ScriptEngine.java:194)
	at com.kms.katalon.core.main.ScriptEngine.runScriptAsRawText(ScriptEngine.java:119)
	at com.kms.katalon.core.main.TestCaseExecutor.runScript(TestCaseExecutor.java:442)
	at com.kms.katalon.core.main.TestCaseExecutor.doExecute(TestCaseExecutor.java:433)
	at com.kms.katalon.core.main.TestCaseExecutor.processExecutionPhase(TestCaseExecutor.java:412)
	at com.kms.katalon.core.main.TestCaseExecutor.accessMainPhase(TestCaseExecutor.java:404)
	at com.kms.katalon.core.main.TestCaseExecutor.execute(TestCaseExecutor.java:281)
	at com.kms.katalon.core.main.TestCaseExecutor.execute(TestCaseExecutor.java:363)
	at com.kms.katalon.core.main.TestCaseExecutor.execute(TestCaseExecutor.java:363)
	at com.kms.katalon.core.main.TestCaseExecutor.execute(TestCaseExecutor.java:363)
	at com.kms.katalon.core.main.TestSuiteExecutor.accessTestCaseMainPhase(TestSuiteExecutor.java:202)
	at com.kms.katalon.core.main.TestSuiteExecutor.accessTestSuiteMainPhase(TestSuiteExecutor.java:164)
	at com.kms.katalon.core.main.TestSuiteExecutor.execute(TestSuiteExecutor.java:105)
	at com.kms.katalon.core.main.TestCaseMain.startTestSuite(TestCaseMain.java:181)
	at com.kms.katalon.core.main.TestCaseMain$startTestSuite$0.call(Unknown Source)
	at TempTestSuite1642004744854.run(TempTestSuite1642004744854.groovy:36)
Caused by: com.kms.katalon.core.webui.exception.WebElementNotFoundException: Web element with id: 'Object Repository/Page_Quiz Nhiu cu  nhiu la chn/select_enrolled users who have attempted th_e23a5c' located by '//select[@id='id_attempts']' not found
	at com.kms.katalon.core.webui.common.WebUiCommonHelper.findWebElement(WebUiCommonHelper.java:1368)
	at com.kms.katalon.core.webui.keyword.internal.WebUIAbstractKeyword.findWebElement(WebUIAbstractKeyword.groovy:27)
	at com.kms.katalon.core.webui.keyword.internal.WebUIAbstractKeyword.findWebElement(WebUIAbstractKeyword.groovy:26)
	at com.kms.katalon.core.webui.keyword.builtin.SelectOptionByValueKeyword$_selectOptionByValue_closure1.doCall(SelectOptionByValueKeyword.groovy:86)
	at com.kms.katalon.core.webui.keyword.builtin.SelectOptionByValueKeyword$_selectOptionByValue_closure1.call(SelectOptionByValueKeyword.groovy)
	at com.kms.katalon.core.webui.keyword.internal.WebUIKeywordMain.runKeyword(WebUIKeywordMain.groovy:20)
	... 22 more
"/>
         <system-out><![CDATA[2022-01-12 23:31:35 - [TEST_CASE][FAILED] - Test Cases/Teacher/Teacher_Quiz Result/Teacher_See Unattempted Students In A Quiz: Test Cases/Teacher/Teacher_Quiz Result/Teacher_See Unattempted Students In A Quiz FAILED.
Reason:
com.kms.katalon.core.exception.StepFailedException: Unable to select option by value 'enrolled_without' of object 'Object Repository/Page_Quiz Nhiu cu  nhiu la chn/select_enrolled users who have attempted th_e23a5c'  using regular expression
	at com.kms.katalon.core.webui.keyword.internal.WebUIKeywordMain.stepFailed(WebUIKeywordMain.groovy:64)
	at com.kms.katalon.core.webui.keyword.internal.WebUIKeywordMain.runKeyword(WebUIKeywordMain.groovy:26)
	at com.kms.katalon.core.webui.keyword.builtin.SelectOptionByValueKeyword.selectOptionByValue(SelectOptionByValueKeyword.groovy:99)
	at com.kms.katalon.core.webui.keyword.builtin.SelectOptionByValueKeyword.execute(SelectOptionByValueKeyword.groovy:71)
	at com.kms.katalon.core.keyword.internal.KeywordExecutor.executeKeywordForPlatform(KeywordExecutor.groovy:74)
	at com.kms.katalon.core.webui.keyword.WebUiBuiltInKeywords.selectOptionByValue(WebUiBuiltInKeywords.groovy:1168)
	at com.kms.katalon.core.webui.keyword.WebUiBuiltInKeywords$selectOptionByValue$8.call(Unknown Source)
	at Teacher_See Unattempted Students In A Quiz.run(Teacher_See Unattempted Students In A Quiz:42)
	at com.kms.katalon.core.main.ScriptEngine.run(ScriptEngine.java:194)
	at com.kms.katalon.core.main.ScriptEngine.runScriptAsRawText(ScriptEngine.java:119)
	at com.kms.katalon.core.main.TestCaseExecutor.runScript(TestCaseExecutor.java:442)
	at com.kms.katalon.core.main.TestCaseExecutor.doExecute(TestCaseExecutor.java:433)
	at com.kms.katalon.core.main.TestCaseExecutor.processExecutionPhase(TestCaseExecutor.java:412)
	at com.kms.katalon.core.main.TestCaseExecutor.accessMainPhase(TestCaseExecutor.java:404)
	at com.kms.katalon.core.main.TestCaseExecutor.execute(TestCaseExecutor.java:281)
	at com.kms.katalon.core.main.TestCaseExecutor.execute(TestCaseExecutor.java:363)
	at com.kms.katalon.core.main.TestCaseExecutor.execute(TestCaseExecutor.java:363)
	at com.kms.katalon.core.main.TestCaseExecutor.execute(TestCaseExecutor.java:363)
	at com.kms.katalon.core.main.TestSuiteExecutor.accessTestCaseMainPhase(TestSuiteExecutor.java:202)
	at com.kms.katalon.core.main.TestSuiteExecutor.accessTestSuiteMainPhase(TestSuiteExecutor.java:164)
	at com.kms.katalon.core.main.TestSuiteExecutor.execute(TestSuiteExecutor.java:105)
	at com.kms.katalon.core.main.TestCaseMain.startTestSuite(TestCaseMain.java:181)
	at com.kms.katalon.core.main.TestCaseMain$startTestSuite$0.call(Unknown Source)
	at TempTestSuite1642004744854.run(TempTestSuite1642004744854.groovy:36)
Caused by: com.kms.katalon.core.webui.exception.WebElementNotFoundException: Web element with id: 'Object Repository/Page_Quiz Nhiu cu  nhiu la chn/select_enrolled users who have attempted th_e23a5c' located by '//select[@id='id_attempts']' not found
	at com.kms.katalon.core.webui.common.WebUiCommonHelper.findWebElement(WebUiCommonHelper.java:1368)
	at com.kms.katalon.core.webui.keyword.internal.WebUIAbstractKeyword.findWebElement(WebUIAbstractKeyword.groovy:27)
	at com.kms.katalon.core.webui.keyword.internal.WebUIAbstractKeyword.findWebElement(WebUIAbstractKeyword.groovy:26)
	at com.kms.katalon.core.webui.keyword.builtin.SelectOptionByValueKeyword$_selectOptionByValue_closure1.doCall(SelectOptionByValueKeyword.groovy:86)
	at com.kms.katalon.core.webui.keyword.builtin.SelectOptionByValueKeyword$_selectOptionByValue_closure1.call(SelectOptionByValueKeyword.groovy)
	at com.kms.katalon.core.webui.keyword.internal.WebUIKeywordMain.runKeyword(WebUIKeywordMain.groovy:20)
	... 22 more


2022-01-12 23:31:35 - [TEST_STEP][PASSED] - openBrowser(""): Browser is opened with url: ''

2022-01-12 23:31:35 - [MESSAGE][WARNING] - A browser is already opened. Closing browser and opening a new one

2022-01-12 23:31:36 - [MESSAGE][INFO] - Starting 'Chrome' driver

2022-01-12 23:31:36 - [MESSAGE][INFO] - User set preference: ['args', '[window-size=1300,900]']

2022-01-12 23:31:36 - [MESSAGE][INFO] - Action delay is set to 0 milliseconds

2022-01-12 23:31:37 - [MESSAGE][PASSED] - Browser is opened with url: ''

2022-01-12 23:31:37 - [TEST_STEP][PASSED] - navigateToUrl("http://localhost:8080/moodle/"): Navigate to 'http://localhost:8080/moodle/' successfully

2022-01-12 23:31:38 - [MESSAGE][PASSED] - Navigate to 'http://localhost:8080/moodle/' successfully

2022-01-12 23:31:38 - [TEST_STEP][PASSED] - click(findTestObject("Object Repository/Page_BCS Moodle/a_Log in")): Object: 'Object Repository/Page_BCS Moodle/a_Log in' is clicked on

2022-01-12 23:31:39 - [MESSAGE][PASSED] - Object: 'Object Repository/Page_BCS Moodle/a_Log in' is clicked on

2022-01-12 23:31:39 - [TEST_STEP][PASSED] - setText(findTestObject("Object Repository/Page_BCS Moodle Log in to the site/input_Username_username"), "onix"): Text 'onix' is set on object 'Object Repository/Page_BCS Moodle Log in to the site/input_Username_username'

2022-01-12 23:31:40 - [MESSAGE][PASSED] - Text 'onix' is set on object 'Object Repository/Page_BCS Moodle Log in to the site/input_Username_username'

2022-01-12 23:31:40 - [TEST_STEP][PASSED] - setEncryptedText(findTestObject("Object Repository/Page_BCS Moodle Log in to the site/input_Password_password"), "uw4zQNl2RedGtkZxJt1B2nZNxIOg3YnT"): Text ****** has been set on object 'Object Repository/Page_BCS Moodle Log in to the site/input_Password_password'

2022-01-12 23:31:40 - [MESSAGE][PASSED] - Text ****** has been set on object 'Object Repository/Page_BCS Moodle Log in to the site/input_Password_password'

2022-01-12 23:31:40 - [TEST_STEP][PASSED] - click(findTestObject("Object Repository/Page_BCS Moodle Log in to the site/button_Log in")): Object: 'Object Repository/Page_BCS Moodle Log in to the site/button_Log in' is clicked on

2022-01-12 23:31:42 - [MESSAGE][PASSED] - Object: 'Object Repository/Page_BCS Moodle Log in to the site/button_Log in' is clicked on

2022-01-12 23:31:42 - [TEST_STEP][PASSED] - click(findTestObject("Object Repository/Page_Dashboard/div_Course image")): Object: 'Object Repository/Page_Dashboard/div_Course image' is clicked on

2022-01-12 23:31:44 - [MESSAGE][PASSED] - Object: 'Object Repository/Page_Dashboard/div_Course image' is clicked on

2022-01-12 23:31:44 - [TEST_STEP][PASSED] - click(findTestObject("Object Repository/Page_Course Ton t hp/span_Quiz Nhiu cu  nhiu la chn")): Object: 'Object Repository/Page_Course Ton t hp/span_Quiz Nhiu cu  nhiu la chn' is clicked on

2022-01-12 23:31:45 - [MESSAGE][PASSED] - Object: 'Object Repository/Page_Course Ton t hp/span_Quiz Nhiu cu  nhiu la chn' is clicked on

2022-01-12 23:31:45 - [TEST_STEP][PASSED] - click(findTestObject("Object Repository/Page_TTH Quiz Nhiu cu  nhiu la chn/a_Quiz Nhiu cu  nhiu la chn_action-menu-toggle-3")): Object: 'Object Repository/Page_TTH Quiz Nhiu cu  nhiu la chn/a_Quiz Nhiu cu  nhiu la chn_action-menu-toggle-3' is clicked on

2022-01-12 23:31:46 - [MESSAGE][PASSED] - Object: 'Object Repository/Page_TTH Quiz Nhiu cu  nhiu la chn/a_Quiz Nhiu cu  nhiu la chn_action-menu-toggle-3' is clicked on

2022-01-12 23:31:46 - [TEST_STEP][PASSED] - click(findTestObject("Object Repository/Page_TTH Quiz Nhiu cu  nhiu la chn/a_Responses")): Object: 'Object Repository/Page_TTH Quiz Nhiu cu  nhiu la chn/a_Responses' is clicked on

2022-01-12 23:31:47 - [MESSAGE][PASSED] - Object: 'Object Repository/Page_TTH Quiz Nhiu cu  nhiu la chn/a_Responses' is clicked on

2022-01-12 23:31:47 - [TEST_STEP][PASSED] - navigateToUrl("http://localhost:8080/moodle/mod/quiz/report.php?id=21&mode=responses"): Navigate to 'http://localhost:8080/moodle/mod/quiz/report.php?id=21&mode=responses' successfully

[...]

2022-01-13 00:02:28 - [MESSAGE][PASSED] - Text 'Example Survey Critical Incidents' is set on object 'Object Repository/Page_Editing Survey/input_Name_name'

2022-01-13 00:02:28 - [TEST_STEP][FAILED] - selectOptionByValue(findTestObject("Object Repository/Page_Editing Survey/select_Choose.            ATTLS (20 item ve_6ae139"), "5", true): Unable to select option by value '5' of object 'Object Repository/Page_Editing Survey/select_Choose.            ATTLS (20 item ve_6ae139'  using regular expression (Root cause: com.kms.katalon.core.exception.StepFailedException: Unable to select option by value '5' of object 'Object Repository/Page_Editing Survey/select_Choose.            ATTLS (20 item ve_6ae139'  using regular expression
	at com.kms.katalon.core.webui.keyword.internal.WebUIKeywordMain.stepFailed(WebUIKeywordMain.groovy:64)
	at com.kms.katalon.core.webui.keyword.internal.WebUIKeywordMain.runKeyword(WebUIKeywordMain.groovy:26)
	at com.kms.katalon.core.webui.keyword.builtin.SelectOptionByValueKeyword.selectOptionByValue(SelectOptionByValueKeyword.groovy:99)
	at com.kms.katalon.core.webui.keyword.builtin.SelectOptionByValueKeyword.execute(SelectOptionByValueKeyword.groovy:71)
	at com.kms.katalon.core.keyword.internal.KeywordExecutor.executeKeywordForPlatform(KeywordExecutor.groovy:74)
	at com.kms.katalon.core.webui.keyword.WebUiBuiltInKeywords.selectOptionByValue(WebUiBuiltInKeywords.groovy:1168)
	at com.kms.katalon.core.webui.keyword.WebUiBuiltInKeywords$selectOptionByValue$8.call(Unknown Source)
	at Teacher_Add Survey Critical Incidents.run(Teacher_Add Survey Critical Incidents:42)
	at com.kms.katalon.core.main.ScriptEngine.run(ScriptEngine.java:194)
	at com.kms.katalon.core.main.ScriptEngine.runScriptAsRawText(ScriptEngine.java:119)
	at com.kms.katalon.core.main.TestCaseExecutor.runScript(TestCaseExecutor.java:442)
	at com.kms.katalon.core.main.TestCaseExecutor.doExecute(TestCaseExecutor.java:433)
	at com.kms.katalon.core.main.TestCaseExecutor.processExecutionPhase(TestCaseExecutor.java:412)
	at com.kms.katalon.core.main.TestCaseExecutor.accessMainPhase(TestCaseExecutor.java:404)
	at com.kms.katalon.core.main.TestCaseExecutor.execute(TestCaseExecutor.java:281)
	at com.kms.katalon.core.main.TestCaseExecutor.execute(TestCaseExecutor.java:363)
	at com.kms.katalon.core.main.TestCaseExecutor.execute(TestCaseExecutor.java:363)
	at com.kms.katalon.core.main.TestCaseExecutor.execute(TestCaseExecutor.java:363)
	at com.kms.katalon.core.main.TestSuiteExecutor.accessTestCaseMainPhase(TestSuiteExecutor.java:202)
	at com.kms.katalon.core.main.TestSuiteExecutor.accessTestSuiteMainPhase(TestSuiteExecutor.java:164)
	at com.kms.katalon.core.main.TestSuiteExecutor.execute(TestSuiteExecutor.java:105)
	at com.kms.katalon.core.main.TestCaseMain.startTestSuite(TestCaseMain.java:181)
	at com.kms.katalon.core.main.TestCaseMain$startTestSuite$0.call(Unknown Source)
	at TempTestSuite1642004744854.run(TempTestSuite1642004744854.groovy:36)
Caused by: com.kms.katalon.core.webui.exception.WebElementNotFoundException: Web element with id: 'Object Repository/Page_Editing Survey/select_Choose.            ATTLS (20 item ve_6ae139' located by '//select[@id='id_template']' not found
	at com.kms.katalon.core.webui.common.WebUiCommonHelper.findWebElement(WebUiCommonHelper.java:1368)
	at com.kms.katalon.core.webui.keyword.internal.WebUIAbstractKeyword.findWebElement(WebUIAbstractKeyword.groovy:27)
	at com.kms.katalon.core.webui.keyword.internal.WebUIAbstractKeyword.findWebElement(WebUIAbstractKeyword.groovy:26)
	at com.kms.katalon.core.webui.keyword.builtin.SelectOptionByValueKeyword$_selectOptionByValue_closure1.doCall(SelectOptionByValueKeyword.groovy:86)
	at com.kms.katalon.core.webui.keyword.builtin.SelectOptionByValueKeyword$_selectOptionByValue_closure1.call(SelectOptionByValueKeyword.groovy)
	at com.kms.katalon.core.webui.keyword.internal.WebUIKeywordMain.runKeyword(WebUIKeywordMain.groovy:20)
	at com.kms.katalon.core.webui.keyword.builtin.SelectOptionByValueKeyword.selectOptionByValue(SelectOptionByValueKeyword.groovy:99)
	at com.kms.katalon.core.webui.keyword.builtin.SelectOptionByValueKeyword.execute(SelectOptionByValueKeyword.groovy:71)
	at com.kms.katalon.core.keyword.internal.KeywordExecutor.executeKeywordForPlatform(KeywordExecutor.groovy:74)
	at com.kms.katalon.core.webui.keyword.WebUiBuiltInKeywords.selectOptionByValue(WebUiBuiltInKeywords.groovy:1168)
	at com.kms.katalon.core.webui.keyword.WebUiBuiltInKeywords$selectOptionByValue$8.call(Unknown Source)
	at Script1641478467232.run(Script1641478467232.groovy:42)
	... 16 more
)

2022-01-13 00:02:59 - [MESSAGE][INFO] - Unable to find the element located by 'By.xpath: //select[@id='id_template']'. Please recheck the objects properties to make sure the desired element is located. 

2022-01-13 00:02:59 - [MESSAGE][FAILED] - Unable to select option by value '5' of object 'Object Repository/Page_Editing Survey/select_Choose.            ATTLS (20 item ve_6ae139'  using regular expression (Root cause: com.kms.katalon.core.exception.StepFailedException: Unable to select option by value '5' of object 'Object Repository/Page_Editing Survey/select_Choose.            ATTLS (20 item ve_6ae139'  using regular expression
	at com.kms.katalon.core.webui.keyword.internal.WebUIKeywordMain.stepFailed(WebUIKeywordMain.groovy:64)
	at com.kms.katalon.core.webui.keyword.internal.WebUIKeywordMain.runKeyword(WebUIKeywordMain.groovy:26)
	at com.kms.katalon.core.webui.keyword.builtin.SelectOptionByValueKeyword.selectOptionByValue(SelectOptionByValueKeyword.groovy:99)
	at com.kms.katalon.core.webui.keyword.builtin.SelectOptionByValueKeyword.execute(SelectOptionByValueKeyword.groovy:71)
	at com.kms.katalon.core.keyword.internal.KeywordExecutor.executeKeywordForPlatform(KeywordExecutor.groovy:74)
	at com.kms.katalon.core.webui.keyword.WebUiBuiltInKeywords.selectOptionByValue(WebUiBuiltInKeywords.groovy:1168)
	at com.kms.katalon.core.webui.keyword.WebUiBuiltInKeywords$selectOptionByValue$8.call(Unknown Source)
	at Teacher_Add Survey Critical Incidents.run(Teacher_Add Survey Critical Incidents:42)
	at com.kms.katalon.core.main.ScriptEngine.run(ScriptEngine.java:194)
	at com.kms.katalon.core.main.ScriptEngine.runScriptAsRawText(ScriptEngine.java:119)
	at com.kms.katalon.core.main.TestCaseExecutor.runScript(TestCaseExecutor.java:442)
	at com.kms.katalon.core.main.TestCaseExecutor.doExecute(TestCaseExecutor.java:433)
	at com.kms.katalon.core.main.TestCaseExecutor.processExecutionPhase(TestCaseExecutor.java:412)
	at com.kms.katalon.core.main.TestCaseExecutor.accessMainPhase(TestCaseExecutor.java:404)
	at com.kms.katalon.core.main.TestCaseExecutor.execute(TestCaseExecutor.java:281)
	at com.kms.katalon.core.main.TestCaseExecutor.execute(TestCaseExecutor.java:363)
	at com.kms.katalon.core.main.TestCaseExecutor.execute(TestCaseExecutor.java:363)
	at com.kms.katalon.core.main.TestCaseExecutor.execute(TestCaseExecutor.java:363)
	at com.kms.katalon.core.main.TestSuiteExecutor.accessTestCaseMainPhase(TestSuiteExecutor.java:202)
	at com.kms.katalon.core.main.TestSuiteExecutor.accessTestSuiteMainPhase(TestSuiteExecutor.java:164)
	at com.kms.katalon.core.main.TestSuiteExecutor.execute(TestSuiteExecutor.java:105)
	at com.kms.katalon.core.main.TestCaseMain.startTestSuite(TestCaseMain.java:181)
	at com.kms.katalon.core.main.TestCaseMain$startTestSuite$0.call(Unknown Source)
	at TempTestSuite1642004744854.run(TempTestSuite1642004744854.groovy:36)
Caused by: com.kms.katalon.core.webui.exception.WebElementNotFoundException: Web element with id: 'Object Repository/Page_Editing Survey/select_Choose.            ATTLS (20 item ve_6ae139' located by '//select[@id='id_template']' not found
	at com.kms.katalon.core.webui.common.WebUiCommonHelper.findWebElement(WebUiCommonHelper.java:1368)
	at com.kms.katalon.core.webui.keyword.internal.WebUIAbstractKeyword.findWebElement(WebUIAbstractKeyword.groovy:27)
	at com.kms.katalon.core.webui.keyword.internal.WebUIAbstractKeyword.findWebElement(WebUIAbstractKeyword.groovy:26)
	at com.kms.katalon.core.webui.keyword.builtin.SelectOptionByValueKeyword$_selectOptionByValue_closure1.doCall(SelectOptionByValueKeyword.groovy:86)
	at com.kms.katalon.core.webui.keyword.builtin.SelectOptionByValueKeyword$_selectOptionByValue_closure1.call(SelectOptionByValueKeyword.groovy)
	at com.kms.katalon.core.webui.keyword.internal.WebUIKeywordMain.runKeyword(WebUIKeywordMain.groovy:20)
	at com.kms.katalon.core.webui.keyword.builtin.SelectOptionByValueKeyword.selectOptionByValue(SelectOptionByValueKeyword.groovy:99)
	at com.kms.katalon.core.webui.keyword.builtin.SelectOptionByValueKeyword.execute(SelectOptionByValueKeyword.groovy:71)
	at com.kms.katalon.core.keyword.internal.KeywordExecutor.executeKeywordForPlatform(KeywordExecutor.groovy:74)
	at com.kms.katalon.core.webui.keyword.WebUiBuiltInKeywords.selectOptionByValue(WebUiBuiltInKeywords.groovy:1168)
	at com.kms.katalon.core.webui.keyword.WebUiBuiltInKeywords$selectOptionByValue$8.call(Unknown Source)
	at Script1641478467232.run(Script1641478467232.groovy:42)
	... 16 more
)
[[ATTACHMENT|D:\\Nam_3\\SE\\Quiz\\Bonus\\TestAutomation_Katalon-Test-Project\\Reports\\20220112_232544\\Run all test cases\\20220112_232544\\1642006979629.png]]]]></system-out>
         <system-err><![CDATA[2022-01-13 00:02:13 - [TEST_CASE][FAILED] - Test Cases/Teacher/Teacher_Add Survey/Teacher_Add Survey Critical Incidents: Test Cases/Teacher/Teacher_Add Survey/Teacher_Add Survey Critical Incidents FAILED.
Reason:
com.kms.katalon.core.exception.StepFailedException: Unable to select option by value '5' of object 'Object Repository/Page_Editing Survey/select_Choose.            ATTLS (20 item ve_6ae139'  using regular expression
	at com.kms.katalon.core.webui.keyword.internal.WebUIKeywordMain.stepFailed(WebUIKeywordMain.groovy:64)
	at com.kms.katalon.core.webui.keyword.internal.WebUIKeywordMain.runKeyword(WebUIKeywordMain.groovy:26)
	at com.kms.katalon.core.webui.keyword.builtin.SelectOptionByValueKeyword.selectOptionByValue(SelectOptionByValueKeyword.groovy:99)
	at com.kms.katalon.core.webui.keyword.builtin.SelectOptionByValueKeyword.execute(SelectOptionByValueKeyword.groovy:71)
	at com.kms.katalon.core.keyword.internal.KeywordExecutor.executeKeywordForPlatform(KeywordExecutor.groovy:74)
	at com.kms.katalon.core.webui.keyword.WebUiBuiltInKeywords.selectOptionByValue(WebUiBuiltInKeywords.groovy:1168)
	at com.kms.katalon.core.webui.keyword.WebUiBuiltInKeywords$selectOptionByValue$8.call(Unknown Source)
	at Teacher_Add Survey Critical Incidents.run(Teacher_Add Survey Critical Incidents:42)
	at com.kms.katalon.core.main.ScriptEngine.run(ScriptEngine.java:194)
	at com.kms.katalon.core.main.ScriptEngine.runScriptAsRawText(ScriptEngine.java:119)
	at com.kms.katalon.core.main.TestCaseExecutor.runScript(TestCaseExecutor.java:442)
	at com.kms.katalon.core.main.TestCaseExecutor.doExecute(TestCaseExecutor.java:433)
	at com.kms.katalon.core.main.TestCaseExecutor.processExecutionPhase(TestCaseExecutor.java:412)
	at com.kms.katalon.core.main.TestCaseExecutor.accessMainPhase(TestCaseExecutor.java:404)
	at com.kms.katalon.core.main.TestCaseExecutor.execute(TestCaseExecutor.java:281)
	at com.kms.katalon.core.main.TestCaseExecutor.execute(TestCaseExecutor.java:363)
	at com.kms.katalon.core.main.TestCaseExecutor.execute(TestCaseExecutor.java:363)
	at com.kms.katalon.core.main.TestCaseExecutor.execute(TestCaseExecutor.java:363)
	at com.kms.katalon.core.main.TestSuiteExecutor.accessTestCaseMainPhase(TestSuiteExecutor.java:202)
	at com.kms.katalon.core.main.TestSuiteExecutor.accessTestSuiteMainPhase(TestSuiteExecutor.java:164)
	at com.kms.katalon.core.main.TestSuiteExecutor.execute(TestSuiteExecutor.java:105)
	at com.kms.katalon.core.main.TestCaseMain.startTestSuite(TestCaseMain.java:181)
	at com.kms.katalon.core.main.TestCaseMain$startTestSuite$0.call(Unknown Source)
	at TempTestSuite1642004744854.run(TempTestSuite1642004744854.groovy:36)
Caused by: com.kms.katalon.core.webui.exception.WebElementNotFoundException: Web element with id: 'Object Repository/Page_Editing Survey/select_Choose.            ATTLS (20 item ve_6ae139' located by '//select[@id='id_template']' not found
	at com.kms.katalon.core.webui.common.WebUiCommonHelper.findWebElement(WebUiCommonHelper.java:1368)
	at com.kms.katalon.core.webui.keyword.internal.WebUIAbstractKeyword.findWebElement(WebUIAbstractKeyword.groovy:27)
	at com.kms.katalon.core.webui.keyword.internal.WebUIAbstractKeyword.findWebElement(WebUIAbstractKeyword.groovy:26)
	at com.kms.katalon.core.webui.keyword.builtin.SelectOptionByValueKeyword$_selectOptionByValue_closure1.doCall(SelectOptionByValueKeyword.groovy:86)
	at com.kms.katalon.core.webui.keyword.builtin.SelectOptionByValueKeyword$_selectOptionByValue_closure1.call(SelectOptionByValueKeyword.groovy)
	at com.kms.katalon.core.webui.keyword.internal.WebUIKeywordMain.runKeyword(WebUIKeywordMain.groovy:20)
	... 22 more]]></system-err>
      </testcase>
      <system-out><![CDATA[2022-01-12 23:26:04 - [TEST_SUITE][FAILED] - Run all test cases: Test Cases/Teacher/Teacher_Quiz Result/Teacher_See Unattempted Students In A Quiz FAILED.
Reason:
com.kms.katalon.core.exception.StepFailedException: Unable to select option by value 'enrolled_without' of object 'Object Repository/Page_Quiz Nhiu cu  nhiu la chn/select_enrolled users who have attempted th_e23a5c'  using regular expression
	at com.kms.katalon.core.webui.keyword.internal.WebUIKeywordMain.stepFailed(WebUIKeywordMain.groovy:64)
	at com.kms.katalon.core.webui.keyword.internal.WebUIKeywordMain.runKeyword(WebUIKeywordMain.groovy:26)
	at com.kms.katalon.core.webui.keyword.builtin.SelectOptionByValueKeyword.selectOptionByValue(SelectOptionByValueKeyword.groovy:99)
	at com.kms.katalon.core.webui.keyword.builtin.SelectOptionByValueKeyword.execute(SelectOptionByValueKeyword.groovy:71)
	at com.kms.katalon.core.keyword.internal.KeywordExecutor.executeKeywordForPlatform(KeywordExecutor.groovy:74)
	at com.kms.katalon.core.webui.keyword.WebUiBuiltInKeywords.selectOptionByValue(WebUiBuiltInKeywords.groovy:1168)
	at com.kms.katalon.core.webui.keyword.WebUiBuiltInKeywords$selectOptionByValue$8.call(Unknown Source)
	at Teacher_See Unattempted Students In A Quiz.run(Teacher_See Unattempted Students In A Quiz:42)
	at com.kms.katalon.core.main.ScriptEngine.run(ScriptEngine.java:194)
	at com.kms.katalon.core.main.ScriptEngine.runScriptAsRawText(ScriptEngine.java:119)
	at com.kms.katalon.core.main.TestCaseExecutor.runScript(TestCaseExecutor.java:442)
	at com.kms.katalon.core.main.TestCaseExecutor.doExecute(TestCaseExecutor.java:433)
	at com.kms.katalon.core.main.TestCaseExecutor.processExecutionPhase(TestCaseExecutor.java:412)
	at com.kms.katalon.core.main.TestCaseExecutor.accessMainPhase(TestCaseExecutor.java:404)
	at com.kms.katalon.core.main.TestCaseExecutor.execute(TestCaseExecutor.java:281)
	at com.kms.katalon.core.main.TestSuiteExecutor.accessTestCaseMainPhase(TestSuiteExecutor.java:202)
	at com.kms.katalon.core.main.TestSuiteExecutor.accessTestSuiteMainPhase(TestSuiteExecutor.java:164)
	at com.kms.katalon.core.main.TestSuiteExecutor.execute(TestSuiteExecutor.java:105)
	at com.kms.katalon.core.main.TestCaseMain.startTestSuite(TestCaseMain.java:181)
	at com.kms.katalon.core.main.TestCaseMain$startTestSuite$0.call(Unknown Source)
	at TempTestSuite1642004744854.run(TempTestSuite1642004744854.groovy:36)
Caused by: com.kms.katalon.core.webui.exception.WebElementNotFoundException: Web element with id: 'Object Repository/Page_Quiz Nhiu cu  nhiu la chn/select_enrolled users who have attempted th_e23a5c' located by '//select[@id='id_attempts']' not found
	at com.kms.katalon.core.webui.common.WebUiCommonHelper.findWebElement(WebUiCommonHelper.java:1368)
	at com.kms.katalon.core.webui.keyword.internal.WebUIAbstractKeyword.findWebElement(WebUIAbstractKeyword.groovy:27)
	at com.kms.katalon.core.webui.keyword.internal.WebUIAbstractKeyword.findWebElement(WebUIAbstractKeyword.groovy:26)
	at com.kms.katalon.core.webui.keyword.builtin.SelectOptionByValueKeyword$_selectOptionByValue_closure1.doCall(SelectOptionByValueKeyword.groovy:86)
	at com.kms.katalon.core.webui.keyword.builtin.SelectOptionByValueKeyword$_selectOptionByValue_closure1.call(SelectOptionByValueKeyword.groovy)
	at com.kms.katalon.core.webui.keyword.internal.WebUIKeywordMain.runKeyword(WebUIKeywordMain.groovy:20)
	... 19 more]]></system-out>
      <system-err><![CDATA[2022-01-12 23:26:04 - [TEST_SUITE][FAILED] - Run all test cases: Test Cases/Teacher/Teacher_Quiz Result/Teacher_See Unattempted Students In A Quiz FAILED.
Reason:
com.kms.katalon.core.exception.StepFailedException: Unable to select option by value 'enrolled_without' of object 'Object Repository/Page_Quiz Nhiu cu  nhiu la chn/select_enrolled users who have attempted th_e23a5c'  using regular expression
	at com.kms.katalon.core.webui.keyword.internal.WebUIKeywordMain.stepFailed(WebUIKeywordMain.groovy:64)
	at com.kms.katalon.core.webui.keyword.internal.WebUIKeywordMain.runKeyword(WebUIKeywordMain.groovy:26)
	at com.kms.katalon.core.webui.keyword.builtin.SelectOptionByValueKeyword.selectOptionByValue(SelectOptionByValueKeyword.groovy:99)
	at com.kms.katalon.core.webui.keyword.builtin.SelectOptionByValueKeyword.execute(SelectOptionByValueKeyword.groovy:71)
	at com.kms.katalon.core.keyword.internal.KeywordExecutor.executeKeywordForPlatform(KeywordExecutor.groovy:74)
	at com.kms.katalon.core.webui.keyword.WebUiBuiltInKeywords.selectOptionByValue(WebUiBuiltInKeywords.groovy:1168)
	at com.kms.katalon.core.webui.keyword.WebUiBuiltInKeywords$selectOptionByValue$8.call(Unknown Source)
	at Teacher_See Unattempted Students In A Quiz.run(Teacher_See Unattempted Students In A Quiz:42)
	at com.kms.katalon.core.main.ScriptEngine.run(ScriptEngine.java:194)
	at com.kms.katalon.core.main.ScriptEngine.runScriptAsRawText(ScriptEngine.java:119)
	at com.kms.katalon.core.main.TestCaseExecutor.runScript(TestCaseExecutor.java:442)
	at com.kms.katalon.core.main.TestCaseExecutor.doExecute(TestCaseExecutor.java:433)
	at com.kms.katalon.core.main.TestCaseExecutor.processExecutionPhase(TestCaseExecutor.java:412)
	at com.kms.katalon.core.main.TestCaseExecutor.accessMainPhase(TestCaseExecutor.java:404)
	at com.kms.katalon.core.main.TestCaseExecutor.execute(TestCaseExecutor.java:281)
	at com.kms.katalon.core.main.TestSuiteExecutor.accessTestCaseMainPhase(TestSuiteExecutor.java:202)
	at com.kms.katalon.core.main.TestSuiteExecutor.accessTestSuiteMainPhase(TestSuiteExecutor.java:164)
	at com.kms.katalon.core.main.TestSuiteExecutor.execute(TestSuiteExecutor.java:105)
	at com.kms.katalon.core.main.TestCaseMain.startTestSuite(TestCaseMain.java:181)
	at com.kms.katalon.core.main.TestCaseMain$startTestSuite$0.call(Unknown Source)
	at TempTestSuite1642004744854.run(TempTestSuite1642004744854.groovy:36)
Caused by: com.kms.katalon.core.webui.exception.WebElementNotFoundException: Web element with id: 'Object Repository/Page_Quiz Nhiu cu  nhiu la chn/select_enrolled users who have attempted th_e23a5c' located by '//select[@id='id_attempts']' not found
	at com.kms.katalon.core.webui.common.WebUiCommonHelper.findWebElement(WebUiCommonHelper.java:1368)
	at com.kms.katalon.core.webui.keyword.internal.WebUIAbstractKeyword.findWebElement(WebUIAbstractKeyword.groovy:27)
	at com.kms.katalon.core.webui.keyword.internal.WebUIAbstractKeyword.findWebElement(WebUIAbstractKeyword.groovy:26)
	at com.kms.katalon.core.webui.keyword.builtin.SelectOptionByValueKeyword$_selectOptionByValue_closure1.doCall(SelectOptionByValueKeyword.groovy:86)
	at com.kms.katalon.core.webui.keyword.builtin.SelectOptionByValueKeyword$_selectOptionByValue_closure1.call(SelectOptionByValueKeyword.groovy)
	at com.kms.katalon.core.webui.keyword.internal.WebUIKeywordMain.runKeyword(WebUIKeywordMain.groovy:20)
	... 19 more]]></system-err>
   </testsuite>
</testsuites>
