<?xml version="1.0" encoding="UTF-8"?>
<testsuites name="Run All Test Cases" time="1105.894" tests="50" failures="14" errors="0">
   <testsuite name="Run All Test Cases" tests="50" failures="14" errors="0" time="1105.894" skipped="0" timestamp="2022-01-11 22:26:58" hostname="MDH - MSI" id="Test Suites/Run All Test Cases">
      <properties>
[...]
</properties>
      <testcase name="Test Cases/Admin/Admin Add User/Admin_Add User Force Password Change -- Fail" time="32.276" classname="Test Cases/Admin/Admin Add User/Admin_Add User Force Password Change -- Fail" status="PASSED">
         <system-out><![CDATA[2022-01-11 22:26:58 - [TEST_CASE][PASSED] - Test Cases/Admin/Admin Add User/Admin_Add User Force Password Change -- Fail: Test Cases/Admin/Admin Add User/Admin_Add User Force Password Change -- Fail

2022-01-11 22:26:58 - [TEST_STEP][PASSED] - callTestCase(findTestCase("Admin/Admin_Login"), [:], STOP_ON_FAILURE): Call Test Case 'Test Cases/Admin/Admin_Login' successfully

2022-01-11 22:26:59 - [TEST_CASE][PASSED] - Test Cases/Admin/Admin_Login: Test Cases/Admin/Admin_Login

2022-01-11 22:26:59 - [TEST_STEP][PASSED] - openBrowser(""): Browser is opened with url: ''

2022-01-11 22:26:59 - [MESSAGE][INFO] - Starting 'Chrome' driver

2022-01-11 22:26:59 - [MESSAGE][INFO] - User set preference: ['args', '[window-size=1300,900]']

2022-01-11 22:26:59 - [MESSAGE][INFO] - Action delay is set to 0 milliseconds

2022-01-11 22:27:01 - [MESSAGE][PASSED] - Browser is opened with url: ''

2022-01-11 22:27:01 - [TEST_STEP][PASSED] - navigateToUrl("http://localhost:8080/moodle/login/index.php"): Navigate to 'http://localhost:8080/moodle/login/index.php' successfully

2022-01-11 22:27:01 - [MESSAGE][PASSED] - Navigate to 'http://localhost:8080/moodle/login/index.php' successfully

2022-01-11 22:27:01 - [TEST_STEP][PASSED] - setText(findTestObject("Object Repository/Page_BCS Moodle Log in to the site/input_Username_username"), "admin"): Text 'admin' is set on object 'Object Repository/Page_BCS Moodle Log in to the site/input_Username_username'

2022-01-11 22:27:02 - [MESSAGE][PASSED] - Text 'admin' is set on object 'Object Repository/Page_BCS Moodle Log in to the site/input_Username_username'

2022-01-11 22:27:02 - [TEST_STEP][PASSED] - setEncryptedText(findTestObject("Object Repository/Page_BCS Moodle Log in to the site/input_Password_password"), "p4y+y39Ir5PR9RXlOHjWlj+CAJiYdX4g"): Text ****** has been set on object 'Object Repository/Page_BCS Moodle Log in to the site/input_Password_password'

2022-01-11 22:27:03 - [MESSAGE][PASSED] - Text ****** has been set on object 'Object Repository/Page_BCS Moodle Log in to the site/input_Password_password'

2022-01-11 22:27:03 - [TEST_STEP][PASSED] - click(findTestObject("Object Repository/Page_BCS Moodle Log in to the site/button_Log in")): Object: 'Object Repository/Page_BCS Moodle Log in to the site/button_Log in' is clicked on

2022-01-11 22:27:04 - [MESSAGE][PASSED] - Object: 'Object Repository/Page_BCS Moodle Log in to the site/button_Log in' is clicked on

2022-01-11 22:27:04 - [MESSAGE][PASSED] - Call Test Case 'Test Cases/Admin/Admin_Login' successfully

2022-01-11 22:27:04 - [TEST_STEP][PASSED] - click(findTestObject("Object Repository/Page_Dashboard/a_Site administration")): Object: 'Object Repository/Page_Dashboard/a_Site administration' is clicked on

2022-01-11 22:27:07 - [MESSAGE][PASSED] - Object: 'Object Repository/Page_Dashboard/a_Site administration' is clicked on

2022-01-11 22:27:07 - [TEST_STEP][PASSED] - navigateToUrl("http://localhost:8080/moodle/admin/search.php"): Navigate to 'http://localhost:8080/moodle/admin/search.php' successfully

2022-01-11 22:27:08 - [MESSAGE][PASSED] - Navigate to 'http://localhost:8080/moodle/admin/search.php' successfully

2022-01-11 22:27:08 - [TEST_STEP][PASSED] - click(findTestObject("Object Repository/Page_Moodle Administration Search/a_Users")): Object: 'Object Repository/Page_Moodle Administration Search/a_Users' is clicked on

2022-01-11 22:27:09 - [MESSAGE][PASSED] - Object: 'Object Repository/Page_Moodle Administration Search/a_Users' is clicked on

2022-01-11 22:27:09 - [TEST_STEP][PASSED] - click(findTestObject("Object Repository/Page_Moodle Administration Search/a_Add a new user")): Object: 'Object Repository/Page_Moodle Administration Search/a_Add a new user' is clicked on

2022-01-11 22:27:10 - [MESSAGE][PASSED] - Object: 'Object Repository/Page_Moodle Administration Search/a_Add a new user' is clicked on

2022-01-11 22:27:10 - [TEST_STEP][PASSED] - setText(findTestObject("Object Repository/Page_Moodle Administration Users Accounts/input_Username_username"), "ycutefail"): Text 'ycutefail' is set on object 'Object Repository/Page_Moodle Administration Users Accounts/input_Username_username'

2022-01-11 22:27:12 - [MESSAGE][PASSED] - Text 'ycutefail' is set on object 'Object Repository/Page_Moodle Administration Users Accounts/input_Username_username'

2022-01-11 22:27:12 - [TEST_STEP][PASSED] - click(findTestObject("Object Repository/Page_Moodle Administration Users Accounts/em_Click to enter text")): Object: 'Object Repository/Page_Moodle Administration Users Accounts/em_Click to enter text' is clicked on

2022-01-11 22:27:12 - [MESSAGE][PASSED] - Object: 'Object Repository/Page_Moodle Administration Users Accounts/em_Click to enter text' is clicked on

2022-01-11 22:27:12 - [TEST_STEP][PASSED] - click(findTestObject("Object Repository/Page_Moodle Administration Users Accounts/i_Click to enter text_icon fa fa-eye fa-fw")): Object: 'Object Repository/Page_Moodle Administration Users Accounts/i_Click to enter text_icon fa fa-eye fa-fw' is clicked on

2022-01-11 22:27:13 - [MESSAGE][PASSED] - Object: 'Object Repository/Page_Moodle Administration Users Accounts/i_Click to enter text_icon fa fa-eye fa-fw' is clicked on

2022-01-11 22:27:13 - [TEST_STEP][PASSED] - setText(findTestObject("Object Repository/Page_Moodle Administration Users Accounts/input_New password_newpassword"), "yTest123@"): Text 'yTest123@' is set on object 'Object Repository/Page_Moodle Administration Users Accounts/input_New password_newpassword'

2022-01-11 22:27:14 - [MESSAGE][PASSED] - Text 'yTest123@' is set on object 'Object Repository/Page_Moodle Administration Users Accounts/input_New password_newpassword'

2022-01-11 22:27:14 - [TEST_STEP][PASSED] - click(findTestObject("Object Repository/Page_Moodle Administration Users Accounts/input_Press enter to save changes_preferenc_a80a7a")): Object: 'Object Repository/Page_Moodle Administration Users Accounts/input_Press enter to save changes_preferenc_a80a7a' is clicked on

2022-01-11 22:27:14 - [MESSAGE][PASSED] - Object: 'Object Repository/Page_Moodle Administration Users Accounts/input_Press enter to save changes_preferenc_a80a7a' is clicked on

2022-01-11 22:27:14 - [TEST_STEP][PASSED] - setText(findTestObject("Object Repository/Page_Moodle Administration Users Accounts/input_First name_firstname"), "Ý"): Text 'Ý' is set on object 'Object Repository/Page_Moodle Administration Users Accounts/input_First name_firstname'

2022-01-11 22:27:15 - [MESSAGE][PASSED] - Text 'Ý' is set on object 'Object Repository/Page_Moodle Administration Users Accounts/input_First name_firstname'

2022-01-11 22:27:15 - [TEST_STEP][PASSED] - setText(findTestObject("Object Repository/Page_Moodle Administration Users Accounts/input_Surname_lastname"), "cute"): Text 'cute' is set on object 'Object Repository/Page_Moodle Administration Users Accounts/input_Surname_lastname'

2022-01-11 22:27:16 - [MESSAGE][PASSED] - Text 'cute' is set on object 'Object Repository/Page_Moodle Administration Users Accounts/input_Surname_lastname'

2022-01-11 22:27:16 - [TEST_STEP][PASSED] - setText(findTestObject("Object Repository/Page_Moodle Administration Users Accounts/input_Email address_email"), "ycutefail@gmail.com"): Text 'ycutefail@gmail.com' is set on object 'Object Repository/Page_Moodle Administration Users Accounts/input_Email address_email'

2022-01-11 22:27:17 - [MESSAGE][PASSED] - Text 'ycutefail@gmail.com' is set on object 'Object Repository/Page_Moodle Administration Users Accounts/input_Email address_email'

2022-01-11 22:27:17 - [TEST_STEP][PASSED] - click(findTestObject("Object Repository/Page_Moodle Administration Users Accounts/input_Address_submitbutton")): Object: 'Object Repository/Page_Moodle Administration Users Accounts/input_Address_submitbutton' is clicked on

2022-01-11 22:27:19 - [MESSAGE][PASSED] - Object: 'Object Repository/Page_Moodle Administration Users Accounts/input_Address_submitbutton' is clicked on

2022-01-11 22:27:19 - [TEST_STEP][PASSED] - navigateToUrl("http://localhost:8080/moodle/admin/user.php"): Navigate to 'http://localhost:8080/moodle/admin/user.php' successfully

2022-01-11 22:27:20 - [MESSAGE][PASSED] - Navigate to 'http://localhost:8080/moodle/admin/user.php' successfully

2022-01-11 22:27:20 - [TEST_STEP][PASSED] - click(findTestObject("Object Repository/Page_Moodle Administration Users Accounts/a_Admin User")): Object: 'Object Repository/Page_Moodle Administration Users Accounts/a_Admin User' is clicked on

2022-01-11 22:27:21 - [MESSAGE][PASSED] - Object: 'Object Repository/Page_Moodle Administration Users Accounts/a_Admin User' is clicked on

2022-01-11 22:27:21 - [TEST_STEP][PASSED] - click(findTestObject("Object Repository/Page_Moodle Administration Users Accounts/span_Log out")): Object: 'Object Repository/Page_Moodle Administration Users Accounts/span_Log out' is clicked on

2022-01-11 22:27:22 - [MESSAGE][PASSED] - Object: 'Object Repository/Page_Moodle Administration Users Accounts/span_Log out' is clicked on

2022-01-11 22:27:22 - [TEST_STEP][PASSED] - click(findTestObject("Object Repository/Page_BCS Moodle/a_Log in")): Object: 'Object Repository/Page_BCS Moodle/a_Log in' is clicked on

2022-01-11 22:27:22 - [MESSAGE][PASSED] - Object: 'Object Repository/Page_BCS Moodle/a_Log in' is clicked on

2022-01-11 22:27:22 - [TEST_STEP][PASSED] - setText(findTestObject("Object Repository/Page_BCS Moodle Log in to the site/input_Username_username"), "ycutefail"): Text 'ycutefail' is set on object 'Object Repository/Page_BCS Moodle Log in to the site/input_Username_username'

2022-01-11 22:27:23 - [MESSAGE][PASSED] - Text 'ycutefail' is set on object 'Object Repository/Page_BCS Moodle Log in to the site/input_Username_username'

2022-01-11 22:27:23 - [TEST_STEP][PASSED] - setEncryptedText(findTestObject("Object Repository/Page_BCS Moodle Log in to the site/input_Password_password"), "2710ZA2DREKCf9mxfuEeww=="): Text ****** has been set on object 'Object Repository/Page_BCS Moodle Log in to the site/input_Password_password'

2022-01-11 22:27:24 - [MESSAGE][PASSED] - Text ****** has been set on object 'Object Repository/Page_BCS Moodle Log in to the site/input_Password_password'

2022-01-11 22:27:24 - [TEST_STEP][PASSED] - click(findTestObject("Object Repository/Page_BCS Moodle Log in to the site/button_Log in")): Object: 'Object Repository/Page_BCS Moodle Log in to the site/button_Log in' is clicked on

2022-01-11 22:27:25 - [MESSAGE][PASSED] - Object: 'Object Repository/Page_BCS Moodle Log in to the site/button_Log in' is clicked on

2022-01-11 22:27:25 - [TEST_STEP][PASSED] - verifyElementPresent(findTestObject("Page_Change password/div_You must change your password to proceed"), 0): Object 'Object Repository/Page_Change password/div_You must change your password to proceed' is present

2022-01-11 22:27:25 - [MESSAGE][WARNING] - Timeout '0' is invalid. Using default page load timeout: '30'

2022-01-11 22:27:26 - [MESSAGE][PASSED] - Object 'Object Repository/Page_Change password/div_You must change your password to proceed' is present

2022-01-11 22:27:26 - [TEST_STEP][PASSED] - setEncryptedText(findTestObject("Page_Change password/input_Current password_password"), "2710ZA2DREKCf9mxfuEeww=="): Text ****** has been set on object 'Object Repository/Page_Change password/input_Current password_password'

2022-01-11 22:27:26 - [MESSAGE][PASSED] - Text ****** has been set on object 'Object Repository/Page_Change password/input_Current password_password'

2022-01-11 22:27:26 - [TEST_STEP][PASSED] - setText(findTestObject("Page_Change password/input_New password_newpassword1"), "yyyTest123@"): Text 'yyyTest123@' is set on object 'Object Repository/Page_Change password/input_New password_newpassword1'

2022-01-11 22:27:27 - [MESSAGE][PASSED] - Text 'yyyTest123@' is set on object 'Object Repository/Page_Change password/input_New password_newpassword1'

2022-01-11 22:27:27 - [TEST_STEP][PASSED] - setText(findTestObject("Page_Change password/input_New password (again)_newpassword2"), "yTest123@"): Text 'yTest123@' is set on object 'Object Repository/Page_Change password/input_New password (again)_newpassword2'

2022-01-11 22:27:28 - [MESSAGE][PASSED] - Text 'yTest123@' is set on object 'Object Repository/Page_Change password/input_New password (again)_newpassword2'

2022-01-11 22:27:28 - [TEST_STEP][PASSED] - click(findTestObject("Page_Change password/input_New password (again)_submitbutton")): Object: 'Object Repository/Page_Change password/input_New password (again)_submitbutton' is clicked on

2022-01-11 22:27:29 - [MESSAGE][PASSED] - Object: 'Object Repository/Page_Change password/input_New password (again)_submitbutton' is clicked on

2022-01-11 22:27:29 - [TEST_STEP][PASSED] - click(findTestObject("Page_Change password/div_These passwords do not match")): Object: 'Object Repository/Page_Change password/div_These passwords do not match' is clicked on

2022-01-11 22:27:29 - [MESSAGE][PASSED] - Object: 'Object Repository/Page_Change password/div_These passwords do not match' is clicked on

2022-01-11 22:27:29 - [TEST_STEP][PASSED] - click(findTestObject("Page_Change password/div_These passwords do not match_1")): Object: 'Object Repository/Page_Change password/div_These passwords do not match_1' is clicked on

2022-01-11 22:27:30 - [MESSAGE][PASSED] - Object: 'Object Repository/Page_Change password/div_These passwords do not match_1' is clicked on

2022-01-11 22:27:30 - [TEST_STEP][PASSED] - closeBrowser(): Browser is closed

2022-01-11 22:27:30 - [MESSAGE][PASSED] - Browser is closed]]></system-out>
         <system-err><![CDATA[]]></system-err>
      </testcase>
      <testcase name="Test Cases/Admin/Admin Add User/Admin_Add User Force Password Change -- Success" time="32.219" classname="Test Cases/Admin/Admin Add User/Admin_Add User Force Password Change -- Success" status="PASSED">
         <system-out><![CDATA[2022-01-11 22:27:30 - [TEST_CASE][PASSED] - Test Cases/Admin/Admin Add User/Admin_Add User Force Password Change -- Success: Test Cases/Admin/Admin Add User/Admin_Add User Force Password Change -- Success

2022-01-11 22:27:31 - [TEST_STEP][PASSED] - callTestCase(findTestCase("Admin/Admin_Login"), [:], STOP_ON_FAILURE): Call Test Case 'Test Cases/Admin/Admin_Login' successfully

2022-01-11 22:27:31 - [TEST_CASE][PASSED] - Test Cases/Admin/Admin_Login: Test Cases/Admin/Admin_Login

2022-01-11 22:27:31 - [TEST_STEP][PASSED] - openBrowser(""): Browser is opened with url: ''

2022-01-11 22:27:31 - [MESSAGE][INFO] - Starting 'Chrome' driver

2022-01-11 22:27:31 - [MESSAGE][INFO] - User set preference: ['args', '[window-size=1300,900]']

2022-01-11 22:27:31 - [MESSAGE][INFO] - Action delay is set to 0 milliseconds

2022-01-11 22:27:32 - [MESSAGE][PASSED] - Browser is opened with url: ''

2022-01-11 22:27:32 - [TEST_STEP][PASSED] - navigateToUrl("http://localhost:8080/moodle/login/index.php"): Navigate to 'http://localhost:8080/moodle/login/index.php' successfully

2022-01-11 22:27:33 - [MESSAGE][PASSED] - Navigate to 'http://localhost:8080/moodle/login/index.php' successfully

2022-01-11 22:27:33 - [TEST_STEP][PASSED] - setText(findTestObject("Object Repository/Page_BCS Moodle Log in to the site/input_Username_username"), "admin"): Text 'admin' is set on object 'Object Repository/Page_BCS Moodle Log in to the site/input_Username_username'

2022-01-11 22:27:34 - [MESSAGE][PASSED] - Text 'admin' is set on object 'Object Repository/Page_BCS Moodle Log in to the site/input_Username_username'

2022-01-11 22:27:34 - [TEST_STEP][PASSED] - setEncryptedText(findTestObject("Object Repository/Page_BCS Moodle Log in to the site/input_Password_password"), "p4y+y39Ir5PR9RXlOHjWlj+CAJiYdX4g"): Text ****** has been set on object 'Object Repository/Page_BCS Moodle Log in to the site/input_Password_password'

2022-01-11 22:27:34 - [MESSAGE][PASSED] - Text ****** has been set on object 'Object Repository/Page_BCS Moodle Log in to the site/input_Password_password'

2022-01-11 22:27:34 - [TEST_STEP][PASSED] - click(findTestObject("Object Repository/Page_BCS Moodle Log in to the site/button_Log in")): Object: 'Object Repository/Page_BCS Moodle Log in to the site/button_Log in' is clicked on

2022-01-11 22:27:35 - [MESSAGE][PASSED] - Object: 'Object Repository/Page_BCS Moodle Log in to the site/button_Log in' is clicked on

2022-01-11 22:27:35 - [MESSAGE][PASSED] - Call Test Case 'Test Cases/Admin/Admin_Login' successfully

2022-01-11 22:27:35 - [TEST_STEP][PASSED] - click(findTestObject("Object Repository/Page_Dashboard/a_Site administration")): Object: 'Object Repository/Page_Dashboard/a_Site administration' is clicked on

2022-01-11 22:27:38 - [MESSAGE][PASSED] - Object: 'Object Repository/Page_Dashboard/a_Site administration' is clicked on

2022-01-11 22:27:38 - [TEST_STEP][PASSED] - navigateToUrl("http://localhost:8080/moodle/admin/search.php"): Navigate to 'http://localhost:8080/moodle/admin/search.php' successfully

2022-01-11 22:27:39 - [MESSAGE][PASSED] - Navigate to 'http://localhost:8080/moodle/admin/search.php' successfully

2022-01-11 22:27:39 - [TEST_STEP][PASSED] - click(findTestObject("Object Repository/Page_Moodle Administration Search/a_Users")): Object: 'Object Repository/Page_Moodle Administration Search/a_Users' is clicked on

2022-01-11 22:27:40 - [MESSAGE][PASSED] - Object: 'Object Repository/Page_Moodle Administration Search/a_Users' is clicked on

2022-01-11 22:27:40 - [TEST_STEP][PASSED] - click(findTestObject("Object Repository/Page_Moodle Administration Search/a_Add a new user")): Object: 'Object Repository/Page_Moodle Administration Search/a_Add a new user' is clicked on

2022-01-11 22:27:41 - [MESSAGE][PASSED] - Object: 'Object Repository/Page_Moodle Administration Search/a_Add a new user' is clicked on

2022-01-11 22:27:41 - [TEST_STEP][PASSED] - setText(findTestObject("Page_Moodle Administration Users Accounts/input_Username_username"), "ycute"): Text 'ycute' is set on object 'Object Repository/Page_Moodle Administration Users Accounts/input_Username_username'

2022-01-11 22:27:43 - [MESSAGE][PASSED] - Text 'ycute' is set on object 'Object Repository/Page_Moodle Administration Users Accounts/input_Username_username'

2022-01-11 22:27:43 - [TEST_STEP][PASSED] - click(findTestObject("Page_Moodle Administration Users Accounts/em_Click to enter text")): Object: 'Object Repository/Page_Moodle Administration Users Accounts/em_Click to enter text' is clicked on

2022-01-11 22:27:43 - [MESSAGE][PASSED] - Object: 'Object Repository/Page_Moodle Administration Users Accounts/em_Click to enter text' is clicked on

2022-01-11 22:27:43 - [TEST_STEP][PASSED] - click(findTestObject("Page_Moodle Administration Users Accounts/i_Click to enter text_icon fa fa-eye fa-fw")): Object: 'Object Repository/Page_Moodle Administration Users Accounts/i_Click to enter text_icon fa fa-eye fa-fw' is clicked on

2022-01-11 22:27:43 - [MESSAGE][PASSED] - Object: 'Object Repository/Page_Moodle Administration Users Accounts/i_Click to enter text_icon fa fa-eye fa-fw' is clicked on

2022-01-11 22:27:43 - [TEST_STEP][PASSED] - setText(findTestObject("Page_Moodle Administration Users Accounts/input_New password_newpassword"), "yTest123@"): Text 'yTest123@' is set on object 'Object Repository/Page_Moodle Administration Users Accounts/input_New password_newpassword'

2022-01-11 22:27:44 - [MESSAGE][PASSED] - Text 'yTest123@' is set on object 'Object Repository/Page_Moodle Administration Users Accounts/input_New password_newpassword'

2022-01-11 22:27:44 - [TEST_STEP][PASSED] - click(findTestObject("Page_Moodle Administration Users Accounts/input_Press enter to save changes_preferenc_a80a7a")): Object: 'Object Repository/Page_Moodle Administration Users Accounts/input_Press enter to save changes_preferenc_a80a7a' is clicked on

2022-01-11 22:27:45 - [MESSAGE][PASSED] - Object: 'Object Repository/Page_Moodle Administration Users Accounts/input_Press enter to save changes_preferenc_a80a7a' is clicked on

2022-01-11 22:27:45 - [TEST_STEP][PASSED] - setText(findTestObject("Page_Moodle Administration Users Accounts/input_First name_firstname"), "Ý"): Text 'Ý' is set on object 'Object Repository/Page_Moodle Administration Users Accounts/input_First name_firstname'

2022-01-11 22:27:46 - [MESSAGE][PASSED] - Text 'Ý' is set on object 'Object Repository/Page_Moodle Administration Users Accounts/input_First name_firstname'

2022-01-11 22:27:46 - [TEST_STEP][PASSED] - setText(findTestObject("Page_Moodle Administration Users Accounts/input_Surname_lastname"), "cute"): Text 'cute' is set on object 'Object Repository/Page_Moodle Administration Users Accounts/input_Surname_lastname'

2022-01-11 22:27:46 - [MESSAGE][PASSED] - Text 'cute' is set on object 'Object Repository/Page_Moodle Administration Users Accounts/input_Surname_lastname'

2022-01-11 22:27:46 - [TEST_STEP][PASSED] - setText(findTestObject("Page_Moodle Administration Users Accounts/input_Email address_email"), "ycute@gmail.com"): Text 'ycute@gmail.com' is set on object 'Object Repository/Page_Moodle Administration Users Accounts/input_Email address_email'

2022-01-11 22:27:47 - [MESSAGE][PASSED] - Text 'ycute@gmail.com' is set on object 'Object Repository/Page_Moodle Administration Users Accounts/input_Email address_email'

2022-01-11 22:27:47 - [TEST_STEP][PASSED] - click(findTestObject("Page_Moodle Administration Users Accounts/input_Address_submitbutton")): Object: 'Object Repository/Page_Moodle Administration Users Accounts/input_Address_submitbutton' is clicked on

2022-01-11 22:27:49 - [MESSAGE][PASSED] - Object: 'Object Repository/Page_Moodle Administration Users Accounts/input_Address_submitbutton' is clicked on

2022-01-11 22:27:49 - [TEST_STEP][PASSED] - navigateToUrl("http://localhost:8080/moodle/admin/user.php"): Navigate to 'http://localhost:8080/moodle/admin/user.php' successfully

2022-01-11 22:27:50 - [MESSAGE][PASSED] - Navigate to 'http://localhost:8080/moodle/admin/user.php' successfully

2022-01-11 22:27:50 - [TEST_STEP][PASSED] - click(findTestObject("Page_Moodle Administration Users Accounts/a_Admin User")): Object: 'Object Repository/Page_Moodle Administration Users Accounts/a_Admin User' is clicked on

2022-01-11 22:27:51 - [MESSAGE][PASSED] - Object: 'Object Repository/Page_Moodle Administration Users Accounts/a_Admin User' is clicked on

2022-01-11 22:27:51 - [TEST_STEP][PASSED] - click(findTestObject("Page_Moodle Administration Users Accounts/span_Log out")): Object: 'Object Repository/Page_Moodle Administration Users Accounts/span_Log out' is clicked on

2022-01-11 22:27:52 - [MESSAGE][PASSED] - Object: 'Object Repository/Page_Moodle Administration Users Accounts/span_Log out' is clicked on

2022-01-11 22:27:52 - [TEST_STEP][PASSED] - click(findTestObject("Object Repository/Page_BCS Moodle/a_Log in")): Object: 'Object Repository/Page_BCS Moodle/a_Log in' is clicked on

2022-01-11 22:27:53 - [MESSAGE][PASSED] - Object: 'Object Repository/Page_BCS Moodle/a_Log in' is clicked on

2022-01-11 22:27:53 - [TEST_STEP][PASSED] - setText(findTestObject("Object Repository/Page_BCS Moodle Log in to the site/input_Username_username"), "ycute"): Text 'ycute' is set on object 'Object Repository/Page_BCS Moodle Log in to the site/input_Username_username'

2022-01-11 22:27:53 - [MESSAGE][PASSED] - Text 'ycute' is set on object 'Object Repository/Page_BCS Moodle Log in to the site/input_Username_username'

2022-01-11 22:27:53 - [TEST_STEP][PASSED] - setEncryptedText(findTestObject("Object Repository/Page_BCS Moodle Log in to the site/input_Password_password"), "2710ZA2DREKCf9mxfuEeww=="): Text ****** has been set on object 'Object Repository/Page_BCS Moodle Log in to the site/input_Password_password'

2022-01-11 22:27:54 - [MESSAGE][PASSED] - Text ****** has been set on object 'Object Repository/Page_BCS Moodle Log in to the site/input_Password_password'

2022-01-11 22:27:54 - [TEST_STEP][PASSED] - click(findTestObject("Object Repository/Page_BCS Moodle Log in to the site/button_Log in")): Object: 'Object Repository/Page_BCS Moodle Log in to the site/button_Log in' is clicked on

2022-01-11 22:27:55 - [MESSAGE][PASSED] - Object: 'Object Repository/Page_BCS Moodle Log in to the site/button_Log in' is clicked on

2022-01-11 22:27:55 - [TEST_STEP][PASSED] - verifyElementPresent(findTestObject("Object Repository/Page_Change password/div_You must change your password to proceed"), 0): Object 'Object Repository/Page_Change password/div_You must change your password to proceed' is present

2022-01-11 22:27:55 - [MESSAGE][WARNING] - Timeout '0' is invalid. Using default page load timeout: '30'

2022-01-11 22:27:55 - [MESSAGE][PASSED] - Object 'Object Repository/Page_Change password/div_You must change your password to proceed' is present

2022-01-11 22:27:55 - [TEST_STEP][PASSED] - setEncryptedText(findTestObject("Object Repository/Page_Change password/input_Current password_password"), "2710ZA2DREKCf9mxfuEeww=="): Text ****** has been set on object 'Object Repository/Page_Change password/input_Current password_password'

2022-01-11 22:27:56 - [MESSAGE][PASSED] - Text ****** has been set on object 'Object Repository/Page_Change password/input_Current password_password'

2022-01-11 22:27:56 - [TEST_STEP][PASSED] - setEncryptedText(findTestObject("Object Repository/Page_Change password/input_New password_newpassword1"), "nSzDANEUx/lhr7OBbRdQuw=="): Text ****** has been set on object 'Object Repository/Page_Change password/input_New password_newpassword1'

2022-01-11 22:27:56 - [MESSAGE][PASSED] - Text ****** has been set on object 'Object Repository/Page_Change password/input_New password_newpassword1'

2022-01-11 22:27:56 - [TEST_STEP][PASSED] - setEncryptedText(findTestObject("Object Repository/Page_Change password/input_New password (again)_newpassword2"), "nSzDANEUx/lhr7OBbRdQuw=="): Text ****** has been set on object 'Object Repository/Page_Change password/input_New password (again)_newpassword2'

2022-01-11 22:27:57 - [MESSAGE][PASSED] - Text ****** has been set on object 'Object Repository/Page_Change password/input_New password (again)_newpassword2'

2022-01-11 22:27:57 - [TEST_STEP][PASSED] - click(findTestObject("Object Repository/Page_Change password/input_New password (again)_submitbutton")): Object: 'Object Repository/Page_Change password/input_New password (again)_submitbutton' is clicked on

2022-01-11 22:27:58 - [MESSAGE][PASSED] - Object: 'Object Repository/Page_Change password/input_New password (again)_submitbutton' is clicked on

2022-01-11 22:27:58 - [TEST_STEP][PASSED] - verifyElementPresent(findTestObject("Object Repository/Page_Password has been changed/div_Password has been changed"), 0): Object 'Object Repository/Page_Password has been changed/div_Password has been changed' is present

2022-01-11 22:27:58 - [MESSAGE][WARNING] - Timeout '0' is invalid. Using default page load timeout: '30'

2022-01-11 22:27:59 - [MESSAGE][PASSED] - Object 'Object Repository/Page_Password has been changed/div_Password has been changed' is present

2022-01-11 22:27:59 - [TEST_STEP][PASSED] - click(findTestObject("Object Repository/Page_Password has been changed/button_Continue")): Object: 'Object Repository/Page_Password has been changed/button_Continue' is clicked on

2022-01-11 22:28:00 - [MESSAGE][PASSED] - Object: 'Object Repository/Page_Password has been changed/button_Continue' is clicked on

2022-01-11 22:28:00 - [TEST_STEP][PASSED] - delay(2): Delayed 2 second(s)

2022-01-11 22:28:02 - [MESSAGE][PASSED] - Delayed 2 second(s)

2022-01-11 22:28:02 - [TEST_STEP][PASSED] - closeBrowser(): Browser is closed

2022-01-11 22:28:03 - [MESSAGE][PASSED] - Browser is closed]]></system-out>
         <system-err><![CDATA[]]></system-err>
      </testcase>
      <testcase name="Test Cases/Admin/Admin Add User/Admin_Add User Invalid Password" time="22.108" classname="Test Cases/Admin/Admin Add User/Admin_Add User Invalid Password" status="PASSED">
         <system-out><![CDATA[2022-01-11 22:28:03 - [TEST_CASE][PASSED] - Test Cases/Admin/Admin Add User/Admin_Add User Invalid Password: Test Cases/Admin/Admin Add User/Admin_Add User Invalid Password

2022-01-11 22:28:03 - [TEST_STEP][PASSED] - callTestCase(findTestCase("Admin/Admin_Login"), [:], STOP_ON_FAILURE): Call Test Case 'Test Cases/Admin/Admin_Login' successfully

2022-01-11 22:28:03 - [TEST_CASE][PASSED] - Test Cases/Admin/Admin_Login: Test Cases/Admin/Admin_Login

2022-01-11 22:28:03 - [TEST_STEP][PASSED] - openBrowser(""): Browser is opened with url: ''

2022-01-11 22:28:03 - [MESSAGE][INFO] - Starting 'Chrome' driver

2022-01-11 22:28:03 - [MESSAGE][INFO] - User set preference: ['args', '[window-size=1300,900]']

2022-01-11 22:28:03 - [MESSAGE][INFO] - Action delay is set to 0 milliseconds

2022-01-11 22:28:04 - [MESSAGE][PASSED] - Browser is opened with url: ''

2022-01-11 22:28:04 - [TEST_STEP][PASSED] - navigateToUrl("http://localhost:8080/moodle/login/index.php"): Navigate to 'http://localhost:8080/moodle/login/index.php' successfully

2022-01-11 22:28:05 - [MESSAGE][PASSED] - Navigate to 'http://localhost:8080/moodle/login/index.php' successfully

2022-01-11 22:28:05 - [TEST_STEP][PASSED] - setText(findTestObject("Object Repository/Page_BCS Moodle Log in to the site/input_Username_username"), "admin"): Text 'admin' is set on object 'Object Repository/Page_BCS Moodle Log in to the site/input_Username_username'

2022-01-11 22:28:06 - [MESSAGE][PASSED] - Text 'admin' is set on object 'Object Repository/Page_BCS Moodle Log in to the site/input_Username_username'

2022-01-11 22:28:06 - [TEST_STEP][PASSED] - setEncryptedText(findTestObject("Object Repository/Page_BCS Moodle Log in to the site/input_Password_password"), "p4y+y39Ir5PR9RXlOHjWlj+CAJiYdX4g"): Text ****** has been set on object 'Object Repository/Page_BCS Moodle Log in to the site/input_Password_password'

2022-01-11 22:28:06 - [MESSAGE][PASSED] - Text ****** has been set on object 'Object Repository/Page_BCS Moodle Log in to the site/input_Password_password'

2022-01-11 22:28:06 - [TEST_STEP][PASSED] - click(findTestObject("Object Repository/Page_BCS Moodle Log in to the site/button_Log in")): Object: 'Object Repository/Page_BCS Moodle Log in to the site/button_Log in' is clicked on

2022-01-11 22:28:07 - [MESSAGE][PASSED] - Object: 'Object Repository/Page_BCS Moodle Log in to the site/button_Log in' is clicked on

2022-01-11 22:28:07 - [MESSAGE][PASSED] - Call Test Case 'Test Cases/Admin/Admin_Login' successfully

2022-01-11 22:28:07 - [TEST_STEP][PASSED] - click(findTestObject("Object Repository/Page_Dashboard/a_Site administration")): Object: 'Object Repository/Page_Dashboard/a_Site administration' is clicked on

2022-01-11 22:28:10 - [MESSAGE][PASSED] - Object: 'Object Repository/Page_Dashboard/a_Site administration' is clicked on

2022-01-11 22:28:10 - [TEST_STEP][PASSED] - click(findTestObject("Object Repository/Page_Moodle Administration Search/a_Users")): Object: 'Object Repository/Page_Moodle Administration Search/a_Users' is clicked on

2022-01-11 22:28:11 - [MESSAGE][PASSED] - Object: 'Object Repository/Page_Moodle Administration Search/a_Users' is clicked on

2022-01-11 22:28:11 - [TEST_STEP][PASSED] - click(findTestObject("Object Repository/Page_Moodle Administration Search/a_Add a new user")): Object: 'Object Repository/Page_Moodle Administration Search/a_Add a new user' is clicked on

2022-01-11 22:28:12 - [MESSAGE][PASSED] - Object: 'Object Repository/Page_Moodle Administration Search/a_Add a new user' is clicked on

2022-01-11 22:28:12 - [TEST_STEP][PASSED] - click(findTestObject("Object Repository/Page_Moodle Administration Users Accounts/input_Username_username")): Object: 'Object Repository/Page_Moodle Administration Users Accounts/input_Username_username' is clicked on

2022-01-11 22:28:14 - [MESSAGE][PASSED] - Object: 'Object Repository/Page_Moodle Administration Users Accounts/input_Username_username' is clicked on

2022-01-11 22:28:14 - [TEST_STEP][PASSED] - setText(findTestObject("Object Repository/Page_Moodle Administration Users Accounts/input_Username_username"), "yk15"): Text 'yk15' is set on object 'Object Repository/Page_Moodle Administration Users Accounts/input_Username_username'

2022-01-11 22:28:14 - [MESSAGE][PASSED] - Text 'yk15' is set on object 'Object Repository/Page_Moodle Administration Users Accounts/input_Username_username'

2022-01-11 22:28:14 - [TEST_STEP][PASSED] - click(findTestObject("Object Repository/Page_Moodle Administration Users Accounts/em_Click to enter text")): Object: 'Object Repository/Page_Moodle Administration Users Accounts/em_Click to enter text' is clicked on

2022-01-11 22:28:15 - [MESSAGE][PASSED] - Object: 'Object Repository/Page_Moodle Administration Users Accounts/em_Click to enter text' is clicked on

2022-01-11 22:28:15 - [TEST_STEP][PASSED] - click(findTestObject("Object Repository/Page_Moodle Administration Users Accounts/i_Click to enter text_icon fa fa-eye fa-fw"), STOP_ON_FAILURE): Object: 'Object Repository/Page_Moodle Administration Users Accounts/i_Click to enter text_icon fa fa-eye fa-fw' is clicked on

2022-01-11 22:28:15 - [MESSAGE][PASSED] - Object: 'Object Repository/Page_Moodle Administration Users Accounts/i_Click to enter text_icon fa fa-eye fa-fw' is clicked on

2022-01-11 22:28:15 - [TEST_STEP][PASSED] - setText(findTestObject("Object Repository/Page_Moodle Administration Users Accounts/input_New password_newpassword"), "y"): Text 'y' is set on object 'Object Repository/Page_Moodle Administration Users Accounts/input_New password_newpassword'

2022-01-11 22:28:16 - [MESSAGE][PASSED] - Text 'y' is set on object 'Object Repository/Page_Moodle Administration Users Accounts/input_New password_newpassword'

2022-01-11 22:28:16 - [TEST_STEP][PASSED] - setText(findTestObject("Object Repository/Page_Moodle Administration Users Accounts/input_First name_firstname"), "Ý"): Text 'Ý' is set on object 'Object Repository/Page_Moodle Administration Users Accounts/input_First name_firstname'

2022-01-11 22:28:17 - [MESSAGE][PASSED] - Text 'Ý' is set on object 'Object Repository/Page_Moodle Administration Users Accounts/input_First name_firstname'

2022-01-11 22:28:17 - [TEST_STEP][PASSED] - setText(findTestObject("Object Repository/Page_Moodle Administration Users Accounts/input_Surname_lastname"), "Đàm"): Text 'Đàm' is set on object 'Object Repository/Page_Moodle Administration Users Accounts/input_Surname_lastname'

2022-01-11 22:28:18 - [MESSAGE][PASSED] - Text 'Đàm' is set on object 'Object Repository/Page_Moodle Administration Users Accounts/input_Surname_lastname'

2022-01-11 22:28:18 - [TEST_STEP][PASSED] - setText(findTestObject("Object Repository/Page_Moodle Administration Users Accounts/input_Email address_email"), "ydamk15@gmail.com"): Text 'ydamk15@gmail.com' is set on object 'Object Repository/Page_Moodle Administration Users Accounts/input_Email address_email'

2022-01-11 22:28:19 - [MESSAGE][PASSED] - Text 'ydamk15@gmail.com' is set on object 'Object Repository/Page_Moodle Administration Users Accounts/input_Email address_email'

2022-01-11 22:28:19 - [TEST_STEP][PASSED] - click(findTestObject("Object Repository/Page_Moodle Administration Users Accounts/input_Address_submitbutton")): Object: 'Object Repository/Page_Moodle Administration Users Accounts/input_Address_submitbutton' is clicked on

2022-01-11 22:28:20 - [MESSAGE][PASSED] - Object: 'Object Repository/Page_Moodle Administration Users Accounts/input_Address_submitbutton' is clicked on

2022-01-11 22:28:20 - [TEST_STEP][PASSED] - verifyElementPresent(findTestObject("Object Repository/Page_Moodle Administration Users Accounts A_0fbd97/div_Passwords must be at least 8 characters long"), 0): Object 'Object Repository/Page_Moodle Administration Users Accounts A_0fbd97/div_Passwords must be at least 8 characters long' is present

2022-01-11 22:28:20 - [MESSAGE][WARNING] - Timeout '0' is invalid. Using default page load timeout: '30'

2022-01-11 22:28:21 - [MESSAGE][PASSED] - Object 'Object Repository/Page_Moodle Administration Users Accounts A_0fbd97/div_Passwords must be at least 8 characters long' is present

2022-01-11 22:28:21 - [TEST_STEP][PASSED] - verifyElementPresent(findTestObject("Object Repository/Page_Moodle Administration Users Accounts A_0fbd97/div_Passwords must have at least 1 digit(s)"), 0): Object 'Object Repository/Page_Moodle Administration Users Accounts A_0fbd97/div_Passwords must have at least 1 digit(s)' is present

2022-01-11 22:28:21 - [MESSAGE][WARNING] - Timeout '0' is invalid. Using default page load timeout: '30'

2022-01-11 22:28:21 - [MESSAGE][PASSED] - Object 'Object Repository/Page_Moodle Administration Users Accounts A_0fbd97/div_Passwords must have at least 1 digit(s)' is present

2022-01-11 22:28:21 - [TEST_STEP][PASSED] - verifyElementPresent(findTestObject("Object Repository/Page_Moodle Administration Users Accounts A_0fbd97/div_Passwords must have at least 1 upper ca_8e926f"), 0): Object 'Object Repository/Page_Moodle Administration Users Accounts A_0fbd97/div_Passwords must have at least 1 upper ca_8e926f' is present

2022-01-11 22:28:21 - [MESSAGE][WARNING] - Timeout '0' is invalid. Using default page load timeout: '30'

2022-01-11 22:28:22 - [MESSAGE][PASSED] - Object 'Object Repository/Page_Moodle Administration Users Accounts A_0fbd97/div_Passwords must have at least 1 upper ca_8e926f' is present

2022-01-11 22:28:22 - [TEST_STEP][PASSED] - verifyElementPresent(findTestObject("Object Repository/Page_Moodle Administration Users Accounts A_0fbd97/div_The password must have at least 1 speci_80717b"), 0): Object 'Object Repository/Page_Moodle Administration Users Accounts A_0fbd97/div_The password must have at least 1 speci_80717b' is present

2022-01-11 22:28:22 - [MESSAGE][WARNING] - Timeout '0' is invalid. Using default page load timeout: '30'

2022-01-11 22:28:22 - [MESSAGE][PASSED] - Object 'Object Repository/Page_Moodle Administration Users Accounts A_0fbd97/div_The password must have at least 1 speci_80717b' is present

2022-01-11 22:28:22 - [TEST_STEP][PASSED] - delay(2): Delayed 2 second(s)

2022-01-11 22:28:24 - [MESSAGE][PASSED] - Delayed 2 second(s)

2022-01-11 22:28:24 - [TEST_STEP][PASSED] - closeBrowser(): Browser is closed

2022-01-11 22:28:25 - [MESSAGE][PASSED] - Browser is closed]]></system-out>
         <system-err><![CDATA[]]></system-err>
      </testcase>
      <testcase name="Test Cases/Admin/Admin Add User/Admin_Add User Registered Email" time="20.571" classname="Test Cases/Admin/Admin Add User/Admin_Add User Registered Email" status="PASSED">
         <system-out><![CDATA[2022-01-11 22:28:25 - [TEST_CASE][PASSED] - Test Cases/Admin/Admin Add User/Admin_Add User Registered Email: Test Cases/Admin/Admin Add User/Admin_Add User Registered Email

2022-01-11 22:28:25 - [TEST_STEP][PASSED] - callTestCase(findTestCase("Admin/Admin_Login"), [:], STOP_ON_FAILURE): Call Test Case 'Test Cases/Admin/Admin_Login' successfully

2022-01-11 22:28:25 - [TEST_CASE][PASSED] - Test Cases/Admin/Admin_Login: Test Cases/Admin/Admin_Login

2022-01-11 22:28:25 - [TEST_STEP][PASSED] - openBrowser(""): Browser is opened with url: ''

2022-01-11 22:28:25 - [MESSAGE][INFO] - Starting 'Chrome' driver

2022-01-11 22:28:25 - [MESSAGE][INFO] - User set preference: ['args', '[window-size=1300,900]']

2022-01-11 22:28:25 - [MESSAGE][INFO] - Action delay is set to 0 milliseconds

2022-01-11 22:28:26 - [MESSAGE][PASSED] - Browser is opened with url: ''

2022-01-11 22:28:26 - [TEST_STEP][PASSED] - navigateToUrl("http://localhost:8080/moodle/login/index.php"): Navigate to 'http://localhost:8080/moodle/login/index.php' successfully

2022-01-11 22:28:27 - [MESSAGE][PASSED] - Navigate to 'http://localhost:8080/moodle/login/index.php' successfully

2022-01-11 22:28:27 - [TEST_STEP][PASSED] - setText(findTestObject("Object Repository/Page_BCS Moodle Log in to the site/input_Username_username"), "admin"): Text 'admin' is set on object 'Object Repository/Page_BCS Moodle Log in to the site/input_Username_username'

2022-01-11 22:28:28 - [MESSAGE][PASSED] - Text 'admin' is set on object 'Object Repository/Page_BCS Moodle Log in to the site/input_Username_username'

2022-01-11 22:28:28 - [TEST_STEP][PASSED] - setEncryptedText(findTestObject("Object Repository/Page_BCS Moodle Log in to the site/input_Password_password"), "p4y+y39Ir5PR9RXlOHjWlj+CAJiYdX4g"): Text ****** has been set on object 'Object Repository/Page_BCS Moodle Log in to the site/input_Password_password'

2022-01-11 22:28:28 - [MESSAGE][PASSED] - Text ****** has been set on object 'Object Repository/Page_BCS Moodle Log in to the site/input_Password_password'

2022-01-11 22:28:28 - [TEST_STEP][PASSED] - click(findTestObject("Object Repository/Page_BCS Moodle Log in to the site/button_Log in")): Object: 'Object Repository/Page_BCS Moodle Log in to the site/button_Log in' is clicked on

2022-01-11 22:28:30 - [MESSAGE][PASSED] - Object: 'Object Repository/Page_BCS Moodle Log in to the site/button_Log in' is clicked on

2022-01-11 22:28:30 - [MESSAGE][PASSED] - Call Test Case 'Test Cases/Admin/Admin_Login' successfully

2022-01-11 22:28:30 - [TEST_STEP][PASSED] - click(findTestObject("Object Repository/Page_Dashboard/a_Site administration")): Object: 'Object Repository/Page_Dashboard/a_Site administration' is clicked on

2022-01-11 22:28:32 - [MESSAGE][PASSED] - Object: 'Object Repository/Page_Dashboard/a_Site administration' is clicked on

2022-01-11 22:28:32 - [TEST_STEP][PASSED] - click(findTestObject("Object Repository/Page_Moodle Administration Search/a_Users")): Object: 'Object Repository/Page_Moodle Administration Search/a_Users' is clicked on

2022-01-11 22:28:32 - [MESSAGE][PASSED] - Object: 'Object Repository/Page_Moodle Administration Search/a_Users' is clicked on

2022-01-11 22:28:32 - [TEST_STEP][PASSED] - click(findTestObject("Object Repository/Page_Moodle Administration Search/a_Add a new user")): Object: 'Object Repository/Page_Moodle Administration Search/a_Add a new user' is clicked on

2022-01-11 22:28:34 - [MESSAGE][PASSED] - Object: 'Object Repository/Page_Moodle Administration Search/a_Add a new user' is clicked on

2022-01-11 22:28:34 - [TEST_STEP][PASSED] - click(findTestObject("Page_Moodle Administration Users Accounts/input_Username_username")): Object: 'Object Repository/Page_Moodle Administration Users Accounts/input_Username_username' is clicked on

2022-01-11 22:28:35 - [MESSAGE][PASSED] - Object: 'Object Repository/Page_Moodle Administration Users Accounts/input_Username_username' is clicked on

2022-01-11 22:28:35 - [TEST_STEP][PASSED] - setText(findTestObject("Page_Moodle Administration Users Accounts/input_Username_username"), "ycute"): Text 'ycute' is set on object 'Object Repository/Page_Moodle Administration Users Accounts/input_Username_username'

2022-01-11 22:28:36 - [MESSAGE][PASSED] - Text 'ycute' is set on object 'Object Repository/Page_Moodle Administration Users Accounts/input_Username_username'

2022-01-11 22:28:36 - [TEST_STEP][PASSED] - click(findTestObject("Page_Moodle Administration Users Accounts/em_Click to enter text")): Object: 'Object Repository/Page_Moodle Administration Users Accounts/em_Click to enter text' is clicked on

2022-01-11 22:28:36 - [MESSAGE][PASSED] - Object: 'Object Repository/Page_Moodle Administration Users Accounts/em_Click to enter text' is clicked on

2022-01-11 22:28:36 - [TEST_STEP][PASSED] - click(findTestObject("Page_Moodle Administration Users Accounts/i_Click to enter text_icon fa fa-eye fa-fw"), STOP_ON_FAILURE): Object: 'Object Repository/Page_Moodle Administration Users Accounts/i_Click to enter text_icon fa fa-eye fa-fw' is clicked on

2022-01-11 22:28:37 - [MESSAGE][PASSED] - Object: 'Object Repository/Page_Moodle Administration Users Accounts/i_Click to enter text_icon fa fa-eye fa-fw' is clicked on

2022-01-11 22:28:37 - [TEST_STEP][PASSED] - setText(findTestObject("Page_Moodle Administration Users Accounts/input_New password_newpassword"), "yTest123@"): Text 'yTest123@' is set on object 'Object Repository/Page_Moodle Administration Users Accounts/input_New password_newpassword'

2022-01-11 22:28:38 - [MESSAGE][PASSED] - Text 'yTest123@' is set on object 'Object Repository/Page_Moodle Administration Users Accounts/input_New password_newpassword'

2022-01-11 22:28:38 - [TEST_STEP][PASSED] - setText(findTestObject("Page_Moodle Administration Users Accounts/input_First name_firstname"), "Ý"): Text 'Ý' is set on object 'Object Repository/Page_Moodle Administration Users Accounts/input_First name_firstname'

2022-01-11 22:28:38 - [MESSAGE][PASSED] - Text 'Ý' is set on object 'Object Repository/Page_Moodle Administration Users Accounts/input_First name_firstname'

2022-01-11 22:28:38 - [TEST_STEP][PASSED] - setText(findTestObject("Page_Moodle Administration Users Accounts/input_Surname_lastname"), "Đàm"): Text 'Đàm' is set on object 'Object Repository/Page_Moodle Administration Users Accounts/input_Surname_lastname'

2022-01-11 22:28:39 - [MESSAGE][PASSED] - Text 'Đàm' is set on object 'Object Repository/Page_Moodle Administration Users Accounts/input_Surname_lastname'

2022-01-11 22:28:39 - [TEST_STEP][PASSED] - setText(findTestObject("Page_Moodle Administration Users Accounts/input_Email address_email"), "yprotk21@gmail.com"): Text 'yprotk21@gmail.com' is set on object 'Object Repository/Page_Moodle Administration Users Accounts/input_Email address_email'

2022-01-11 22:28:40 - [MESSAGE][PASSED] - Text 'yprotk21@gmail.com' is set on object 'Object Repository/Page_Moodle Administration Users Accounts/input_Email address_email'

2022-01-11 22:28:40 - [TEST_STEP][PASSED] - click(findTestObject("Page_Moodle Administration Users Accounts/input_Address_submitbutton")): Object: 'Object Repository/Page_Moodle Administration Users Accounts/input_Address_submitbutton' is clicked on

2022-01-11 22:28:42 - [MESSAGE][PASSED] - Object: 'Object Repository/Page_Moodle Administration Users Accounts/input_Address_submitbutton' is clicked on

2022-01-11 22:28:42 - [TEST_STEP][PASSED] - verifyElementPresent(findTestObject("Page_Moodle Administration Users Accounts/div_This email address is already registered"), 0): Object 'Object Repository/Page_Moodle Administration Users Accounts/div_This email address is already registered' is present

2022-01-11 22:28:42 - [MESSAGE][WARNING] - Timeout '0' is invalid. Using default page load timeout: '30'

2022-01-11 22:28:43 - [MESSAGE][PASSED] - Object 'Object Repository/Page_Moodle Administration Users Accounts/div_This email address is already registered' is present

2022-01-11 22:28:43 - [TEST_STEP][PASSED] - delay(2): Delayed 2 second(s)

2022-01-11 22:28:45 - [MESSAGE][PASSED] - Delayed 2 second(s)

2022-01-11 22:28:45 - [TEST_STEP][PASSED] - closeBrowser(): Browser is closed

2022-01-11 22:28:45 - [MESSAGE][PASSED] - Browser is closed]]></system-out>
         <system-err><![CDATA[]]></system-err>
      </testcase>
      <testcase name="Test Cases/Admin/Admin Create Course/Admin_Create Course Short Name Already Used" time="18.501" classname="Test Cases/Admin/Admin Create Course/Admin_Create Course Short Name Already Used" status="PASSED">
         <system-out><![CDATA[2022-01-11 22:28:45 - [TEST_CASE][PASSED] - Test Cases/Admin/Admin Create Course/Admin_Create Course Short Name Already Used: Test Cases/Admin/Admin Create Course/Admin_Create Course Short Name Already Used

2022-01-11 22:28:46 - [TEST_STEP][PASSED] - callTestCase(findTestCase("Admin/Admin_Login"), [:], STOP_ON_FAILURE): Call Test Case 'Test Cases/Admin/Admin_Login' successfully

2022-01-11 22:28:46 - [TEST_CASE][PASSED] - Test Cases/Admin/Admin_Login: Test Cases/Admin/Admin_Login

2022-01-11 22:28:46 - [TEST_STEP][PASSED] - openBrowser(""): Browser is opened with url: ''

2022-01-11 22:28:46 - [MESSAGE][INFO] - Starting 'Chrome' driver

2022-01-11 22:28:46 - [MESSAGE][INFO] - User set preference: ['args', '[window-size=1300,900]']

2022-01-11 22:28:46 - [MESSAGE][INFO] - Action delay is set to 0 milliseconds

2022-01-11 22:28:47 - [MESSAGE][PASSED] - Browser is opened with url: ''

2022-01-11 22:28:47 - [TEST_STEP][PASSED] - navigateToUrl("http://localhost:8080/moodle/login/index.php"): Navigate to 'http://localhost:8080/moodle/login/index.php' successfully

2022-01-11 22:28:47 - [MESSAGE][PASSED] - Navigate to 'http://localhost:8080/moodle/login/index.php' successfully

2022-01-11 22:28:47 - [TEST_STEP][PASSED] - setText(findTestObject("Object Repository/Page_BCS Moodle Log in to the site/input_Username_username"), "admin"): Text 'admin' is set on object 'Object Repository/Page_BCS Moodle Log in to the site/input_Username_username'

2022-01-11 22:28:48 - [MESSAGE][PASSED] - Text 'admin' is set on object 'Object Repository/Page_BCS Moodle Log in to the site/input_Username_username'

2022-01-11 22:28:48 - [TEST_STEP][PASSED] - setEncryptedText(findTestObject("Object Repository/Page_BCS Moodle Log in to the site/input_Password_password"), "p4y+y39Ir5PR9RXlOHjWlj+CAJiYdX4g"): Text ****** has been set on object 'Object Repository/Page_BCS Moodle Log in to the site/input_Password_password'

2022-01-11 22:28:49 - [MESSAGE][PASSED] - Text ****** has been set on object 'Object Repository/Page_BCS Moodle Log in to the site/input_Password_password'

2022-01-11 22:28:49 - [TEST_STEP][PASSED] - click(findTestObject("Object Repository/Page_BCS Moodle Log in to the site/button_Log in")): Object: 'Object Repository/Page_BCS Moodle Log in to the site/button_Log in' is clicked on

2022-01-11 22:28:50 - [MESSAGE][PASSED] - Object: 'Object Repository/Page_BCS Moodle Log in to the site/button_Log in' is clicked on

2022-01-11 22:28:50 - [MESSAGE][PASSED] - Call Test Case 'Test Cases/Admin/Admin_Login' successfully

2022-01-11 22:28:50 - [TEST_STEP][PASSED] - click(findTestObject("Object Repository/Page_Dashboard/a_Site administration")): Object: 'Object Repository/Page_Dashboard/a_Site administration' is clicked on

2022-01-11 22:28:52 - [MESSAGE][PASSED] - Object: 'Object Repository/Page_Dashboard/a_Site administration' is clicked on

2022-01-11 22:28:52 - [TEST_STEP][PASSED] - navigateToUrl("http://localhost:8080/moodle/admin/search.php"): Navigate to 'http://localhost:8080/moodle/admin/search.php' successfully

2022-01-11 22:28:53 - [MESSAGE][PASSED] - Navigate to 'http://localhost:8080/moodle/admin/search.php' successfully

2022-01-11 22:28:53 - [TEST_STEP][PASSED] - click(findTestObject("Object Repository/Page_Moodle Administration Search/a_Courses")): Object: 'Object Repository/Page_Moodle Administration Search/a_Courses' is clicked on

2022-01-11 22:28:54 - [MESSAGE][PASSED] - Object: 'Object Repository/Page_Moodle Administration Search/a_Courses' is clicked on

2022-01-11 22:28:54 - [TEST_STEP][PASSED] - click(findTestObject("Object Repository/Page_Moodle Administration Search/a_Add a new course")): Object: 'Object Repository/Page_Moodle Administration Search/a_Add a new course' is clicked on

2022-01-11 22:28:55 - [MESSAGE][PASSED] - Object: 'Object Repository/Page_Moodle Administration Search/a_Add a new course' is clicked on

2022-01-11 22:28:55 - [TEST_STEP][PASSED] - navigateToUrl("http://localhost:8080/moodle/course/edit.php?category=0"): Navigate to 'http://localhost:8080/moodle/course/edit.php?category=0' successfully

2022-01-11 22:28:56 - [MESSAGE][PASSED] - Navigate to 'http://localhost:8080/moodle/course/edit.php?category=0' successfully

2022-01-11 22:28:56 - [TEST_STEP][PASSED] - setText(findTestObject("Object Repository/Page_Moodle Add a new course/input_Course full name_fullname"), "Toan To Hop"): Text 'Toan To Hop' is set on object 'Object Repository/Page_Moodle Add a new course/input_Course full name_fullname'

2022-01-11 22:28:58 - [MESSAGE][PASSED] - Text 'Toan To Hop' is set on object 'Object Repository/Page_Moodle Add a new course/input_Course full name_fullname'

2022-01-11 22:28:58 - [TEST_STEP][PASSED] - setText(findTestObject("Object Repository/Page_Moodle Add a new course/input_Course short name_shortname"), "TTH"): Text 'TTH' is set on object 'Object Repository/Page_Moodle Add a new course/input_Course short name_shortname'

2022-01-11 22:28:58 - [MESSAGE][PASSED] - Text 'TTH' is set on object 'Object Repository/Page_Moodle Add a new course/input_Course short name_shortname'

2022-01-11 22:28:58 - [TEST_STEP][PASSED] - click(findTestObject("Object Repository/Page_Moodle Add a new course/input__saveanddisplay")): Object: 'Object Repository/Page_Moodle Add a new course/input__saveanddisplay' is clicked on

2022-01-11 22:29:00 - [MESSAGE][PASSED] - Object: 'Object Repository/Page_Moodle Add a new course/input__saveanddisplay' is clicked on

2022-01-11 22:29:00 - [TEST_STEP][PASSED] - verifyElementPresent(findTestObject("Object Repository/Page_Moodle Add a new course/div_Short name is already used for another _2a3f8e"), 0): Object 'Object Repository/Page_Moodle Add a new course/div_Short name is already used for another _2a3f8e' is present

2022-01-11 22:29:00 - [MESSAGE][WARNING] - Timeout '0' is invalid. Using default page load timeout: '30'

2022-01-11 22:29:01 - [MESSAGE][PASSED] - Object 'Object Repository/Page_Moodle Add a new course/div_Short name is already used for another _2a3f8e' is present

2022-01-11 22:29:01 - [TEST_STEP][PASSED] - delay(2): Delayed 2 second(s)

2022-01-11 22:29:03 - [MESSAGE][PASSED] - Delayed 2 second(s)

2022-01-11 22:29:03 - [TEST_STEP][PASSED] - closeBrowser(): Browser is closed

2022-01-11 22:29:04 - [MESSAGE][PASSED] - Browser is closed]]></system-out>
         <system-err><![CDATA[]]></system-err>
      </testcase>
      <testcase name="Test Cases/Student/Student_Calendar/Student_Click on Day_Monthly View" time="14.098" classname="Test Cases/Student/Student_Calendar/Student_Click on Day_Monthly View" status="PASSED">
         <system-out><![CDATA[2022-01-11 22:29:04 - [TEST_CASE][PASSED] - Test Cases/Student/Student_Calendar/Student_Click on Day_Monthly View: Test Cases/Student/Student_Calendar/Student_Click on Day_Monthly View

2022-01-11 22:29:04 - [TEST_STEP][PASSED] - openBrowser(""): Browser is opened with url: ''

2022-01-11 22:29:04 - [MESSAGE][INFO] - Starting 'Chrome' driver

2022-01-11 22:29:04 - [MESSAGE][INFO] - User set preference: ['args', '[window-size=1300,900]']

2022-01-11 22:29:04 - [MESSAGE][INFO] - Action delay is set to 0 milliseconds

2022-01-11 22:29:05 - [MESSAGE][PASSED] - Browser is opened with url: ''

2022-01-11 22:29:05 - [TEST_STEP][PASSED] - navigateToUrl("http://localhost:8080/moodle/"): Navigate to 'http://localhost:8080/moodle/' successfully

2022-01-11 22:29:06 - [MESSAGE][PASSED] - Navigate to 'http://localhost:8080/moodle/' successfully

2022-01-11 22:29:06 - [TEST_STEP][PASSED] - click(findTestObject("Object Repository/Page_BCS Moodle/a_Log in")): Object: 'Object Repository/Page_BCS Moodle/a_Log in' is clicked on

2022-01-11 22:29:07 - [MESSAGE][PASSED] - Object: 'Object Repository/Page_BCS Moodle/a_Log in' is clicked on

2022-01-11 22:29:07 - [TEST_STEP][PASSED] - setText(findTestObject("Object Repository/Page_BCS Moodle Log in to the site/input_Username_username"), "hoangvu"): Text 'hoangvu' is set on object 'Object Repository/Page_BCS Moodle Log in to the site/input_Username_username'

2022-01-11 22:29:08 - [MESSAGE][PASSED] - Text 'hoangvu' is set on object 'Object Repository/Page_BCS Moodle Log in to the site/input_Username_username'

2022-01-11 22:29:08 - [TEST_STEP][PASSED] - setEncryptedText(findTestObject("Object Repository/Page_BCS Moodle Log in to the site/input_Password_password"), "p4y+y39Ir5PR9RXlOHjWlj+CAJiYdX4g"): Text ****** has been set on object 'Object Repository/Page_BCS Moodle Log in to the site/input_Password_password'

2022-01-11 22:29:08 - [MESSAGE][PASSED] - Text ****** has been set on object 'Object Repository/Page_BCS Moodle Log in to the site/input_Password_password'

2022-01-11 22:29:08 - [TEST_STEP][PASSED] - click(findTestObject("Object Repository/Page_BCS Moodle Log in to the site/button_Log in")): Object: 'Object Repository/Page_BCS Moodle Log in to the site/button_Log in' is clicked on

2022-01-11 22:29:10 - [MESSAGE][PASSED] - Object: 'Object Repository/Page_BCS Moodle Log in to the site/button_Log in' is clicked on

2022-01-11 22:29:10 - [TEST_STEP][PASSED] - click(findTestObject("Object Repository/Page_Dashboard/span_Calendar")): Object: 'Object Repository/Page_Dashboard/span_Calendar' is clicked on

2022-01-11 22:29:12 - [MESSAGE][PASSED] - Object: 'Object Repository/Page_Dashboard/span_Calendar' is clicked on

2022-01-11 22:29:12 - [TEST_STEP][PASSED] - click(findTestObject("Object Repository/Page_Moodle Calendar Detailed month view Ja_713ca6/a_4 (1)")): Object: 'Object Repository/Page_Moodle Calendar Detailed month view Ja_713ca6/a_4 (1)' is clicked on

2022-01-11 22:29:14 - [MESSAGE][PASSED] - Object: 'Object Repository/Page_Moodle Calendar Detailed month view Ja_713ca6/a_4 (1)' is clicked on

2022-01-11 22:29:14 - [TEST_STEP][PASSED] - click(findTestObject("Object Repository/Page_Moodle Calendar Detailed month view Ja_713ca6/a_Add submission (2)")): Object: 'Object Repository/Page_Moodle Calendar Detailed month view Ja_713ca6/a_Add submission (2)' is clicked on

2022-01-11 22:29:15 - [MESSAGE][PASSED] - Object: 'Object Repository/Page_Moodle Calendar Detailed month view Ja_713ca6/a_Add submission (2)' is clicked on

2022-01-11 22:29:15 - [TEST_STEP][PASSED] - rightClick(findTestObject("Object Repository/Page_OOP Bi tp 2 - Edit submission/h2_Bi tp 2 (2)")): Object: 'Object Repository/Page_OOP Bi tp 2 - Edit submission/h2_Bi tp 2 (2)' is right clicked on

2022-01-11 22:29:16 - [MESSAGE][PASSED] - Object: 'Object Repository/Page_OOP Bi tp 2 - Edit submission/h2_Bi tp 2 (2)' is right clicked on

2022-01-11 22:29:16 - [TEST_STEP][PASSED] - click(findTestObject("Object Repository/Page_OOP Bi tp 2 - Edit submission/h2_Bi tp 2 (2)")): Object: 'Object Repository/Page_OOP Bi tp 2 - Edit submission/h2_Bi tp 2 (2)' is clicked on

2022-01-11 22:29:17 - [MESSAGE][PASSED] - Object: 'Object Repository/Page_OOP Bi tp 2 - Edit submission/h2_Bi tp 2 (2)' is clicked on

2022-01-11 22:29:17 - [TEST_STEP][PASSED] - verifyElementText(findTestObject("Page_OOP Bi tp 2 - Edit submission/h2_Bi tp 2 (2)"), "Bài tập 2"): Actual text and expected text of test object 'Object Repository/Page_OOP Bi tp 2 - Edit submission/h2_Bi tp 2 (2)' are matched.

2022-01-11 22:29:17 - [MESSAGE][PASSED] - Actual text and expected text of test object 'Object Repository/Page_OOP Bi tp 2 - Edit submission/h2_Bi tp 2 (2)' are matched.

2022-01-11 22:29:17 - [TEST_STEP][PASSED] - closeBrowser(): Browser is closed

2022-01-11 22:29:18 - [MESSAGE][PASSED] - Browser is closed]]></system-out>
         <system-err><![CDATA[]]></system-err>
      </testcase>
      <testcase name="Test Cases/Student/Student_Calendar/Student_Click to Event" time="13.11" classname="Test Cases/Student/Student_Calendar/Student_Click to Event" status="PASSED">
         <system-out><![CDATA[2022-01-11 22:29:18 - [TEST_CASE][PASSED] - Test Cases/Student/Student_Calendar/Student_Click to Event: Test Cases/Student/Student_Calendar/Student_Click to Event

2022-01-11 22:29:18 - [TEST_STEP][PASSED] - openBrowser(""): Browser is opened with url: ''

2022-01-11 22:29:18 - [MESSAGE][INFO] - Starting 'Chrome' driver

2022-01-11 22:29:18 - [MESSAGE][INFO] - User set preference: ['args', '[window-size=1300,900]']

2022-01-11 22:29:18 - [MESSAGE][INFO] - Action delay is set to 0 milliseconds

2022-01-11 22:29:19 - [MESSAGE][PASSED] - Browser is opened with url: ''

2022-01-11 22:29:19 - [TEST_STEP][PASSED] - navigateToUrl("http://localhost:8080/moodle/"): Navigate to 'http://localhost:8080/moodle/' successfully

2022-01-11 22:29:20 - [MESSAGE][PASSED] - Navigate to 'http://localhost:8080/moodle/' successfully

2022-01-11 22:29:20 - [TEST_STEP][PASSED] - click(findTestObject("Object Repository/Page_BCS Moodle/a_Log in")): Object: 'Object Repository/Page_BCS Moodle/a_Log in' is clicked on

2022-01-11 22:29:21 - [MESSAGE][PASSED] - Object: 'Object Repository/Page_BCS Moodle/a_Log in' is clicked on

2022-01-11 22:29:21 - [TEST_STEP][PASSED] - setText(findTestObject("Object Repository/Page_BCS Moodle Log in to the site/input_Username_username"), "hoangvu"): Text 'hoangvu' is set on object 'Object Repository/Page_BCS Moodle Log in to the site/input_Username_username'

2022-01-11 22:29:22 - [MESSAGE][PASSED] - Text 'hoangvu' is set on object 'Object Repository/Page_BCS Moodle Log in to the site/input_Username_username'

2022-01-11 22:29:22 - [TEST_STEP][PASSED] - setEncryptedText(findTestObject("Object Repository/Page_BCS Moodle Log in to the site/input_Password_password"), "p4y+y39Ir5PR9RXlOHjWlj+CAJiYdX4g"): Text ****** has been set on object 'Object Repository/Page_BCS Moodle Log in to the site/input_Password_password'

2022-01-11 22:29:22 - [MESSAGE][PASSED] - Text ****** has been set on object 'Object Repository/Page_BCS Moodle Log in to the site/input_Password_password'

2022-01-11 22:29:22 - [TEST_STEP][PASSED] - click(findTestObject("Object Repository/Page_BCS Moodle Log in to the site/button_Log in")): Object: 'Object Repository/Page_BCS Moodle Log in to the site/button_Log in' is clicked on

2022-01-11 22:29:23 - [MESSAGE][PASSED] - Object: 'Object Repository/Page_BCS Moodle Log in to the site/button_Log in' is clicked on

2022-01-11 22:29:23 - [TEST_STEP][PASSED] - click(findTestObject("Object Repository/Page_Dashboard/span_Calendar")): Object: 'Object Repository/Page_Dashboard/span_Calendar' is clicked on

2022-01-11 22:29:26 - [MESSAGE][PASSED] - Object: 'Object Repository/Page_Dashboard/span_Calendar' is clicked on

2022-01-11 22:29:26 - [TEST_STEP][PASSED] - click(findTestObject("Object Repository/Page_Moodle Calendar Detailed month view Ja_713ca6/span_Bi tp 2 is due (1)")): Object: 'Object Repository/Page_Moodle Calendar Detailed month view Ja_713ca6/span_Bi tp 2 is due (1)' is clicked on

2022-01-11 22:29:28 - [MESSAGE][PASSED] - Object: 'Object Repository/Page_Moodle Calendar Detailed month view Ja_713ca6/span_Bi tp 2 is due (1)' is clicked on

2022-01-11 22:29:28 - [TEST_STEP][PASSED] - click(findTestObject("Object Repository/Page_Moodle Calendar Detailed month view Ja_713ca6/a_Add submission (1)")): Object: 'Object Repository/Page_Moodle Calendar Detailed month view Ja_713ca6/a_Add submission (1)' is clicked on

2022-01-11 22:29:30 - [MESSAGE][PASSED] - Object: 'Object Repository/Page_Moodle Calendar Detailed month view Ja_713ca6/a_Add submission (1)' is clicked on

2022-01-11 22:29:30 - [TEST_STEP][PASSED] - verifyElementText(findTestObject("Object Repository/Page_OOP Bi tp 2 - Edit submission/h2_Bi tp 2 (1)"), "Bài tập 2"): Actual text and expected text of test object 'Object Repository/Page_OOP Bi tp 2 - Edit submission/h2_Bi tp 2 (1)' are matched.

2022-01-11 22:29:30 - [MESSAGE][PASSED] - Actual text and expected text of test object 'Object Repository/Page_OOP Bi tp 2 - Edit submission/h2_Bi tp 2 (1)' are matched.

2022-01-11 22:29:30 - [TEST_STEP][PASSED] - closeBrowser(): Browser is closed

2022-01-11 22:29:31 - [MESSAGE][PASSED] - Browser is closed]]></system-out>
         <system-err><![CDATA[]]></system-err>
      </testcase>
      <testcase name="Test Cases/Student/Student_Calendar/Student_Export Calendar URL" time="15.773" classname="Test Cases/Student/Student_Calendar/Student_Export Calendar URL" status="PASSED">
         <system-out><![CDATA[2022-01-11 22:29:31 - [TEST_CASE][PASSED] - Test Cases/Student/Student_Calendar/Student_Export Calendar URL: Test Cases/Student/Student_Calendar/Student_Export Calendar URL

2022-01-11 22:29:31 - [TEST_STEP][PASSED] - openBrowser(""): Browser is opened with url: ''

2022-01-11 22:29:31 - [MESSAGE][INFO] - Starting 'Chrome' driver

2022-01-11 22:29:31 - [MESSAGE][INFO] - User set preference: ['args', '[window-size=1300,900]']

2022-01-11 22:29:31 - [MESSAGE][INFO] - Action delay is set to 0 milliseconds

2022-01-11 22:29:32 - [MESSAGE][PASSED] - Browser is opened with url: ''

2022-01-11 22:29:32 - [TEST_STEP][PASSED] - navigateToUrl("http://localhost:8080/moodle/"): Navigate to 'http://localhost:8080/moodle/' successfully

2022-01-11 22:29:33 - [MESSAGE][PASSED] - Navigate to 'http://localhost:8080/moodle/' successfully

2022-01-11 22:29:33 - [TEST_STEP][PASSED] - click(findTestObject("Object Repository/Page_BCS Moodle/a_Log in")): Object: 'Object Repository/Page_BCS Moodle/a_Log in' is clicked on

2022-01-11 22:29:34 - [MESSAGE][PASSED] - Object: 'Object Repository/Page_BCS Moodle/a_Log in' is clicked on

2022-01-11 22:29:34 - [TEST_STEP][PASSED] - setText(findTestObject("Object Repository/Page_BCS Moodle Log in to the site/input_Username_username"), "hoangvu"): Text 'hoangvu' is set on object 'Object Repository/Page_BCS Moodle Log in to the site/input_Username_username'

2022-01-11 22:29:35 - [MESSAGE][PASSED] - Text 'hoangvu' is set on object 'Object Repository/Page_BCS Moodle Log in to the site/input_Username_username'

2022-01-11 22:29:35 - [TEST_STEP][PASSED] - setEncryptedText(findTestObject("Object Repository/Page_BCS Moodle Log in to the site/input_Password_password"), "p4y+y39Ir5PR9RXlOHjWlj+CAJiYdX4g"): Text ****** has been set on object 'Object Repository/Page_BCS Moodle Log in to the site/input_Password_password'

2022-01-11 22:29:35 - [MESSAGE][PASSED] - Text ****** has been set on object 'Object Repository/Page_BCS Moodle Log in to the site/input_Password_password'

2022-01-11 22:29:35 - [TEST_STEP][PASSED] - click(findTestObject("Object Repository/Page_BCS Moodle Log in to the site/button_Log in")): Object: 'Object Repository/Page_BCS Moodle Log in to the site/button_Log in' is clicked on

2022-01-11 22:29:37 - [MESSAGE][PASSED] - Object: 'Object Repository/Page_BCS Moodle Log in to the site/button_Log in' is clicked on

2022-01-11 22:29:37 - [TEST_STEP][PASSED] - click(findTestObject("Object Repository/Page_Dashboard/a_Calendar")): Object: 'Object Repository/Page_Dashboard/a_Calendar' is clicked on

2022-01-11 22:29:39 - [MESSAGE][PASSED] - Object: 'Object Repository/Page_Dashboard/a_Calendar' is clicked on

2022-01-11 22:29:39 - [TEST_STEP][PASSED] - click(findTestObject("Object Repository/Page_Moodle Calendar Detailed month view Ja_713ca6/button_Export calendar")): Object: 'Object Repository/Page_Moodle Calendar Detailed month view Ja_713ca6/button_Export calendar' is clicked on

2022-01-11 22:29:41 - [MESSAGE][PASSED] - Object: 'Object Repository/Page_Moodle Calendar Detailed month view Ja_713ca6/button_Export calendar' is clicked on

2022-01-11 22:29:41 - [TEST_STEP][PASSED] - click(findTestObject("Object Repository/Page_Moodle Calendar Export/input_Events related to courses_eventsexportevents")): Object: 'Object Repository/Page_Moodle Calendar Export/input_Events related to courses_eventsexportevents' is clicked on

2022-01-11 22:29:43 - [MESSAGE][PASSED] - Object: 'Object Repository/Page_Moodle Calendar Export/input_Events related to courses_eventsexportevents' is clicked on

2022-01-11 22:29:43 - [TEST_STEP][PASSED] - click(findTestObject("Object Repository/Page_Moodle Calendar Export/input_This month_periodtimeperiod")): Object: 'Object Repository/Page_Moodle Calendar Export/input_This month_periodtimeperiod' is clicked on

2022-01-11 22:29:43 - [MESSAGE][PASSED] - Object: 'Object Repository/Page_Moodle Calendar Export/input_This month_periodtimeperiod' is clicked on

2022-01-11 22:29:43 - [TEST_STEP][PASSED] - click(findTestObject("Object Repository/Page_Moodle Calendar Export/input_Custom range (30122 - 80123)_generateurl")): Object: 'Object Repository/Page_Moodle Calendar Export/input_Custom range (30122 - 80123)_generateurl' is clicked on

2022-01-11 22:29:44 - [MESSAGE][PASSED] - Object: 'Object Repository/Page_Moodle Calendar Export/input_Custom range (30122 - 80123)_generateurl' is clicked on

2022-01-11 22:29:44 - [TEST_STEP][PASSED] - click(findTestObject("Object Repository/Page_Moodle Calendar Export/div_Calendar URL httplocalhost8080moodlecal_fcc980")): Object: 'Object Repository/Page_Moodle Calendar Export/div_Calendar URL httplocalhost8080moodlecal_fcc980' is clicked on

2022-01-11 22:29:46 - [MESSAGE][PASSED] - Object: 'Object Repository/Page_Moodle Calendar Export/div_Calendar URL httplocalhost8080moodlecal_fcc980' is clicked on

2022-01-11 22:29:46 - [TEST_STEP][PASSED] - verifyElementPresent(findTestObject("Page_Moodle Calendar Export/div_Calendar URL httplocalhost8080moodlecal_fcc980"), 0): Object 'Object Repository/Page_Moodle Calendar Export/div_Calendar URL httplocalhost8080moodlecal_fcc980' is present

2022-01-11 22:29:46 - [MESSAGE][WARNING] - Timeout '0' is invalid. Using default page load timeout: '30'

2022-01-11 22:29:46 - [MESSAGE][PASSED] - Object 'Object Repository/Page_Moodle Calendar Export/div_Calendar URL httplocalhost8080moodlecal_fcc980' is present

2022-01-11 22:29:46 - [TEST_STEP][PASSED] - closeBrowser(): Browser is closed

2022-01-11 22:29:47 - [MESSAGE][PASSED] - Browser is closed]]></system-out>
         <system-err><![CDATA[]]></system-err>
      </testcase>
      <testcase name="Test Cases/Student/Student_Choice/Student_Multitple Choice" time="13.405" classname="Test Cases/Student/Student_Choice/Student_Multitple Choice" status="PASSED">
         <system-out><![CDATA[2022-01-11 22:29:47 - [TEST_CASE][PASSED] - Test Cases/Student/Student_Choice/Student_Multitple Choice: Test Cases/Student/Student_Choice/Student_Multitple Choice

2022-01-11 22:29:47 - [TEST_STEP][PASSED] - openBrowser(""): Browser is opened with url: ''

2022-01-11 22:29:47 - [MESSAGE][INFO] - Starting 'Chrome' driver

2022-01-11 22:29:47 - [MESSAGE][INFO] - User set preference: ['args', '[window-size=1300,900]']

2022-01-11 22:29:47 - [MESSAGE][INFO] - Action delay is set to 0 milliseconds

2022-01-11 22:29:48 - [MESSAGE][PASSED] - Browser is opened with url: ''

2022-01-11 22:29:48 - [TEST_STEP][PASSED] - navigateToUrl("http://localhost:8080/moodle/"): Navigate to 'http://localhost:8080/moodle/' successfully

2022-01-11 22:29:49 - [MESSAGE][PASSED] - Navigate to 'http://localhost:8080/moodle/' successfully

2022-01-11 22:29:49 - [TEST_STEP][PASSED] - click(findTestObject("Object Repository/Page_BCS Moodle/a_Log in")): Object: 'Object Repository/Page_BCS Moodle/a_Log in' is clicked on

2022-01-11 22:29:50 - [MESSAGE][PASSED] - Object: 'Object Repository/Page_BCS Moodle/a_Log in' is clicked on

2022-01-11 22:29:50 - [TEST_STEP][PASSED] - setText(findTestObject("Object Repository/Page_BCS Moodle Log in to the site/input_Username_username"), "hoangvu"): Text 'hoangvu' is set on object 'Object Repository/Page_BCS Moodle Log in to the site/input_Username_username'

2022-01-11 22:29:51 - [MESSAGE][PASSED] - Text 'hoangvu' is set on object 'Object Repository/Page_BCS Moodle Log in to the site/input_Username_username'

2022-01-11 22:29:51 - [TEST_STEP][PASSED] - setEncryptedText(findTestObject("Object Repository/Page_BCS Moodle Log in to the site/input_Password_password"), "p4y+y39Ir5PR9RXlOHjWlj+CAJiYdX4g"): Text ****** has been set on object 'Object Repository/Page_BCS Moodle Log in to the site/input_Password_password'

2022-01-11 22:29:51 - [MESSAGE][PASSED] - Text ****** has been set on object 'Object Repository/Page_BCS Moodle Log in to the site/input_Password_password'

2022-01-11 22:29:51 - [TEST_STEP][PASSED] - click(findTestObject("Object Repository/Page_BCS Moodle Log in to the site/button_Log in")): Object: 'Object Repository/Page_BCS Moodle Log in to the site/button_Log in' is clicked on

2022-01-11 22:29:52 - [MESSAGE][PASSED] - Object: 'Object Repository/Page_BCS Moodle Log in to the site/button_Log in' is clicked on

2022-01-11 22:29:52 - [TEST_STEP][PASSED] - click(findTestObject("Object Repository/Page_Dashboard/span_OOP")): Object: 'Object Repository/Page_Dashboard/span_OOP' is clicked on

2022-01-11 22:29:55 - [MESSAGE][PASSED] - Object: 'Object Repository/Page_Dashboard/span_OOP' is clicked on

2022-01-11 22:29:55 - [TEST_STEP][PASSED] - click(findTestObject("Object Repository/Page_Course Lp trnh hng i tng 19CTT3/span_Chn ngy thi Choice")): Object: 'Object Repository/Page_Course Lp trnh hng i tng 19CTT3/span_Chn ngy thi Choice' is clicked on

2022-01-11 22:29:56 - [MESSAGE][PASSED] - Object: 'Object Repository/Page_Course Lp trnh hng i tng 19CTT3/span_Chn ngy thi Choice' is clicked on

2022-01-11 22:29:56 - [TEST_STEP][PASSED] - click(findTestObject("Object Repository/Page_Chn ngy thi/input__answer")): Object: 'Object Repository/Page_Chn ngy thi/input__answer' is clicked on

2022-01-11 22:29:57 - [MESSAGE][PASSED] - Object: 'Object Repository/Page_Chn ngy thi/input__answer' is clicked on

2022-01-11 22:29:57 - [TEST_STEP][PASSED] - click(findTestObject("Object Repository/Page_Chn ngy thi/input__answer_1")): Object: 'Object Repository/Page_Chn ngy thi/input__answer_1' is clicked on

2022-01-11 22:29:58 - [MESSAGE][PASSED] - Object: 'Object Repository/Page_Chn ngy thi/input__answer_1' is clicked on

2022-01-11 22:29:58 - [TEST_STEP][PASSED] - click(findTestObject("Object Repository/Page_Chn ngy thi/input__btn btn-primary")): Object: 'Object Repository/Page_Chn ngy thi/input__btn btn-primary' is clicked on

2022-01-11 22:29:59 - [MESSAGE][PASSED] - Object: 'Object Repository/Page_Chn ngy thi/input__btn btn-primary' is clicked on

2022-01-11 22:29:59 - [TEST_STEP][PASSED] - verifyElementText(findTestObject("Object Repository/Page_Chn ngy thi/div_Your selection 211 241"), "Your selection: 21/1; 24/1"): Actual text and expected text of test object 'Object Repository/Page_Chn ngy thi/div_Your selection 211 241' are matched.

2022-01-11 22:30:00 - [MESSAGE][PASSED] - Actual text and expected text of test object 'Object Repository/Page_Chn ngy thi/div_Your selection 211 241' are matched.

2022-01-11 22:30:00 - [TEST_STEP][PASSED] - closeBrowser(): Browser is closed

2022-01-11 22:30:00 - [MESSAGE][PASSED] - Browser is closed]]></system-out>
         <system-err><![CDATA[]]></system-err>
      </testcase>
      <testcase name="Test Cases/Student/Student_Choice/Student_Single Choice" time="13.377" classname="Test Cases/Student/Student_Choice/Student_Single Choice" status="PASSED">
         <system-out><![CDATA[2022-01-11 22:30:00 - [TEST_CASE][PASSED] - Test Cases/Student/Student_Choice/Student_Single Choice: Test Cases/Student/Student_Choice/Student_Single Choice

2022-01-11 22:30:00 - [TEST_STEP][PASSED] - openBrowser(""): Browser is opened with url: ''

2022-01-11 22:30:00 - [MESSAGE][INFO] - Starting 'Chrome' driver

2022-01-11 22:30:00 - [MESSAGE][INFO] - User set preference: ['args', '[window-size=1300,900]']

2022-01-11 22:30:00 - [MESSAGE][INFO] - Action delay is set to 0 milliseconds

2022-01-11 22:30:02 - [MESSAGE][PASSED] - Browser is opened with url: ''

2022-01-11 22:30:02 - [TEST_STEP][PASSED] - navigateToUrl("http://localhost:8080/moodle/"): Navigate to 'http://localhost:8080/moodle/' successfully

2022-01-11 22:30:02 - [MESSAGE][PASSED] - Navigate to 'http://localhost:8080/moodle/' successfully

2022-01-11 22:30:02 - [TEST_STEP][PASSED] - click(findTestObject("Object Repository/Page_BCS Moodle/a_Log in")): Object: 'Object Repository/Page_BCS Moodle/a_Log in' is clicked on

2022-01-11 22:30:03 - [MESSAGE][PASSED] - Object: 'Object Repository/Page_BCS Moodle/a_Log in' is clicked on

2022-01-11 22:30:03 - [TEST_STEP][PASSED] - click(findTestObject("Object Repository/Page_BCS Moodle Log in to the site/form_document.getElementById(anchor).value _70e5d4")): Object: 'Object Repository/Page_BCS Moodle Log in to the site/form_document.getElementById(anchor).value _70e5d4' is clicked on

2022-01-11 22:30:04 - [MESSAGE][PASSED] - Object: 'Object Repository/Page_BCS Moodle Log in to the site/form_document.getElementById(anchor).value _70e5d4' is clicked on

2022-01-11 22:30:04 - [TEST_STEP][PASSED] - setText(findTestObject("Object Repository/Page_BCS Moodle Log in to the site/input_Username_username"), "hoangvu"): Text 'hoangvu' is set on object 'Object Repository/Page_BCS Moodle Log in to the site/input_Username_username'

2022-01-11 22:30:05 - [MESSAGE][PASSED] - Text 'hoangvu' is set on object 'Object Repository/Page_BCS Moodle Log in to the site/input_Username_username'

2022-01-11 22:30:05 - [TEST_STEP][PASSED] - setEncryptedText(findTestObject("Object Repository/Page_BCS Moodle Log in to the site/input_Password_password"), "p4y+y39Ir5PR9RXlOHjWlj+CAJiYdX4g"): Text ****** has been set on object 'Object Repository/Page_BCS Moodle Log in to the site/input_Password_password'

2022-01-11 22:30:05 - [MESSAGE][PASSED] - Text ****** has been set on object 'Object Repository/Page_BCS Moodle Log in to the site/input_Password_password'

2022-01-11 22:30:05 - [TEST_STEP][PASSED] - click(findTestObject("Object Repository/Page_BCS Moodle Log in to the site/button_Log in")): Object: 'Object Repository/Page_BCS Moodle Log in to the site/button_Log in' is clicked on

2022-01-11 22:30:07 - [MESSAGE][PASSED] - Object: 'Object Repository/Page_BCS Moodle Log in to the site/button_Log in' is clicked on

2022-01-11 22:30:07 - [TEST_STEP][PASSED] - click(findTestObject("Object Repository/Page_Dashboard/span_OOP")): Object: 'Object Repository/Page_Dashboard/span_OOP' is clicked on

2022-01-11 22:30:09 - [MESSAGE][PASSED] - Object: 'Object Repository/Page_Dashboard/span_OOP' is clicked on

2022-01-11 22:30:09 - [TEST_STEP][PASSED] - click(findTestObject("Object Repository/Page_Course Lp trnh hng i tng 19CTT3/span_Chn 1 bui hc b Choice")): Object: 'Object Repository/Page_Course Lp trnh hng i tng 19CTT3/span_Chn 1 bui hc b Choice' is clicked on

2022-01-11 22:30:10 - [MESSAGE][PASSED] - Object: 'Object Repository/Page_Course Lp trnh hng i tng 19CTT3/span_Chn 1 bui hc b Choice' is clicked on

2022-01-11 22:30:10 - [TEST_STEP][PASSED] - click(findTestObject("Object Repository/Page_Chn 1 bui hc b/input__answer (1)")): Object: 'Object Repository/Page_Chn 1 bui hc b/input__answer (1)' is clicked on

2022-01-11 22:30:11 - [MESSAGE][PASSED] - Object: 'Object Repository/Page_Chn 1 bui hc b/input__answer (1)' is clicked on

2022-01-11 22:30:11 - [TEST_STEP][PASSED] - click(findTestObject("Object Repository/Page_Chn 1 bui hc b/input__btn btn-primary (1)")): Object: 'Object Repository/Page_Chn 1 bui hc b/input__btn btn-primary (1)' is clicked on

2022-01-11 22:30:12 - [MESSAGE][PASSED] - Object: 'Object Repository/Page_Chn 1 bui hc b/input__btn btn-primary (1)' is clicked on

2022-01-11 22:30:12 - [TEST_STEP][PASSED] - verifyElementText(findTestObject("Object Repository/Page_Chn 1 bui hc b/div_Your selection 141"), "Your selection: 14/1"): Actual text and expected text of test object 'Object Repository/Page_Chn 1 bui hc b/div_Your selection 141' are matched.

2022-01-11 22:30:13 - [MESSAGE][PASSED] - Actual text and expected text of test object 'Object Repository/Page_Chn 1 bui hc b/div_Your selection 141' are matched.

2022-01-11 22:30:13 - [TEST_STEP][PASSED] - closeBrowser(): Browser is closed

2022-01-11 22:30:14 - [MESSAGE][PASSED] - Browser is closed]]></system-out>
         <system-err><![CDATA[]]></system-err>
      </testcase>
      <testcase name="Test Cases/Student/Student_Click Url/Student_ Click link url raw" time="15.857" classname="Test Cases/Student/Student_Click Url/Student_ Click link url raw" status="PASSED">
[...]
	at com.kms.katalon.core.keyword.internal.KeywordExecutor.executeKeywordForPlatform(KeywordExecutor.groovy:74)
	at com.kms.katalon.core.webui.keyword.WebUiBuiltInKeywords.click(WebUiBuiltInKeywords.groovy:620)
	at com.kms.katalon.core.webui.keyword.WebUiBuiltInKeywords$click$3.call(Unknown Source)
	at Teacher_See Unattempted Students In A Quiz.run(Teacher_See Unattempted Students In A Quiz:38)
	at com.kms.katalon.core.main.ScriptEngine.run(ScriptEngine.java:194)
	at com.kms.katalon.core.main.ScriptEngine.runScriptAsRawText(ScriptEngine.java:119)
	at com.kms.katalon.core.main.TestCaseExecutor.runScript(TestCaseExecutor.java:442)
	at com.kms.katalon.core.main.TestCaseExecutor.doExecute(TestCaseExecutor.java:433)
	at com.kms.katalon.core.main.TestCaseExecutor.processExecutionPhase(TestCaseExecutor.java:412)
	at com.kms.katalon.core.main.TestCaseExecutor.accessMainPhase(TestCaseExecutor.java:404)
	at com.kms.katalon.core.main.TestCaseExecutor.execute(TestCaseExecutor.java:281)
	at com.kms.katalon.core.main.TestSuiteExecutor.accessTestCaseMainPhase(TestSuiteExecutor.java:202)
	at com.kms.katalon.core.main.TestSuiteExecutor.accessTestSuiteMainPhase(TestSuiteExecutor.java:164)
	at com.kms.katalon.core.main.TestSuiteExecutor.execute(TestSuiteExecutor.java:105)
	at com.kms.katalon.core.main.TestCaseMain.startTestSuite(TestCaseMain.java:181)
	at com.kms.katalon.core.main.TestCaseMain$startTestSuite$0.call(Unknown Source)
	at TempTestSuite1641914798393.run(TempTestSuite1641914798393.groovy:36)
Caused by: org.openqa.selenium.ElementNotInteractableException: element not interactable
  (Session info: chrome=96.0.4664.110)
Build info: version: '3.141.59', revision: 'e82be7d358', time: '2018-11-14T08:25:53'
System info: host: 'MSI', ip: '192.168.213.1', os.name: 'Windows 10', os.arch: 'amd64', os.version: '10.0', java.version: '1.8.0_282'
Driver info: com.kms.katalon.selenium.driver.CChromeDriver
Capabilities {acceptInsecureCerts: false, browserName: chrome, browserVersion: 96.0.4664.110, chrome: {chromedriverVersion: 95.0.4638.17 (a9d0719444d4b..., userDataDir: C:\Users\MDH\AppData\Local\...}, goog:chromeOptions: {debuggerAddress: localhost:58326}, javascriptEnabled: true, networkConnectionEnabled: false, pageLoadStrategy: normal, platform: WINDOWS, platformName: WINDOWS, proxy: Proxy(), setWindowRect: true, strictFileInteractability: false, timeouts: {implicit: 0, pageLoad: 300000, script: 30000}, unhandledPromptBehavior: dismiss and notify, webauthn:extension:credBlob: true, webauthn:extension:largeBlob: true, webauthn:virtualAuthenticators: true}
Session ID: 3ecb7db62f12fc6f33dae9fba97983be
	at org.openqa.selenium.remote.http.W3CHttpResponseCodec.createException(W3CHttpResponseCodec.java:187)
	at org.openqa.selenium.remote.http.W3CHttpResponseCodec.decode(W3CHttpResponseCodec.java:122)
	at org.openqa.selenium.remote.http.W3CHttpResponseCodec.decode(W3CHttpResponseCodec.java:49)
	at org.openqa.selenium.remote.HttpCommandExecutor.execute(HttpCommandExecutor.java:158)
	at org.openqa.selenium.remote.service.DriverCommandExecutor.execute(DriverCommandExecutor.java:83)
	at org.openqa.selenium.remote.RemoteWebDriver.execute(RemoteWebDriver.java:552)
	at com.kms.katalon.selenium.driver.CChromeDriver.execute(CChromeDriver.java:19)
	at org.openqa.selenium.remote.RemoteWebElement.execute(RemoteWebElement.java:285)
	at org.openqa.selenium.remote.RemoteWebElement.click(RemoteWebElement.java:84)
	at org.openqa.selenium.support.events.EventFiringWebDriver$EventFiringWebElement.lambda$new$0(EventFiringWebDriver.java:404)
	at com.sun.proxy.$Proxy11.click(Unknown Source)
	at org.openqa.selenium.support.events.EventFiringWebDriver$EventFiringWebElement.click(EventFiringWebDriver.java:417)
	at org.openqa.selenium.WebElement$click.call(Unknown Source)
	at com.kms.katalon.core.webui.keyword.builtin.ClickKeyword.clickUntilSuccessWithTimeout(ClickKeyword.groovy:81)
	at com.kms.katalon.core.webui.keyword.builtin.ClickKeyword.clickUntilSuccessWithTimeout(ClickKeyword.groovy)
	at com.kms.katalon.core.webui.keyword.builtin.ClickKeyword$_click_closure1.doCall(ClickKeyword.groovy:67)
	at com.kms.katalon.core.webui.keyword.builtin.ClickKeyword$_click_closure1.call(ClickKeyword.groovy)
	at com.kms.katalon.core.webui.keyword.internal.WebUIKeywordMain.runKeyword(WebUIKeywordMain.groovy:20)
	at com.kms.katalon.core.webui.keyword.builtin.ClickKeyword.click(ClickKeyword.groovy:74)
	at com.kms.katalon.core.webui.keyword.builtin.ClickKeyword.execute(ClickKeyword.groovy:40)
	at com.kms.katalon.core.keyword.internal.KeywordExecutor.executeKeywordForPlatform(KeywordExecutor.groovy:74)
	at com.kms.katalon.core.webui.keyword.WebUiBuiltInKeywords.click(WebUiBuiltInKeywords.groovy:620)
	at com.kms.katalon.core.webui.keyword.WebUiBuiltInKeywords$click$3.call(Unknown Source)
	at Script1641478083791.run(Script1641478083791.groovy:38)
	... 13 more
)
[[ATTACHMENT|D:\\Nam_3\\SE\\Quiz\\Bonus\\TestAutomation_NMCNPM\\Reports\\20220111_222638\\Run All Test Cases\\20220111_222638\\1641915924199.png]]]]></system-out>
         <system-err><![CDATA[2022-01-11 22:45:12 - [TEST_CASE][FAILED] - Test Cases/Teacher/Teacher_Quiz Result/Teacher_See Unattempted Students In A Quiz: Test Cases/Teacher/Teacher_Quiz Result/Teacher_See Unattempted Students In A Quiz FAILED.
Reason:
com.kms.katalon.core.exception.StepFailedException: Unable to click on object 'Object Repository/Page_TTH Quiz Nhiu cu  nhiu la chn/a_Responses'
	at com.kms.katalon.core.webui.keyword.internal.WebUIKeywordMain.stepFailed(WebUIKeywordMain.groovy:64)
	at com.kms.katalon.core.webui.keyword.internal.WebUIKeywordMain.runKeyword(WebUIKeywordMain.groovy:26)
	at com.kms.katalon.core.webui.keyword.builtin.ClickKeyword.click(ClickKeyword.groovy:74)
	at com.kms.katalon.core.webui.keyword.builtin.ClickKeyword.execute(ClickKeyword.groovy:40)
	at com.kms.katalon.core.keyword.internal.KeywordExecutor.executeKeywordForPlatform(KeywordExecutor.groovy:74)
	at com.kms.katalon.core.webui.keyword.WebUiBuiltInKeywords.click(WebUiBuiltInKeywords.groovy:620)
	at com.kms.katalon.core.webui.keyword.WebUiBuiltInKeywords$click$3.call(Unknown Source)
	at Teacher_See Unattempted Students In A Quiz.run(Teacher_See Unattempted Students In A Quiz:38)
	at com.kms.katalon.core.main.ScriptEngine.run(ScriptEngine.java:194)
	at com.kms.katalon.core.main.ScriptEngine.runScriptAsRawText(ScriptEngine.java:119)
	at com.kms.katalon.core.main.TestCaseExecutor.runScript(TestCaseExecutor.java:442)
	at com.kms.katalon.core.main.TestCaseExecutor.doExecute(TestCaseExecutor.java:433)
	at com.kms.katalon.core.main.TestCaseExecutor.processExecutionPhase(TestCaseExecutor.java:412)
	at com.kms.katalon.core.main.TestCaseExecutor.accessMainPhase(TestCaseExecutor.java:404)
	at com.kms.katalon.core.main.TestCaseExecutor.execute(TestCaseExecutor.java:281)
	at com.kms.katalon.core.main.TestSuiteExecutor.accessTestCaseMainPhase(TestSuiteExecutor.java:202)
	at com.kms.katalon.core.main.TestSuiteExecutor.accessTestSuiteMainPhase(TestSuiteExecutor.java:164)
	at com.kms.katalon.core.main.TestSuiteExecutor.execute(TestSuiteExecutor.java:105)
	at com.kms.katalon.core.main.TestCaseMain.startTestSuite(TestCaseMain.java:181)
	at com.kms.katalon.core.main.TestCaseMain$startTestSuite$0.call(Unknown Source)
	at TempTestSuite1641914798393.run(TempTestSuite1641914798393.groovy:36)
Caused by: org.openqa.selenium.ElementNotInteractableException: element not interactable
  (Session info: chrome=96.0.4664.110)
Build info: version: '3.141.59', revision: 'e82be7d358', time: '2018-11-14T08:25:53'
System info: host: 'MSI', ip: '192.168.213.1', os.name: 'Windows 10', os.arch: 'amd64', os.version: '10.0', java.version: '1.8.0_282'
Driver info: com.kms.katalon.selenium.driver.CChromeDriver
Capabilities {acceptInsecureCerts: false, browserName: chrome, browserVersion: 96.0.4664.110, chrome: {chromedriverVersion: 95.0.4638.17 (a9d0719444d4b..., userDataDir: C:\Users\MDH\AppData\Local\...}, goog:chromeOptions: {debuggerAddress: localhost:58326}, javascriptEnabled: true, networkConnectionEnabled: false, pageLoadStrategy: normal, platform: WINDOWS, platformName: WINDOWS, proxy: Proxy(), setWindowRect: true, strictFileInteractability: false, timeouts: {implicit: 0, pageLoad: 300000, script: 30000}, unhandledPromptBehavior: dismiss and notify, webauthn:extension:credBlob: true, webauthn:extension:largeBlob: true, webauthn:virtualAuthenticators: true}
Session ID: 3ecb7db62f12fc6f33dae9fba97983be
	at org.openqa.selenium.remote.http.W3CHttpResponseCodec.createException(W3CHttpResponseCodec.java:187)
	at org.openqa.selenium.remote.http.W3CHttpResponseCodec.decode(W3CHttpResponseCodec.java:122)
	at org.openqa.selenium.remote.http.W3CHttpResponseCodec.decode(W3CHttpResponseCodec.java:49)
	at org.openqa.selenium.remote.HttpCommandExecutor.execute(HttpCommandExecutor.java:158)
	at org.openqa.selenium.remote.service.DriverCommandExecutor.execute(DriverCommandExecutor.java:83)
	at org.openqa.selenium.remote.RemoteWebDriver.execute(RemoteWebDriver.java:552)
	at com.kms.katalon.selenium.driver.CChromeDriver.execute(CChromeDriver.java:19)
	at org.openqa.selenium.remote.RemoteWebElement.execute(RemoteWebElement.java:285)
	at org.openqa.selenium.remote.RemoteWebElement.click(RemoteWebElement.java:84)
	at org.openqa.selenium.support.events.EventFiringWebDriver$EventFiringWebElement.lambda$new$0(EventFiringWebDriver.java:404)
	at com.sun.proxy.$Proxy11.click(Unknown Source)
	at org.openqa.selenium.support.events.EventFiringWebDriver$EventFiringWebElement.click(EventFiringWebDriver.java:417)
	at org.openqa.selenium.WebElement$click.call(Unknown Source)
	at com.kms.katalon.core.webui.keyword.builtin.ClickKeyword.clickUntilSuccessWithTimeout(ClickKeyword.groovy:81)
	at com.kms.katalon.core.webui.keyword.builtin.ClickKeyword.clickUntilSuccessWithTimeout(ClickKeyword.groovy)
	at com.kms.katalon.core.webui.keyword.builtin.ClickKeyword$_click_closure1.doCall(ClickKeyword.groovy:67)
	at com.kms.katalon.core.webui.keyword.builtin.ClickKeyword$_click_closure1.call(ClickKeyword.groovy)
	at com.kms.katalon.core.webui.keyword.internal.WebUIKeywordMain.runKeyword(WebUIKeywordMain.groovy:20)
	... 19 more]]></system-err>
      </testcase>
      <system-out><![CDATA[2022-01-11 22:26:58 - [TEST_SUITE][FAILED] - Run All Test Cases: Test Cases/Teacher/Teacher_Add Announcement/Teacher_Add Annoucement Basic Valid All Required Field FAILED.
Reason:
com.kms.katalon.core.exception.StepFailedException: Unable to set text 'Basic Topic' of object 'Object Repository/Page_Announcements/input_Subject_subject'
	at com.kms.katalon.core.webui.keyword.internal.WebUIKeywordMain.stepFailed(WebUIKeywordMain.groovy:64)
	at com.kms.katalon.core.webui.keyword.internal.WebUIKeywordMain.runKeyword(WebUIKeywordMain.groovy:26)
	at com.kms.katalon.core.webui.keyword.builtin.SetTextKeyword.setText(SetTextKeyword.groovy:66)
	at com.kms.katalon.core.webui.keyword.builtin.SetTextKeyword.execute(SetTextKeyword.groovy:37)
	at com.kms.katalon.core.keyword.internal.KeywordExecutor.executeKeywordForPlatform(KeywordExecutor.groovy:74)
	at com.kms.katalon.core.webui.keyword.WebUiBuiltInKeywords.setText(WebUiBuiltInKeywords.groovy:980)
	at com.kms.katalon.core.webui.keyword.WebUiBuiltInKeywords$setText$1.call(Unknown Source)
	at Teacher_Add Annoucement Basic Valid All Required Field.run(Teacher_Add Annoucement Basic Valid All Required Field:38)
	at com.kms.katalon.core.main.ScriptEngine.run(ScriptEngine.java:194)
	at com.kms.katalon.core.main.ScriptEngine.runScriptAsRawText(ScriptEngine.java:119)
	at com.kms.katalon.core.main.TestCaseExecutor.runScript(TestCaseExecutor.java:442)
	at com.kms.katalon.core.main.TestCaseExecutor.doExecute(TestCaseExecutor.java:433)
	at com.kms.katalon.core.main.TestCaseExecutor.processExecutionPhase(TestCaseExecutor.java:412)
	at com.kms.katalon.core.main.TestCaseExecutor.accessMainPhase(TestCaseExecutor.java:404)
	at com.kms.katalon.core.main.TestCaseExecutor.execute(TestCaseExecutor.java:281)
	at com.kms.katalon.core.main.TestSuiteExecutor.accessTestCaseMainPhase(TestSuiteExecutor.java:202)
	at com.kms.katalon.core.main.TestSuiteExecutor.accessTestSuiteMainPhase(TestSuiteExecutor.java:164)
	at com.kms.katalon.core.main.TestSuiteExecutor.execute(TestSuiteExecutor.java:105)
	at com.kms.katalon.core.main.TestCaseMain.startTestSuite(TestCaseMain.java:181)
	at com.kms.katalon.core.main.TestCaseMain$startTestSuite$0.call(Unknown Source)
	at TempTestSuite1641914798393.run(TempTestSuite1641914798393.groovy:36)
Caused by: org.openqa.selenium.ElementNotInteractableException: element not interactable
  (Session info: chrome=96.0.4664.110)
Build info: version: '3.141.59', revision: 'e82be7d358', time: '2018-11-14T08:25:53'
System info: host: 'MSI', ip: '192.168.213.1', os.name: 'Windows 10', os.arch: 'amd64', os.version: '10.0', java.version: '1.8.0_282'
Driver info: com.kms.katalon.selenium.driver.CChromeDriver
Capabilities {acceptInsecureCerts: false, browserName: chrome, browserVersion: 96.0.4664.110, chrome: {chromedriverVersion: 95.0.4638.17 (a9d0719444d4b..., userDataDir: C:\Users\MDH\AppData\Local\...}, goog:chromeOptions: {debuggerAddress: localhost:51305}, javascriptEnabled: true, networkConnectionEnabled: false, pageLoadStrategy: normal, platform: WINDOWS, platformName: WINDOWS, proxy: Proxy(), setWindowRect: true, strictFileInteractability: false, timeouts: {implicit: 0, pageLoad: 300000, script: 30000}, unhandledPromptBehavior: dismiss and notify, webauthn:extension:credBlob: true, webauthn:extension:largeBlob: true, webauthn:virtualAuthenticators: true}
Session ID: 5c756a1de1c7551212872955d937b26e
	at org.openqa.selenium.remote.http.W3CHttpResponseCodec.createException(W3CHttpResponseCodec.java:187)
	at org.openqa.selenium.remote.http.W3CHttpResponseCodec.decode(W3CHttpResponseCodec.java:122)
	at org.openqa.selenium.remote.http.W3CHttpResponseCodec.decode(W3CHttpResponseCodec.java:49)
	at org.openqa.selenium.remote.HttpCommandExecutor.execute(HttpCommandExecutor.java:158)
	at org.openqa.selenium.remote.service.DriverCommandExecutor.execute(DriverCommandExecutor.java:83)
	at org.openqa.selenium.remote.RemoteWebDriver.execute(RemoteWebDriver.java:552)
	at com.kms.katalon.selenium.driver.CChromeDriver.execute(CChromeDriver.java:19)
	at org.openqa.selenium.remote.RemoteWebElement.execute(RemoteWebElement.java:285)
	at org.openqa.selenium.remote.RemoteWebElement.clear(RemoteWebElement.java:124)
	at org.openqa.selenium.support.events.EventFiringWebDriver$EventFiringWebElement.lambda$new$0(EventFiringWebDriver.java:404)
	at com.sun.proxy.$Proxy11.clear(Unknown Source)
	at org.openqa.selenium.support.events.EventFiringWebDriver$EventFiringWebElement.clear(EventFiringWebDriver.java:436)
	at com.kms.katalon.core.webui.keyword.builtin.SetTextKeyword$_setText_closure1.doCall(SetTextKeyword.groovy:53)
	at com.kms.katalon.core.webui.keyword.builtin.SetTextKeyword$_setText_closure1.call(SetTextKeyword.groovy)
	at com.kms.katalon.core.webui.keyword.internal.WebUIKeywordMain.runKeyword(WebUIKeywordMain.groovy:20)
	... 19 more]]></system-out>
      <system-err><![CDATA[2022-01-11 22:26:58 - [TEST_SUITE][FAILED] - Run All Test Cases: Test Cases/Teacher/Teacher_Add Announcement/Teacher_Add Annoucement Basic Valid All Required Field FAILED.
Reason:
com.kms.katalon.core.exception.StepFailedException: Unable to set text 'Basic Topic' of object 'Object Repository/Page_Announcements/input_Subject_subject'
	at com.kms.katalon.core.webui.keyword.internal.WebUIKeywordMain.stepFailed(WebUIKeywordMain.groovy:64)
	at com.kms.katalon.core.webui.keyword.internal.WebUIKeywordMain.runKeyword(WebUIKeywordMain.groovy:26)
	at com.kms.katalon.core.webui.keyword.builtin.SetTextKeyword.setText(SetTextKeyword.groovy:66)
	at com.kms.katalon.core.webui.keyword.builtin.SetTextKeyword.execute(SetTextKeyword.groovy:37)
	at com.kms.katalon.core.keyword.internal.KeywordExecutor.executeKeywordForPlatform(KeywordExecutor.groovy:74)
	at com.kms.katalon.core.webui.keyword.WebUiBuiltInKeywords.setText(WebUiBuiltInKeywords.groovy:980)
	at com.kms.katalon.core.webui.keyword.WebUiBuiltInKeywords$setText$1.call(Unknown Source)
	at Teacher_Add Annoucement Basic Valid All Required Field.run(Teacher_Add Annoucement Basic Valid All Required Field:38)
	at com.kms.katalon.core.main.ScriptEngine.run(ScriptEngine.java:194)
	at com.kms.katalon.core.main.ScriptEngine.runScriptAsRawText(ScriptEngine.java:119)
	at com.kms.katalon.core.main.TestCaseExecutor.runScript(TestCaseExecutor.java:442)
	at com.kms.katalon.core.main.TestCaseExecutor.doExecute(TestCaseExecutor.java:433)
	at com.kms.katalon.core.main.TestCaseExecutor.processExecutionPhase(TestCaseExecutor.java:412)
	at com.kms.katalon.core.main.TestCaseExecutor.accessMainPhase(TestCaseExecutor.java:404)
	at com.kms.katalon.core.main.TestCaseExecutor.execute(TestCaseExecutor.java:281)
	at com.kms.katalon.core.main.TestSuiteExecutor.accessTestCaseMainPhase(TestSuiteExecutor.java:202)
	at com.kms.katalon.core.main.TestSuiteExecutor.accessTestSuiteMainPhase(TestSuiteExecutor.java:164)
	at com.kms.katalon.core.main.TestSuiteExecutor.execute(TestSuiteExecutor.java:105)
	at com.kms.katalon.core.main.TestCaseMain.startTestSuite(TestCaseMain.java:181)
	at com.kms.katalon.core.main.TestCaseMain$startTestSuite$0.call(Unknown Source)
	at TempTestSuite1641914798393.run(TempTestSuite1641914798393.groovy:36)
Caused by: org.openqa.selenium.ElementNotInteractableException: element not interactable
  (Session info: chrome=96.0.4664.110)
Build info: version: '3.141.59', revision: 'e82be7d358', time: '2018-11-14T08:25:53'
System info: host: 'MSI', ip: '192.168.213.1', os.name: 'Windows 10', os.arch: 'amd64', os.version: '10.0', java.version: '1.8.0_282'
Driver info: com.kms.katalon.selenium.driver.CChromeDriver
Capabilities {acceptInsecureCerts: false, browserName: chrome, browserVersion: 96.0.4664.110, chrome: {chromedriverVersion: 95.0.4638.17 (a9d0719444d4b..., userDataDir: C:\Users\MDH\AppData\Local\...}, goog:chromeOptions: {debuggerAddress: localhost:51305}, javascriptEnabled: true, networkConnectionEnabled: false, pageLoadStrategy: normal, platform: WINDOWS, platformName: WINDOWS, proxy: Proxy(), setWindowRect: true, strictFileInteractability: false, timeouts: {implicit: 0, pageLoad: 300000, script: 30000}, unhandledPromptBehavior: dismiss and notify, webauthn:extension:credBlob: true, webauthn:extension:largeBlob: true, webauthn:virtualAuthenticators: true}
Session ID: 5c756a1de1c7551212872955d937b26e
	at org.openqa.selenium.remote.http.W3CHttpResponseCodec.createException(W3CHttpResponseCodec.java:187)
	at org.openqa.selenium.remote.http.W3CHttpResponseCodec.decode(W3CHttpResponseCodec.java:122)
	at org.openqa.selenium.remote.http.W3CHttpResponseCodec.decode(W3CHttpResponseCodec.java:49)
	at org.openqa.selenium.remote.HttpCommandExecutor.execute(HttpCommandExecutor.java:158)
	at org.openqa.selenium.remote.service.DriverCommandExecutor.execute(DriverCommandExecutor.java:83)
	at org.openqa.selenium.remote.RemoteWebDriver.execute(RemoteWebDriver.java:552)
	at com.kms.katalon.selenium.driver.CChromeDriver.execute(CChromeDriver.java:19)
	at org.openqa.selenium.remote.RemoteWebElement.execute(RemoteWebElement.java:285)
	at org.openqa.selenium.remote.RemoteWebElement.clear(RemoteWebElement.java:124)
	at org.openqa.selenium.support.events.EventFiringWebDriver$EventFiringWebElement.lambda$new$0(EventFiringWebDriver.java:404)
	at com.sun.proxy.$Proxy11.clear(Unknown Source)
	at org.openqa.selenium.support.events.EventFiringWebDriver$EventFiringWebElement.clear(EventFiringWebDriver.java:436)
	at com.kms.katalon.core.webui.keyword.builtin.SetTextKeyword$_setText_closure1.doCall(SetTextKeyword.groovy:53)
	at com.kms.katalon.core.webui.keyword.builtin.SetTextKeyword$_setText_closure1.call(SetTextKeyword.groovy)
	at com.kms.katalon.core.webui.keyword.internal.WebUIKeywordMain.runKeyword(WebUIKeywordMain.groovy:20)
	... 19 more]]></system-err>
   </testsuite>
</testsuites>
